01:55:36.346 [Main.Main.main()         ] DEBUG Logger               - Configured Logger
01:55:36.403 [Main.Main.main()         ] DEBUG GameApplication      - Logging settings
Title: Penguin_Kitchen
Version: 1.0
Width: 600
Height: 800
Fullscreen: false
Intro: false
Profiling: false
Single step:false
App Mode: DEVELOPER
Menu Key: ESCAPE
Stage Style: DECORATED
Scene Factory: class com.almasb.fxgl.app.scene.SceneFactory

01:55:37.076 [JavaFX Application Thread] DEBUG FXGLApplication      - Initializing FXGL
01:55:37.084 [JavaFX Application Thread] INFO  Engine               - FXGL-17.3 (30.03.2023 11.49) on LINUX (J:21.0.5 FX:20)
01:55:37.085 [JavaFX Application Thread] DEBUG Engine               - JRE Vendor Name: Red Hat, Inc.
01:55:37.086 [JavaFX Application Thread] DEBUG Engine               - Running on OS: Linux version 6.11.8-200.fc40.x86_64
01:55:37.086 [JavaFX Application Thread] DEBUG Engine               - Architecture: amd64
01:55:37.086 [JavaFX Application Thread] INFO  Engine               - Source code and latest versions at: https://github.com/AlmasB/FXGL
01:55:37.087 [JavaFX Application Thread] INFO  Engine               -       Ask questions and discuss at: https://github.com/AlmasB/FXGL/discussions
01:55:37.087 [JavaFX Application Thread] INFO  Engine               -              Join the FXGL chat at: https://gitter.im/AlmasB/FXGL
01:55:37.509 [JavaFX Application Thread] DEBUG PrimaryStageWindow   - Creating a JavaFX scene
01:55:37.510 [JavaFX Application Thread] DEBUG PrimaryStageWindow   - Target size > screen size
01:55:37.787 [JavaFX Application Thread] DEBUG PrimaryStageWindow   - Target settings size: 600.0 x 800.0
01:55:37.788 [JavaFX Application Thread] DEBUG PrimaryStageWindow   - Scaled scene size:    527.0 x 736.0
01:55:37.788 [JavaFX Application Thread] DEBUG PrimaryStageWindow   - Scaled ratio: (0.8783333333333333, 0.92)
01:55:37.792 [JavaFX Application Thread] DEBUG PrimaryStageWindow   - Set initial scene to FXGLStartupScene
01:55:37.803 [JavaFX Application Thread] DEBUG PrimaryStageWindow   - Opening main window
01:55:38.020 [JavaFX Application Thread] DEBUG PrimaryStageWindow   - Window border size: (8.0, 38.0)
01:55:38.021 [JavaFX Application Thread] DEBUG PrimaryStageWindow   - Scaled size: 527.0 x 736.0
01:55:38.021 [JavaFX Application Thread] DEBUG PrimaryStageWindow   - Scaled ratio: (0.8783333333333333, 0.92)
01:55:38.022 [JavaFX Application Thread] DEBUG PrimaryStageWindow   - Scene size: 527.0 x 736.0
01:55:38.023 [JavaFX Application Thread] DEBUG PrimaryStageWindow   - Stage size: 535.0 x 774.0
01:55:38.039 [FXGL Background Thread 1 ] DEBUG Engine               - Initializing environment variables
01:55:38.161 [FXGL Background Thread 1 ] DEBUG FXGLAssetLoaderServi - User app class for loading assets: class Main.Main
01:55:38.161 [FXGL Background Thread 1 ] DEBUG GameApplicationServi - Applying CSS: fxgl_dark.css
01:55:38.165 [FXGL Background Thread 1 ] DEBUG FXGLAssetLoaderServi - Loading from file system: jar:file:/home/diego/.m2/repository/com/github/almasb/fxgl/17.3/fxgl-17.3.jar!/fxglassets/ui/css/fxgl_dark.css
01:55:38.372 [FXGL Background Thread 1 ] DEBUG GameApplicationServi - Initializing application scenes
01:55:38.681 [FXGL Background Thread 1 ] DEBUG GameWorld            - Game world initialized
01:55:38.950 [FXGL Background Thread 1 ] DEBUG PhysicsWorld         - Physics world initialized: appHeight=800, physics.ppm=50.0
01:55:38.951 [FXGL Background Thread 1 ] DEBUG PhysicsWorld         - Using strategy: BRUTE_FORCE
01:55:38.978 [FXGL Background Thread 1 ] DEBUG GameScene            - Game scene initialized: 600x800
01:55:39.061 [FXGL Background Thread 1 ] WARN  FXGL.DefaultMenu     - FXGLDefaultMenu is not designed for resolutions < 800x600
01:55:39.062 [FXGL Background Thread 1 ] DEBUG FXGL.DefaultMenu     - createMenuBodyGameMenu()
01:55:39.195 [FXGL Background Thread 1 ] DEBUG FXGL.DefaultMenu     - createOptionsMenu()
01:55:39.252 [FXGL Background Thread 1 ] DEBUG FXGLAssetLoaderServi - Loading from file system: jar:file:/home/diego/.m2/repository/com/github/almasb/fxgl/17.3/fxgl-17.3.jar!/fxglassets/textures/particles/smoke.png
01:55:39.773 [FXGL Background Thread 1 ] DEBUG FXGLAssetLoaderServi - Loading from file system: jar:file:/home/diego/.m2/repository/com/github/almasb/fxgl/17.3/fxgl-17.3.jar!/fxglassets/textures/particles/trace_horizontal.png
01:55:39.867 [FXGL Background Thread 1 ] DEBUG GameApplicationServi - Application scenes initialized
01:55:39.920 [FXGL Background Thread 1 ] DEBUG SystemBundleService  - Loading FXGL system data
01:55:39.937 [FXGL Background Thread 1 ] DEBUG FileSystemAccess     - Reading from: /home/diego/Documentos/concurrente/Restaurant/dario/Penguin_kitchen/system/fxgl.bundle
01:55:39.966 [FXGL Background Thread 1 ] DEBUG SystemBundleService  - Bundle FXGL: {}
01:55:39.966 [FXGL Background Thread 1 ] DEBUG UpdaterService       - Checking for updates
01:55:39.990 [FXGL Background Thread 4 ] DEBUG FXGLApplication      - Loading fonts
01:55:39.991 [FXGL Background Thread 4 ] DEBUG FXGLAssetLoaderServi - Loading from file system: jar:file:/home/diego/.m2/repository/com/github/almasb/fxgl/17.3/fxgl-17.3.jar!/fxglassets/ui/fonts/VarelaRound-Regular.ttf
01:55:39.993 [FXGL Background Thread 1 ] DEBUG FXGLApplication      - Loading default localization
01:55:39.999 [FXGL Background Thread 1 ] DEBUG FXGLAssetLoaderServi - Loading from file system: jar:file:/home/diego/.m2/repository/com/github/almasb/fxgl/17.3/fxgl-17.3.jar!/fxglassets/languages/english.lang
01:55:40.039 [FXGL Background Thread 4 ] DEBUG FXGLAssetLoaderServi - Loading from file system: jar:file:/home/diego/.m2/repository/com/github/almasb/fxgl/17.3/fxgl-17.3.jar!/fxglassets/ui/fonts/Abel-Regular.ttf
01:55:40.048 [FXGL Background Thread 4 ] DEBUG FXGLAssetLoaderServi - Loading from file system: jar:file:/home/diego/.m2/repository/com/github/almasb/fxgl/17.3/fxgl-17.3.jar!/fxglassets/ui/fonts/TerminalLandMono-Regular.otf
01:55:40.063 [FXGL Background Thread 4 ] DEBUG FXGLAssetLoaderServi - Loading from file system: jar:file:/home/diego/.m2/repository/com/github/almasb/fxgl/17.3/fxgl-17.3.jar!/fxglassets/ui/fonts/Courier-Prime.ttf
01:55:40.075 [FXGL Background Thread 1 ] INFO  FXGLApplication      - FXGL initialization took: 2.036 sec
01:55:40.088 [JavaFX Application Thread] DEBUG FXGLAssetLoaderServi - Loading from file system: jar:file:/home/diego/.m2/repository/com/github/almasb/fxgl/17.3/fxgl-17.3.jar!/fxglassets/textures/fxgl_icon.png
01:55:40.231 [JavaFX Application Thread] DEBUG FXGLAssetLoaderServi - Loading from file system: jar:file:/home/diego/.m2/repository/com/github/almasb/fxgl/17.3/fxgl-17.3.jar!/fxglassets/textures/fxgl_default_cursor.png
01:55:40.284 [JavaFX Application Thread] DEBUG Input                - Registered new binding: Screenshot - CTRL+8
01:55:40.285 [JavaFX Application Thread] DEBUG Input                - Registered new binding: System info dump - CTRL+9
01:55:40.290 [JavaFX Application Thread] DEBUG Input                - Registered new binding: Restart - CTRL+R
01:55:40.295 [JavaFX Application Thread] DEBUG Input                - Registered new binding: Toggle Debug Camera - CTRL+7
01:55:40.313 [JavaFX Application Thread] DEBUG LoopRunner           - Starting loop
01:55:40.314 [JavaFX Application Thread] DEBUG LoopRunner           - Initializing JavaFX AnimationTimerLoop
01:55:40.324 [JavaFX Application Thread] DEBUG GameApplicationServi - Starting new game
01:55:40.326 [JavaFX Application Thread] DEBUG Input                - Clearing active input actions
01:55:40.411 [JavaFX Application Thread] DEBUG GameApplicationServi - Removing overlay from FXGLStartupScene and adding to FXGLLoadingScene
01:55:40.417 [JavaFX Application Thread] DEBUG PrimaryStageWindow   - FXGLStartupScene -> FXGLLoadingScene
01:55:40.417 [JavaFX Application Thread] DEBUG GameApplicationServi - Clearing previous game
01:55:40.417 [JavaFX Application Thread] DEBUG GameScene            - Clearing game scene
01:55:40.418 [JavaFX Application Thread] DEBUG GameWorld            - Clearing game world
01:55:40.418 [JavaFX Application Thread] DEBUG PhysicsWorld         - Clearing physics world
01:55:40.427 [FXGL Background Thread 4 ] DEBUG FXGLApplication      - Initializing game
01:55:40.433 [JavaFX Application Thread] DEBUG FXGLApplication      - Registering font factories with UI factory
01:55:40.439 [FXGL Background Thread 4 ] DEBUG FXGLAssetLoaderServi - Loading from file system: file:/home/diego/Documentos/concurrente/Restaurant/dario/Penguin_kitchen/target/classes/assets/textures/fondo.png
01:55:40.599 [FXGL Background Thread 4 ] DEBUG FXGLAssetLoaderServi - Loading from file system: file:/home/diego/Documentos/concurrente/Restaurant/dario/Penguin_kitchen/target/classes/assets/textures/chef.png
01:55:40.725 [FXGL Background Thread 4 ] DEBUG FXGLAssetLoaderServi - Loading from file system: file:/home/diego/Documentos/concurrente/Restaurant/dario/Penguin_kitchen/target/classes/assets/textures/recepcionista.png
01:55:40.883 [FXGL Background Thread 4 ] WARN  FXGLAssetLoaderServi - Asset "/assets/textures/mesa.png" was not found!
01:55:40.889 [FXGL Background Thread 4 ] WARN  FXGLAssetLoaderServi - Failed to load IMAGE
01:55:41.131 [FXGL Background Thread 4 ] WARN  FXGLAssetLoaderServi - Asset "/assets/textures/mesa.png" was not found!
01:55:41.132 [FXGL Background Thread 4 ] WARN  FXGLAssetLoaderServi - Failed to load IMAGE
01:55:41.137 [FXGL Background Thread 4 ] WARN  FXGLAssetLoaderServi - Asset "/assets/textures/mesa.png" was not found!
01:55:41.138 [FXGL Background Thread 4 ] WARN  FXGLAssetLoaderServi - Failed to load IMAGE
01:55:41.142 [FXGL Background Thread 4 ] WARN  FXGLAssetLoaderServi - Asset "/assets/textures/mesa.png" was not found!
01:55:41.143 [FXGL Background Thread 4 ] WARN  FXGLAssetLoaderServi - Failed to load IMAGE
01:55:41.147 [FXGL Background Thread 4 ] WARN  FXGLAssetLoaderServi - Asset "/assets/textures/mesa.png" was not found!
01:55:41.148 [FXGL Background Thread 4 ] WARN  FXGLAssetLoaderServi - Failed to load IMAGE
01:55:41.151 [FXGL Background Thread 4 ] WARN  FXGLAssetLoaderServi - Asset "/assets/textures/mesa.png" was not found!
01:55:41.152 [FXGL Background Thread 4 ] WARN  FXGLAssetLoaderServi - Failed to load IMAGE
01:55:41.156 [FXGL Background Thread 4 ] WARN  FXGLAssetLoaderServi - Asset "/assets/textures/mesa.png" was not found!
01:55:41.156 [FXGL Background Thread 4 ] WARN  FXGLAssetLoaderServi - Failed to load IMAGE
01:55:41.159 [FXGL Background Thread 4 ] WARN  FXGLAssetLoaderServi - Asset "/assets/textures/mesa.png" was not found!
01:55:41.160 [FXGL Background Thread 4 ] WARN  FXGLAssetLoaderServi - Failed to load IMAGE
01:55:41.164 [FXGL Background Thread 4 ] WARN  FXGLAssetLoaderServi - Asset "/assets/textures/mesa.png" was not found!
01:55:41.165 [FXGL Background Thread 4 ] WARN  FXGLAssetLoaderServi - Failed to load IMAGE
01:55:41.169 [FXGL Background Thread 4 ] WARN  FXGLAssetLoaderServi - Asset "/assets/textures/mesa.png" was not found!
01:55:41.170 [FXGL Background Thread 4 ] WARN  FXGLAssetLoaderServi - Failed to load IMAGE
01:55:41.174 [FXGL Background Thread 4 ] WARN  FXGLAssetLoaderServi - Asset "/assets/textures/mesa.png" was not found!
01:55:41.175 [FXGL Background Thread 4 ] WARN  FXGLAssetLoaderServi - Failed to load IMAGE
01:55:41.180 [FXGL Background Thread 4 ] WARN  FXGLAssetLoaderServi - Asset "/assets/textures/mesa.png" was not found!
01:55:41.181 [FXGL Background Thread 4 ] WARN  FXGLAssetLoaderServi - Failed to load IMAGE
01:55:41.195 [FXGL Background Thread 4 ] DEBUG FXGLAssetLoaderServi - Loading from file system: file:/home/diego/Documentos/concurrente/Restaurant/dario/Penguin_kitchen/target/classes/assets/textures/mesero.png
01:55:41.521 [FXGL Background Thread 4 ] INFO  FXGLApplication      - Game initialization took: 1.093 sec
01:55:41.525 [JavaFX Application Thread] DEBUG Input                - Clearing active input actions
01:55:41.568 [JavaFX Application Thread] DEBUG GameApplicationServi - Removing overlay from FXGLLoadingScene and adding to GameScene
01:55:41.569 [JavaFX Application Thread] DEBUG PrimaryStageWindow   - FXGLLoadingScene -> GameScene
01:55:42.099 [FXGL Background Thread 2 ] INFO  UpdaterService       - Your current version:  17.3
01:55:42.101 [FXGL Background Thread 2 ] INFO  UpdaterService       - Latest stable version: 21.1
01:55:42.982 [FXGL Background Thread 3 ] DEBUG Engine               - Logging environment variables
01:55:42.984 [FXGL Background Thread 3 ] DEBUG Engine               - achievements: []
01:55:42.985 [FXGL Background Thread 3 ] DEBUG Engine               - actualHeight: 698.0
01:55:42.986 [FXGL Background Thread 3 ] DEBUG Engine               - actualHeightProperty: ReadOnlyDoubleProperty [value: 731.0]
01:55:42.986 [FXGL Background Thread 3 ] DEBUG Engine               - actualWidth: 527.0
01:55:42.986 [FXGL Background Thread 3 ] DEBUG Engine               - actualWidthProperty: ReadOnlyDoubleProperty [value: 527.0]
01:55:42.987 [FXGL Background Thread 3 ] DEBUG Engine               - appIcon: fxgl_icon.png
01:55:42.987 [FXGL Background Thread 3 ] DEBUG Engine               - applicationMode: DEVELOPER
01:55:42.987 [FXGL Background Thread 3 ] DEBUG Engine               - cSSList: [fxgl_dark.css]
01:55:42.988 [FXGL Background Thread 3 ] DEBUG Engine               - collisionDetectionStrategy: BRUTE_FORCE
01:55:42.988 [FXGL Background Thread 3 ] DEBUG Engine               - configClass: Optional.empty
01:55:42.988 [FXGL Background Thread 3 ] DEBUG Engine               - credits: []
01:55:42.990 [FXGL Background Thread 3 ] DEBUG Engine               - defaultCursor: CursorInfo(imageName=fxgl_default_cursor.png, hotspotX=7.0, hotspotY=6.0)
01:55:42.992 [FXGL Background Thread 3 ] DEBUG Engine               - devBBoxColorProperty: ObjectProperty [value: 0xff0000ff]
01:55:42.993 [FXGL Background Thread 3 ] DEBUG Engine               - devEnableDebugCameraProperty: BooleanProperty [value: false]
01:55:42.993 [FXGL Background Thread 3 ] DEBUG Engine               - devSensorColorProperty: ObjectProperty [value: 0xffff00ff]
01:55:42.994 [FXGL Background Thread 3 ] DEBUG Engine               - devShowBBoxProperty: BooleanProperty [value: false]
01:55:42.994 [FXGL Background Thread 3 ] DEBUG Engine               - devShowPositionProperty: BooleanProperty [value: false]
01:55:42.994 [FXGL Background Thread 3 ] DEBUG Engine               - enabledMenuItems: []
01:55:42.995 [FXGL Background Thread 3 ] DEBUG Engine               - engineServices: [class com.almasb.fxgl.app.services.FXGLAssetLoaderService, class com.almasb.fxgl.app.FXGLApplication$GameApplicationService, class com.almasb.fxgl.app.services.FXGLDialogService, class com.almasb.fxgl.app.services.IOTaskExecutorService, class com.almasb.fxgl.io.FileSystemService, class com.almasb.fxgl.localization.LocalizationService, class com.almasb.fxgl.app.services.SystemBundleService, class com.almasb.fxgl.profile.SaveLoadService, class com.almasb.fxgl.ui.FXGLUIFactoryServiceProvider, class com.almasb.fxgl.ui.FXGLDialogFactoryServiceProvider, class com.almasb.fxgl.audio.AudioPlayer, class com.almasb.fxgl.notification.impl.NotificationServiceProvider, class com.almasb.fxgl.achievement.AchievementService, class com.almasb.fxgl.cutscene.CutsceneService, class com.almasb.fxgl.minigames.MiniGameService, class com.almasb.fxgl.net.NetService, class com.almasb.fxgl.app.services.UpdaterService, class com.almasb.fxgl.dev.DevService]
01:55:42.995 [FXGL Background Thread 3 ] DEBUG Engine               - fontGame: Abel-Regular.ttf
01:55:42.996 [FXGL Background Thread 3 ] DEBUG Engine               - fontMono: TerminalLandMono-Regular.otf
01:55:42.996 [FXGL Background Thread 3 ] DEBUG Engine               - fontSizeScaleUI: 1.0
01:55:42.996 [FXGL Background Thread 3 ] DEBUG Engine               - fontText: Courier-Prime.ttf
01:55:42.996 [FXGL Background Thread 3 ] DEBUG Engine               - fontUI: VarelaRound-Regular.ttf
01:55:42.997 [FXGL Background Thread 3 ] DEBUG Engine               - fullScreen: BooleanProperty [value: false]
01:55:42.997 [FXGL Background Thread 3 ] DEBUG Engine               - gameDifficulty: MEDIUM
01:55:42.998 [FXGL Background Thread 3 ] DEBUG Engine               - gameDifficultyProperty: ObjectProperty [value: MEDIUM]
01:55:42.998 [FXGL Background Thread 3 ] DEBUG Engine               - globalMusicVolume: 0.5
01:55:42.999 [FXGL Background Thread 3 ] DEBUG Engine               - globalMusicVolumeProperty: DoubleProperty [value: 0.5]
01:55:42.999 [FXGL Background Thread 3 ] DEBUG Engine               - globalSoundVolume: 0.5
01:55:42.999 [FXGL Background Thread 3 ] DEBUG Engine               - globalSoundVolumeProperty: DoubleProperty [value: 0.5]
01:55:43.000 [FXGL Background Thread 3 ] DEBUG Engine               - height: 800
01:55:43.000 [FXGL Background Thread 3 ] DEBUG Engine               - is3D: false
01:55:43.000 [FXGL Background Thread 3 ] DEBUG Engine               - isAndroid: false
01:55:43.001 [FXGL Background Thread 3 ] DEBUG Engine               - isBrowser: false
01:55:43.001 [FXGL Background Thread 3 ] DEBUG Engine               - isClickFeedbackEnabled: false
01:55:43.001 [FXGL Background Thread 3 ] DEBUG Engine               - isCloseConfirmation: false
01:55:43.002 [FXGL Background Thread 3 ] DEBUG Engine               - isDesktop: true
01:55:43.002 [FXGL Background Thread 3 ] DEBUG Engine               - isDeveloperMenuEnabled: false
01:55:43.002 [FXGL Background Thread 3 ] DEBUG Engine               - isEmbedded: false
01:55:43.002 [FXGL Background Thread 3 ] DEBUG Engine               - isEntityPreloadEnabled: true
01:55:43.003 [FXGL Background Thread 3 ] DEBUG Engine               - isExperimentalTiledLargeMap: false
01:55:43.003 [FXGL Background Thread 3 ] DEBUG Engine               - isFileSystemWriteAllowed: true
01:55:43.003 [FXGL Background Thread 3 ] DEBUG Engine               - isFullScreenAllowed: false
01:55:43.004 [FXGL Background Thread 3 ] DEBUG Engine               - isFullScreenFromStart: false
01:55:43.004 [FXGL Background Thread 3 ] DEBUG Engine               - isGameMenuEnabled: true
01:55:43.004 [FXGL Background Thread 3 ] DEBUG Engine               - isIOS: false
01:55:43.005 [FXGL Background Thread 3 ] DEBUG Engine               - isIntroEnabled: false
01:55:43.005 [FXGL Background Thread 3 ] DEBUG Engine               - isLinux: true
01:55:43.005 [FXGL Background Thread 3 ] DEBUG Engine               - isMac: false
01:55:43.006 [FXGL Background Thread 3 ] DEBUG Engine               - isMainMenuEnabled: false
01:55:43.006 [FXGL Background Thread 3 ] DEBUG Engine               - isManualResizeEnabled: false
01:55:43.006 [FXGL Background Thread 3 ] DEBUG Engine               - isMobile: false
01:55:43.006 [FXGL Background Thread 3 ] DEBUG Engine               - isNative: false
01:55:43.007 [FXGL Background Thread 3 ] DEBUG Engine               - isPauseMusicWhenMinimized: true
01:55:43.007 [FXGL Background Thread 3 ] DEBUG Engine               - isPreserveResizeRatio: false
01:55:43.007 [FXGL Background Thread 3 ] DEBUG Engine               - isProfilingEnabled: false
01:55:43.008 [FXGL Background Thread 3 ] DEBUG Engine               - isScaleAffectedOnResize: true
01:55:43.008 [FXGL Background Thread 3 ] DEBUG Engine               - isSingleStep: false
01:55:43.008 [FXGL Background Thread 3 ] DEBUG Engine               - isUserProfileEnabled: false
01:55:43.009 [FXGL Background Thread 3 ] DEBUG Engine               - isWindows: false
01:55:43.009 [FXGL Background Thread 3 ] DEBUG Engine               - language: ObjectProperty [value: ENGLISH]
01:55:43.009 [FXGL Background Thread 3 ] DEBUG Engine               - menuKey: ESCAPE
01:55:43.010 [FXGL Background Thread 3 ] DEBUG Engine               - mouseSensitivity: 0.2
01:55:43.010 [FXGL Background Thread 3 ] DEBUG Engine               - notificationViewClass: class com.almasb.fxgl.notification.view.XboxNotificationView
01:55:43.010 [FXGL Background Thread 3 ] DEBUG Engine               - pixelsPerMeter: 50.0
01:55:43.011 [FXGL Background Thread 3 ] DEBUG Engine               - platform: LINUX
01:55:43.012 [FXGL Background Thread 3 ] DEBUG Engine               - prefHeightProperty: ReadOnlyDoubleProperty [value: 800.0]
01:55:43.012 [FXGL Background Thread 3 ] DEBUG Engine               - prefWidthProperty: ReadOnlyDoubleProperty [value: 600.0]
01:55:43.013 [FXGL Background Thread 3 ] DEBUG Engine               - profileDir: profiles/
01:55:43.013 [FXGL Background Thread 3 ] DEBUG Engine               - profileName: StringProperty [value: DEFAULT]
01:55:43.014 [FXGL Background Thread 3 ] DEBUG Engine               - randomSeed: -1
01:55:43.015 [FXGL Background Thread 3 ] DEBUG Engine               - runtimeInfo: RuntimeInfo(platform=LINUX, version=17.3, build=30.03.2023 11.49)
01:55:43.016 [FXGL Background Thread 3 ] DEBUG Engine               - saveFileExt: sav
01:55:43.017 [FXGL Background Thread 3 ] DEBUG Engine               - scaledHeightProp$fxgl: DoubleProperty [bound, value: 731.0]
01:55:43.017 [FXGL Background Thread 3 ] DEBUG Engine               - scaledWidthProp$fxgl: DoubleProperty [bound, value: 527.0]
01:55:43.017 [FXGL Background Thread 3 ] DEBUG Engine               - sceneFactory: com.almasb.fxgl.app.scene.SceneFactory@5088ebc
01:55:43.018 [FXGL Background Thread 3 ] DEBUG Engine               - secondsIn24h: 60
01:55:43.018 [FXGL Background Thread 3 ] DEBUG Engine               - soundMenuBack: menu/back.wav
01:55:43.018 [FXGL Background Thread 3 ] DEBUG Engine               - soundMenuPress: menu/press.wav
01:55:43.018 [FXGL Background Thread 3 ] DEBUG Engine               - soundMenuSelect: menu/select.wav
01:55:43.019 [FXGL Background Thread 3 ] DEBUG Engine               - soundNotification: core/notification.wav
01:55:43.019 [FXGL Background Thread 3 ] DEBUG Engine               - stageStyle: DECORATED
01:55:43.019 [FXGL Background Thread 3 ] DEBUG Engine               - supportedLanguages: [ENGLISH, FRENCH, GERMAN, HUNGARIAN, RUSSIAN]
01:55:43.020 [FXGL Background Thread 3 ] DEBUG Engine               - ticksPerSecond: -1
01:55:43.020 [FXGL Background Thread 3 ] DEBUG Engine               - title: Penguin_Kitchen
01:55:43.020 [FXGL Background Thread 3 ] DEBUG Engine               - urlGithub: https://github.com/AlmasB/FXGL
01:55:43.021 [FXGL Background Thread 3 ] DEBUG Engine               - urlLeaderboard: http://fxgl-top.herokuapp.com/
01:55:43.021 [FXGL Background Thread 3 ] DEBUG Engine               - urlPOM: https://raw.githubusercontent.com/AlmasB/FXGL/release/README.md
01:55:43.021 [FXGL Background Thread 3 ] DEBUG Engine               - userAppClass: class Main.Main
01:55:43.021 [FXGL Background Thread 3 ] DEBUG Engine               - version: 1.0
01:55:43.022 [FXGL Background Thread 3 ] DEBUG Engine               - versionCheckDays: 7
01:55:43.022 [FXGL Background Thread 3 ] DEBUG Engine               - width: 600
01:55:43.022 [FXGL Background Thread 3 ] DEBUG Engine               - Logging services
01:55:43.023 [FXGL Background Thread 3 ] DEBUG Engine               - class com.almasb.fxgl.app.services.FXGLAssetLoaderService
01:55:43.023 [FXGL Background Thread 3 ] DEBUG Engine               - class com.almasb.fxgl.app.FXGLApplication$GameApplicationService
01:55:43.023 [FXGL Background Thread 3 ] DEBUG Engine               - class com.almasb.fxgl.app.services.FXGLDialogService
01:55:43.023 [FXGL Background Thread 3 ] DEBUG Engine               - class com.almasb.fxgl.app.services.IOTaskExecutorService
01:55:43.023 [FXGL Background Thread 3 ] DEBUG Engine               - class com.almasb.fxgl.io.FileSystemService
01:55:43.023 [FXGL Background Thread 3 ] DEBUG Engine               - class com.almasb.fxgl.localization.LocalizationService
01:55:43.023 [FXGL Background Thread 3 ] DEBUG Engine               - class com.almasb.fxgl.app.services.SystemBundleService
01:55:43.024 [FXGL Background Thread 3 ] DEBUG Engine               - class com.almasb.fxgl.profile.SaveLoadService
01:55:43.024 [FXGL Background Thread 3 ] DEBUG Engine               - class com.almasb.fxgl.ui.FXGLUIFactoryServiceProvider
01:55:43.024 [FXGL Background Thread 3 ] DEBUG Engine               - class com.almasb.fxgl.ui.FXGLDialogFactoryServiceProvider
01:55:43.024 [FXGL Background Thread 3 ] DEBUG Engine               - class com.almasb.fxgl.audio.AudioPlayer
01:55:43.024 [FXGL Background Thread 3 ] DEBUG Engine               - class com.almasb.fxgl.notification.impl.NotificationServiceProvider
01:55:43.025 [FXGL Background Thread 3 ] DEBUG Engine               - class com.almasb.fxgl.achievement.AchievementService
01:55:43.025 [FXGL Background Thread 3 ] DEBUG Engine               - class com.almasb.fxgl.cutscene.CutsceneService
01:55:43.025 [FXGL Background Thread 3 ] DEBUG Engine               - class com.almasb.fxgl.minigames.MiniGameService
01:55:43.025 [FXGL Background Thread 3 ] DEBUG Engine               - class com.almasb.fxgl.net.NetService
01:55:43.025 [FXGL Background Thread 3 ] DEBUG Engine               - class com.almasb.fxgl.app.services.UpdaterService
01:55:43.026 [FXGL Background Thread 3 ] DEBUG Engine               - class com.almasb.fxgl.dev.DevService
01:55:43.710 [JavaFX Application Thread] DEBUG FXGLAssetLoaderServi - Loading from file system: file:/home/diego/Documentos/concurrente/Restaurant/dario/Penguin_kitchen/target/classes/assets/textures/cliente.png
01:55:46.212 [JavaFX Application Thread] DEBUG FXGLAssetLoaderServi - Loading from file system: file:/home/diego/Documentos/concurrente/Restaurant/dario/Penguin_kitchen/target/classes/assets/textures/clienta.png
01:55:48.885 [JavaFX Application Thread] WARN  FXGLAssetLoaderServi - Asset "/assets/textures/food.png" was not found!
01:55:48.886 [JavaFX Application Thread] WARN  FXGLAssetLoaderServi - Failed to load IMAGE
01:55:55.897 [JavaFX Application Thread] WARN  FXGLAssetLoaderServi - Asset "/assets/textures/food.png" was not found!
01:55:55.898 [JavaFX Application Thread] WARN  FXGLAssetLoaderServi - Failed to load IMAGE
01:56:02.906 [JavaFX Application Thread] WARN  FXGLAssetLoaderServi - Asset "/assets/textures/food.png" was not found!
01:56:02.907 [JavaFX Application Thread] WARN  FXGLAssetLoaderServi - Failed to load IMAGE
01:56:09.915 [JavaFX Application Thread] WARN  FXGLAssetLoaderServi - Asset "/assets/textures/food.png" was not found!
01:56:09.916 [JavaFX Application Thread] WARN  FXGLAssetLoaderServi - Failed to load IMAGE
01:56:15.936 [JavaFX Application Thread] DEBUG FXGLApplication      - Exiting FXGL
01:56:15.937 [JavaFX Application Thread] DEBUG LoopRunner           - Stopping loop
01:56:15.937 [JavaFX Application Thread] DEBUG SystemBundleService  - Saving FXGL system data
01:56:15.944 [JavaFX Application Thread] DEBUG FileSystemAccess     - Writing to: /home/diego/Documentos/concurrente/Restaurant/dario/Penguin_kitchen/system/fxgl.bundle
01:56:15.952 [JavaFX Application Thread] DEBUG Async                - Shutting down background threads
01:56:15.952 [JavaFX Application Thread] DEBUG PrimaryStageWindow   - Closing main window
01:56:15.960 [JavaFX Application Thread] DEBUG Logger               - Closing Logger
