06:18:48.882 [main                     ] DEBUG Logger               - Configured Logger
06:18:48.896 [main                     ] DEBUG GameApplication      - Logging settings
Title: Penguin_Kitchen
Version: 1.0
Width: 600
Height: 800
Fullscreen: false
Intro: false
Profiling: false
Single step:false
App Mode: DEVELOPER
Menu Key: ESCAPE
Stage Style: DECORATED
Scene Factory: class com.almasb.fxgl.app.scene.SceneFactory

06:18:54.076 [JavaFX Application Thread] DEBUG FXGLApplication      - Initializing FXGL
06:18:54.079 [JavaFX Application Thread] INFO  Engine               - FXGL-17.3 (30.03.2023 11.49) on MAC (J:17.0.13 FX:20)
06:18:54.079 [JavaFX Application Thread] DEBUG Engine               - JRE Vendor Name: Amazon.com Inc.
06:18:54.079 [JavaFX Application Thread] DEBUG Engine               - Running on OS: Mac OS X version 15.0
06:18:54.079 [JavaFX Application Thread] DEBUG Engine               - Architecture: aarch64
06:18:54.079 [JavaFX Application Thread] INFO  Engine               - Source code and latest versions at: https://github.com/AlmasB/FXGL
06:18:54.079 [JavaFX Application Thread] INFO  Engine               -       Ask questions and discuss at: https://github.com/AlmasB/FXGL/discussions
06:18:54.080 [JavaFX Application Thread] INFO  Engine               -              Join the FXGL chat at: https://gitter.im/AlmasB/FXGL
06:18:54.120 [JavaFX Application Thread] DEBUG PrimaryStageWindow   - Creating a JavaFX scene
06:18:54.135 [JavaFX Application Thread] DEBUG PrimaryStageWindow   - Target settings size: 600.0 x 800.0
06:18:54.135 [JavaFX Application Thread] DEBUG PrimaryStageWindow   - Scaled scene size:    600.0 x 800.0
06:18:54.135 [JavaFX Application Thread] DEBUG PrimaryStageWindow   - Scaled ratio: (1.0, 1.0)
06:18:54.135 [JavaFX Application Thread] DEBUG PrimaryStageWindow   - Set initial scene to FXGLStartupScene
06:18:54.136 [JavaFX Application Thread] DEBUG PrimaryStageWindow   - Opening main window
06:18:54.174 [JavaFX Application Thread] DEBUG PrimaryStageWindow   - Window border size: (0.0, 28.0)
06:18:54.174 [JavaFX Application Thread] DEBUG PrimaryStageWindow   - Scaled size: 600.0 x 800.0
06:18:54.174 [JavaFX Application Thread] DEBUG PrimaryStageWindow   - Scaled ratio: (1.0, 1.0)
06:18:54.174 [JavaFX Application Thread] DEBUG PrimaryStageWindow   - Scene size: 600.0 x 800.0
06:18:54.174 [JavaFX Application Thread] DEBUG PrimaryStageWindow   - Stage size: 600.0 x 828.0
06:18:54.176 [FXGL Background Thread 1 ] DEBUG Engine               - Initializing environment variables
06:18:54.186 [FXGL Background Thread 1 ] DEBUG FXGLAssetLoaderServi - User app class for loading assets: class Main.Main
06:18:54.186 [FXGL Background Thread 1 ] DEBUG GameApplicationServi - Applying CSS: fxgl_dark.css
06:18:54.187 [FXGL Background Thread 1 ] DEBUG FXGLAssetLoaderServi - Loading from file system: jar:file:/Users/dariohg/.m2/repository/com/github/almasb/fxgl/17.3/fxgl-17.3.jar!/fxglassets/ui/css/fxgl_dark.css
06:18:54.205 [FXGL Background Thread 1 ] DEBUG GameApplicationServi - Initializing application scenes
06:18:54.326 [FXGL Background Thread 1 ] DEBUG GameWorld            - Game world initialized
06:18:54.342 [FXGL Background Thread 1 ] DEBUG PhysicsWorld         - Physics world initialized: appHeight=800, physics.ppm=50.0
06:18:54.342 [FXGL Background Thread 1 ] DEBUG PhysicsWorld         - Using strategy: BRUTE_FORCE
06:18:54.344 [FXGL Background Thread 1 ] DEBUG GameScene            - Game scene initialized: 600x800
06:18:54.347 [FXGL Background Thread 1 ] WARN  FXGL.DefaultMenu     - FXGLDefaultMenu is not designed for resolutions < 800x600
06:18:54.347 [FXGL Background Thread 1 ] DEBUG FXGL.DefaultMenu     - createMenuBodyGameMenu()
06:18:54.354 [FXGL Background Thread 1 ] DEBUG FXGL.DefaultMenu     - createOptionsMenu()
06:18:54.357 [FXGL Background Thread 1 ] DEBUG FXGLAssetLoaderServi - Loading from file system: jar:file:/Users/dariohg/.m2/repository/com/github/almasb/fxgl/17.3/fxgl-17.3.jar!/fxglassets/textures/particles/smoke.png
06:18:54.392 [FXGL Background Thread 1 ] DEBUG FXGLAssetLoaderServi - Loading from file system: jar:file:/Users/dariohg/.m2/repository/com/github/almasb/fxgl/17.3/fxgl-17.3.jar!/fxglassets/textures/particles/trace_horizontal.png
06:18:54.402 [FXGL Background Thread 1 ] DEBUG GameApplicationServi - Application scenes initialized
06:18:54.406 [FXGL Background Thread 1 ] DEBUG SystemBundleService  - Loading FXGL system data
06:18:54.407 [FXGL Background Thread 1 ] DEBUG FileSystemAccess     - Reading from: /Users/dariohg/Documents/Simulador/Penguin_kitchen/system/fxgl.bundle
06:18:54.410 [FXGL Background Thread 1 ] DEBUG SystemBundleService  - Bundle FXGL: {}
06:18:54.410 [FXGL Background Thread 1 ] DEBUG UpdaterService       - Checking for updates
06:18:54.412 [FXGL Background Thread 4 ] DEBUG FXGLApplication      - Loading fonts
06:18:54.412 [FXGL Background Thread 1 ] DEBUG FXGLApplication      - Loading default localization
06:18:54.412 [FXGL Background Thread 1 ] DEBUG FXGLAssetLoaderServi - Loading from file system: jar:file:/Users/dariohg/.m2/repository/com/github/almasb/fxgl/17.3/fxgl-17.3.jar!/fxglassets/languages/english.lang
06:18:54.412 [FXGL Background Thread 4 ] DEBUG FXGLAssetLoaderServi - Loading from file system: jar:file:/Users/dariohg/.m2/repository/com/github/almasb/fxgl/17.3/fxgl-17.3.jar!/fxglassets/ui/fonts/VarelaRound-Regular.ttf
06:18:54.419 [FXGL Background Thread 1 ] INFO  FXGLApplication      - FXGL initialization took: 0.243 sec
06:18:54.419 [FXGL Background Thread 4 ] DEBUG FXGLAssetLoaderServi - Loading from file system: jar:file:/Users/dariohg/.m2/repository/com/github/almasb/fxgl/17.3/fxgl-17.3.jar!/fxglassets/ui/fonts/Abel-Regular.ttf
06:18:54.419 [JavaFX Application Thread] DEBUG FXGLAssetLoaderServi - Loading from file system: jar:file:/Users/dariohg/.m2/repository/com/github/almasb/fxgl/17.3/fxgl-17.3.jar!/fxglassets/textures/fxgl_icon.png
06:18:54.420 [FXGL Background Thread 4 ] DEBUG FXGLAssetLoaderServi - Loading from file system: jar:file:/Users/dariohg/.m2/repository/com/github/almasb/fxgl/17.3/fxgl-17.3.jar!/fxglassets/ui/fonts/TerminalLandMono-Regular.otf
06:18:54.422 [FXGL Background Thread 4 ] DEBUG FXGLAssetLoaderServi - Loading from file system: jar:file:/Users/dariohg/.m2/repository/com/github/almasb/fxgl/17.3/fxgl-17.3.jar!/fxglassets/ui/fonts/Courier-Prime.ttf
06:18:54.431 [JavaFX Application Thread] DEBUG FXGLAssetLoaderServi - Loading from file system: jar:file:/Users/dariohg/.m2/repository/com/github/almasb/fxgl/17.3/fxgl-17.3.jar!/fxglassets/textures/fxgl_default_cursor.png
06:18:54.435 [JavaFX Application Thread] DEBUG Input                - Registered new binding: Screenshot - CTRL+8
06:18:54.435 [JavaFX Application Thread] DEBUG Input                - Registered new binding: System info dump - CTRL+9
06:18:54.436 [JavaFX Application Thread] DEBUG Input                - Registered new binding: Restart - CTRL+R
06:18:54.436 [JavaFX Application Thread] DEBUG Input                - Registered new binding: Toggle Debug Camera - CTRL+7
06:18:54.436 [JavaFX Application Thread] DEBUG LoopRunner           - Starting loop
06:18:54.436 [JavaFX Application Thread] DEBUG LoopRunner           - Initializing JavaFX AnimationTimerLoop
06:18:54.437 [JavaFX Application Thread] DEBUG GameApplicationServi - Starting new game
06:18:54.437 [JavaFX Application Thread] DEBUG Input                - Clearing active input actions
06:18:54.441 [JavaFX Application Thread] DEBUG GameApplicationServi - Removing overlay from FXGLStartupScene and adding to FXGLLoadingScene
06:18:54.441 [JavaFX Application Thread] DEBUG PrimaryStageWindow   - FXGLStartupScene -> FXGLLoadingScene
06:18:54.441 [JavaFX Application Thread] DEBUG GameApplicationServi - Clearing previous game
06:18:54.441 [JavaFX Application Thread] DEBUG GameScene            - Clearing game scene
06:18:54.441 [JavaFX Application Thread] DEBUG GameWorld            - Clearing game world
06:18:54.441 [JavaFX Application Thread] DEBUG PhysicsWorld         - Clearing physics world
06:18:54.441 [FXGL Background Thread 4 ] DEBUG FXGLApplication      - Initializing game
06:18:54.442 [FXGL Background Thread 4 ] DEBUG FXGLAssetLoaderServi - Loading from file system: file:/Users/dariohg/Documents/Simulador/Penguin_kitchen/target/classes/assets/textures/fondo.png
06:18:54.444 [JavaFX Application Thread] DEBUG FXGLApplication      - Registering font factories with UI factory
06:18:54.457 [FXGL Background Thread 4 ] DEBUG FXGLAssetLoaderServi - Loading from file system: file:/Users/dariohg/Documents/Simulador/Penguin_kitchen/target/classes/assets/textures/CHEF.PNG
06:18:54.478 [FXGL Background Thread 4 ] DEBUG FXGLAssetLoaderServi - Loading from file system: file:/Users/dariohg/Documents/Simulador/Penguin_kitchen/target/classes/assets/textures/RECEPCIONISTA.PNG
06:18:54.497 [FXGL Background Thread 4 ] WARN  FXGLAssetLoaderServi - Asset "/assets/textures/mesa.png" was not found!
06:18:54.497 [FXGL Background Thread 4 ] WARN  FXGLAssetLoaderServi - Failed to load IMAGE
06:18:54.509 [FXGL Background Thread 4 ] WARN  FXGLAssetLoaderServi - Asset "/assets/textures/mesa.png" was not found!
06:18:54.510 [FXGL Background Thread 4 ] WARN  FXGLAssetLoaderServi - Failed to load IMAGE
06:18:54.510 [FXGL Background Thread 4 ] WARN  FXGLAssetLoaderServi - Asset "/assets/textures/mesa.png" was not found!
06:18:54.510 [FXGL Background Thread 4 ] WARN  FXGLAssetLoaderServi - Failed to load IMAGE
06:18:54.510 [FXGL Background Thread 4 ] WARN  FXGLAssetLoaderServi - Asset "/assets/textures/mesa.png" was not found!
06:18:54.510 [FXGL Background Thread 4 ] WARN  FXGLAssetLoaderServi - Failed to load IMAGE
06:18:54.510 [FXGL Background Thread 4 ] WARN  FXGLAssetLoaderServi - Asset "/assets/textures/mesa.png" was not found!
06:18:54.510 [FXGL Background Thread 4 ] WARN  FXGLAssetLoaderServi - Failed to load IMAGE
06:18:54.511 [FXGL Background Thread 4 ] WARN  FXGLAssetLoaderServi - Asset "/assets/textures/mesa.png" was not found!
06:18:54.511 [FXGL Background Thread 4 ] WARN  FXGLAssetLoaderServi - Failed to load IMAGE
06:18:54.511 [FXGL Background Thread 4 ] WARN  FXGLAssetLoaderServi - Asset "/assets/textures/mesa.png" was not found!
06:18:54.511 [FXGL Background Thread 4 ] WARN  FXGLAssetLoaderServi - Failed to load IMAGE
06:18:54.511 [FXGL Background Thread 4 ] WARN  FXGLAssetLoaderServi - Asset "/assets/textures/mesa.png" was not found!
06:18:54.511 [FXGL Background Thread 4 ] WARN  FXGLAssetLoaderServi - Failed to load IMAGE
06:18:54.512 [FXGL Background Thread 4 ] WARN  FXGLAssetLoaderServi - Asset "/assets/textures/mesa.png" was not found!
06:18:54.512 [FXGL Background Thread 4 ] WARN  FXGLAssetLoaderServi - Failed to load IMAGE
06:18:54.512 [FXGL Background Thread 4 ] WARN  FXGLAssetLoaderServi - Asset "/assets/textures/mesa.png" was not found!
06:18:54.512 [FXGL Background Thread 4 ] WARN  FXGLAssetLoaderServi - Failed to load IMAGE
06:18:54.512 [FXGL Background Thread 4 ] WARN  FXGLAssetLoaderServi - Asset "/assets/textures/mesa.png" was not found!
06:18:54.512 [FXGL Background Thread 4 ] WARN  FXGLAssetLoaderServi - Failed to load IMAGE
06:18:54.512 [FXGL Background Thread 4 ] WARN  FXGLAssetLoaderServi - Asset "/assets/textures/mesa.png" was not found!
06:18:54.512 [FXGL Background Thread 4 ] WARN  FXGLAssetLoaderServi - Failed to load IMAGE
06:18:54.514 [FXGL Background Thread 4 ] DEBUG FXGLAssetLoaderServi - Loading from file system: file:/Users/dariohg/Documents/Simulador/Penguin_kitchen/target/classes/assets/textures/MESERO.PNG
06:18:54.562 [FXGL Background Thread 4 ] INFO  FXGLApplication      - Game initialization took: 0.121 sec
06:18:54.563 [JavaFX Application Thread] DEBUG Input                - Clearing active input actions
06:18:54.566 [JavaFX Application Thread] DEBUG GameApplicationServi - Removing overlay from FXGLLoadingScene and adding to GameScene
06:18:54.566 [JavaFX Application Thread] DEBUG PrimaryStageWindow   - FXGLLoadingScene -> GameScene
06:18:54.714 [FXGL Background Thread 2 ] INFO  UpdaterService       - Your current version:  17.3
06:18:54.715 [FXGL Background Thread 2 ] INFO  UpdaterService       - Latest stable version: 21.1
06:18:57.416 [FXGL Background Thread 3 ] DEBUG Engine               - Logging environment variables
06:18:57.417 [FXGL Background Thread 3 ] DEBUG Engine               - achievements: []
06:18:57.417 [FXGL Background Thread 3 ] DEBUG Engine               - actualHeight: 800.0
06:18:57.418 [FXGL Background Thread 3 ] DEBUG Engine               - actualHeightProperty: ReadOnlyDoubleProperty [value: 800.0]
06:18:57.418 [FXGL Background Thread 3 ] DEBUG Engine               - actualWidth: 600.0
06:18:57.418 [FXGL Background Thread 3 ] DEBUG Engine               - actualWidthProperty: ReadOnlyDoubleProperty [value: 600.0]
06:18:57.418 [FXGL Background Thread 3 ] DEBUG Engine               - appIcon: fxgl_icon.png
06:18:57.418 [FXGL Background Thread 3 ] DEBUG Engine               - applicationMode: DEVELOPER
06:18:57.418 [FXGL Background Thread 3 ] DEBUG Engine               - cSSList: [fxgl_dark.css]
06:18:57.418 [FXGL Background Thread 3 ] DEBUG Engine               - collisionDetectionStrategy: BRUTE_FORCE
06:18:57.418 [FXGL Background Thread 3 ] DEBUG Engine               - configClass: Optional.empty
06:18:57.419 [FXGL Background Thread 3 ] DEBUG Engine               - credits: []
06:18:57.419 [FXGL Background Thread 3 ] DEBUG Engine               - defaultCursor: CursorInfo(imageName=fxgl_default_cursor.png, hotspotX=7.0, hotspotY=6.0)
06:18:57.419 [FXGL Background Thread 3 ] DEBUG Engine               - devBBoxColorProperty: ObjectProperty [value: 0xff0000ff]
06:18:57.420 [FXGL Background Thread 3 ] DEBUG Engine               - devEnableDebugCameraProperty: BooleanProperty [value: false]
06:18:57.420 [FXGL Background Thread 3 ] DEBUG Engine               - devSensorColorProperty: ObjectProperty [value: 0xffff00ff]
06:18:57.420 [FXGL Background Thread 3 ] DEBUG Engine               - devShowBBoxProperty: BooleanProperty [value: false]
06:18:57.420 [FXGL Background Thread 3 ] DEBUG Engine               - devShowPositionProperty: BooleanProperty [value: false]
06:18:57.420 [FXGL Background Thread 3 ] DEBUG Engine               - enabledMenuItems: []
06:18:57.420 [FXGL Background Thread 3 ] DEBUG Engine               - engineServices: [class com.almasb.fxgl.app.services.FXGLAssetLoaderService, class com.almasb.fxgl.app.FXGLApplication$GameApplicationService, class com.almasb.fxgl.app.services.FXGLDialogService, class com.almasb.fxgl.app.services.IOTaskExecutorService, class com.almasb.fxgl.io.FileSystemService, class com.almasb.fxgl.localization.LocalizationService, class com.almasb.fxgl.app.services.SystemBundleService, class com.almasb.fxgl.profile.SaveLoadService, class com.almasb.fxgl.ui.FXGLUIFactoryServiceProvider, class com.almasb.fxgl.ui.FXGLDialogFactoryServiceProvider, class com.almasb.fxgl.audio.AudioPlayer, class com.almasb.fxgl.notification.impl.NotificationServiceProvider, class com.almasb.fxgl.achievement.AchievementService, class com.almasb.fxgl.cutscene.CutsceneService, class com.almasb.fxgl.minigames.MiniGameService, class com.almasb.fxgl.net.NetService, class com.almasb.fxgl.app.services.UpdaterService, class com.almasb.fxgl.dev.DevService]
06:18:57.420 [FXGL Background Thread 3 ] DEBUG Engine               - fontGame: Abel-Regular.ttf
06:18:57.420 [FXGL Background Thread 3 ] DEBUG Engine               - fontMono: TerminalLandMono-Regular.otf
06:18:57.420 [FXGL Background Thread 3 ] DEBUG Engine               - fontSizeScaleUI: 1.0
06:18:57.421 [FXGL Background Thread 3 ] DEBUG Engine               - fontText: Courier-Prime.ttf
06:18:57.421 [FXGL Background Thread 3 ] DEBUG Engine               - fontUI: VarelaRound-Regular.ttf
06:18:57.421 [FXGL Background Thread 3 ] DEBUG Engine               - fullScreen: BooleanProperty [value: false]
06:18:57.421 [FXGL Background Thread 3 ] DEBUG Engine               - gameDifficulty: MEDIUM
06:18:57.421 [FXGL Background Thread 3 ] DEBUG Engine               - gameDifficultyProperty: ObjectProperty [value: MEDIUM]
06:18:57.421 [FXGL Background Thread 3 ] DEBUG Engine               - globalMusicVolume: 0.5
06:18:57.421 [FXGL Background Thread 3 ] DEBUG Engine               - globalMusicVolumeProperty: DoubleProperty [value: 0.5]
06:18:57.421 [FXGL Background Thread 3 ] DEBUG Engine               - globalSoundVolume: 0.5
06:18:57.421 [FXGL Background Thread 3 ] DEBUG Engine               - globalSoundVolumeProperty: DoubleProperty [value: 0.5]
06:18:57.421 [FXGL Background Thread 3 ] DEBUG Engine               - height: 800
06:18:57.421 [FXGL Background Thread 3 ] DEBUG Engine               - is3D: false
06:18:57.421 [FXGL Background Thread 3 ] DEBUG Engine               - isAndroid: false
06:18:57.421 [FXGL Background Thread 3 ] DEBUG Engine               - isBrowser: false
06:18:57.421 [FXGL Background Thread 3 ] DEBUG Engine               - isClickFeedbackEnabled: false
06:18:57.421 [FXGL Background Thread 3 ] DEBUG Engine               - isCloseConfirmation: false
06:18:57.422 [FXGL Background Thread 3 ] DEBUG Engine               - isDesktop: true
06:18:57.422 [FXGL Background Thread 3 ] DEBUG Engine               - isDeveloperMenuEnabled: false
06:18:57.422 [FXGL Background Thread 3 ] DEBUG Engine               - isEmbedded: false
06:18:57.422 [FXGL Background Thread 3 ] DEBUG Engine               - isEntityPreloadEnabled: true
06:18:57.422 [FXGL Background Thread 3 ] DEBUG Engine               - isExperimentalTiledLargeMap: false
06:18:57.422 [FXGL Background Thread 3 ] DEBUG Engine               - isFileSystemWriteAllowed: true
06:18:57.422 [FXGL Background Thread 3 ] DEBUG Engine               - isFullScreenAllowed: false
06:18:57.422 [FXGL Background Thread 3 ] DEBUG Engine               - isFullScreenFromStart: false
06:18:57.422 [FXGL Background Thread 3 ] DEBUG Engine               - isGameMenuEnabled: true
06:18:57.422 [FXGL Background Thread 3 ] DEBUG Engine               - isIOS: false
06:18:57.422 [FXGL Background Thread 3 ] DEBUG Engine               - isIntroEnabled: false
06:18:57.422 [FXGL Background Thread 3 ] DEBUG Engine               - isLinux: false
06:18:57.422 [FXGL Background Thread 3 ] DEBUG Engine               - isMac: true
06:18:57.422 [FXGL Background Thread 3 ] DEBUG Engine               - isMainMenuEnabled: false
06:18:57.422 [FXGL Background Thread 3 ] DEBUG Engine               - isManualResizeEnabled: false
06:18:57.423 [FXGL Background Thread 3 ] DEBUG Engine               - isMobile: false
06:18:57.423 [FXGL Background Thread 3 ] DEBUG Engine               - isNative: false
06:18:57.423 [FXGL Background Thread 3 ] DEBUG Engine               - isPauseMusicWhenMinimized: true
06:18:57.423 [FXGL Background Thread 3 ] DEBUG Engine               - isPreserveResizeRatio: false
06:18:57.423 [FXGL Background Thread 3 ] DEBUG Engine               - isProfilingEnabled: false
06:18:57.423 [FXGL Background Thread 3 ] DEBUG Engine               - isScaleAffectedOnResize: true
06:18:57.423 [FXGL Background Thread 3 ] DEBUG Engine               - isSingleStep: false
06:18:57.423 [FXGL Background Thread 3 ] DEBUG Engine               - isUserProfileEnabled: false
06:18:57.423 [FXGL Background Thread 3 ] DEBUG Engine               - isWindows: false
06:18:57.423 [FXGL Background Thread 3 ] DEBUG Engine               - language: ObjectProperty [value: ENGLISH]
06:18:57.423 [FXGL Background Thread 3 ] DEBUG Engine               - menuKey: ESCAPE
06:18:57.423 [FXGL Background Thread 3 ] DEBUG Engine               - mouseSensitivity: 0.2
06:18:57.423 [FXGL Background Thread 3 ] DEBUG Engine               - notificationViewClass: class com.almasb.fxgl.notification.view.XboxNotificationView
06:18:57.423 [FXGL Background Thread 3 ] DEBUG Engine               - pixelsPerMeter: 50.0
06:18:57.423 [FXGL Background Thread 3 ] DEBUG Engine               - platform: MAC
06:18:57.423 [FXGL Background Thread 3 ] DEBUG Engine               - prefHeightProperty: ReadOnlyDoubleProperty [value: 800.0]
06:18:57.423 [FXGL Background Thread 3 ] DEBUG Engine               - prefWidthProperty: ReadOnlyDoubleProperty [value: 600.0]
06:18:57.423 [FXGL Background Thread 3 ] DEBUG Engine               - profileDir: profiles/
06:18:57.424 [FXGL Background Thread 3 ] DEBUG Engine               - profileName: StringProperty [value: DEFAULT]
06:18:57.424 [FXGL Background Thread 3 ] DEBUG Engine               - randomSeed: -1
06:18:57.424 [FXGL Background Thread 3 ] DEBUG Engine               - runtimeInfo: RuntimeInfo(platform=MAC, version=17.3, build=30.03.2023 11.49)
06:18:57.424 [FXGL Background Thread 3 ] DEBUG Engine               - saveFileExt: sav
06:18:57.424 [FXGL Background Thread 3 ] DEBUG Engine               - scaledHeightProp$fxgl: DoubleProperty [bound, value: 800.0]
06:18:57.424 [FXGL Background Thread 3 ] DEBUG Engine               - scaledWidthProp$fxgl: DoubleProperty [bound, value: 600.0]
06:18:57.424 [FXGL Background Thread 3 ] DEBUG Engine               - sceneFactory: com.almasb.fxgl.app.scene.SceneFactory@3808fecd
06:18:57.424 [FXGL Background Thread 3 ] DEBUG Engine               - secondsIn24h: 60
06:18:57.424 [FXGL Background Thread 3 ] DEBUG Engine               - soundMenuBack: menu/back.wav
06:18:57.425 [FXGL Background Thread 3 ] DEBUG Engine               - soundMenuPress: menu/press.wav
06:18:57.425 [FXGL Background Thread 3 ] DEBUG Engine               - soundMenuSelect: menu/select.wav
06:18:57.425 [FXGL Background Thread 3 ] DEBUG Engine               - soundNotification: core/notification.wav
06:18:57.425 [FXGL Background Thread 3 ] DEBUG Engine               - stageStyle: DECORATED
06:18:57.425 [FXGL Background Thread 3 ] DEBUG Engine               - supportedLanguages: [ENGLISH, FRENCH, GERMAN, HUNGARIAN, RUSSIAN]
06:18:57.425 [FXGL Background Thread 3 ] DEBUG Engine               - ticksPerSecond: -1
06:18:57.425 [FXGL Background Thread 3 ] DEBUG Engine               - title: Penguin_Kitchen
06:18:57.425 [FXGL Background Thread 3 ] DEBUG Engine               - urlGithub: https://github.com/AlmasB/FXGL
06:18:57.425 [FXGL Background Thread 3 ] DEBUG Engine               - urlLeaderboard: http://fxgl-top.herokuapp.com/
06:18:57.425 [FXGL Background Thread 3 ] DEBUG Engine               - urlPOM: https://raw.githubusercontent.com/AlmasB/FXGL/release/README.md
06:18:57.425 [FXGL Background Thread 3 ] DEBUG Engine               - userAppClass: class Main.Main
06:18:57.425 [FXGL Background Thread 3 ] DEBUG Engine               - version: 1.0
06:18:57.425 [FXGL Background Thread 3 ] DEBUG Engine               - versionCheckDays: 7
06:18:57.425 [FXGL Background Thread 3 ] DEBUG Engine               - width: 600
06:18:57.425 [FXGL Background Thread 3 ] DEBUG Engine               - Logging services
06:18:57.425 [FXGL Background Thread 3 ] DEBUG Engine               - class com.almasb.fxgl.app.services.FXGLAssetLoaderService
06:18:57.426 [FXGL Background Thread 3 ] DEBUG Engine               - class com.almasb.fxgl.app.FXGLApplication$GameApplicationService
06:18:57.426 [FXGL Background Thread 3 ] DEBUG Engine               - class com.almasb.fxgl.app.services.FXGLDialogService
06:18:57.426 [FXGL Background Thread 3 ] DEBUG Engine               - class com.almasb.fxgl.app.services.IOTaskExecutorService
06:18:57.426 [FXGL Background Thread 3 ] DEBUG Engine               - class com.almasb.fxgl.io.FileSystemService
06:18:57.426 [FXGL Background Thread 3 ] DEBUG Engine               - class com.almasb.fxgl.localization.LocalizationService
06:18:57.426 [FXGL Background Thread 3 ] DEBUG Engine               - class com.almasb.fxgl.app.services.SystemBundleService
06:18:57.426 [FXGL Background Thread 3 ] DEBUG Engine               - class com.almasb.fxgl.profile.SaveLoadService
06:18:57.426 [FXGL Background Thread 3 ] DEBUG Engine               - class com.almasb.fxgl.ui.FXGLUIFactoryServiceProvider
06:18:57.426 [FXGL Background Thread 3 ] DEBUG Engine               - class com.almasb.fxgl.ui.FXGLDialogFactoryServiceProvider
06:18:57.426 [FXGL Background Thread 3 ] DEBUG Engine               - class com.almasb.fxgl.audio.AudioPlayer
06:18:57.426 [FXGL Background Thread 3 ] DEBUG Engine               - class com.almasb.fxgl.notification.impl.NotificationServiceProvider
06:18:57.426 [FXGL Background Thread 3 ] DEBUG Engine               - class com.almasb.fxgl.achievement.AchievementService
06:18:57.426 [FXGL Background Thread 3 ] DEBUG Engine               - class com.almasb.fxgl.cutscene.CutsceneService
06:18:57.426 [FXGL Background Thread 3 ] DEBUG Engine               - class com.almasb.fxgl.minigames.MiniGameService
06:18:57.427 [FXGL Background Thread 3 ] DEBUG Engine               - class com.almasb.fxgl.net.NetService
06:18:57.427 [FXGL Background Thread 3 ] DEBUG Engine               - class com.almasb.fxgl.app.services.UpdaterService
06:18:57.427 [FXGL Background Thread 3 ] DEBUG Engine               - class com.almasb.fxgl.dev.DevService
06:18:57.568 [JavaFX Application Thread] DEBUG FXGLAssetLoaderServi - Loading from file system: file:/Users/dariohg/Documents/Simulador/Penguin_kitchen/target/classes/assets/textures/cliente.png
06:18:57.593 [JavaFX Application Thread] DEBUG FXGLAssetLoaderServi - Loading from file system: file:/Users/dariohg/Documents/Simulador/Penguin_kitchen/target/classes/assets/textures/clienta.png
06:19:24.395 [JavaFX Application Thread] DEBUG FXGLApplication      - Exiting FXGL
06:19:24.396 [JavaFX Application Thread] DEBUG LoopRunner           - Stopping loop
06:19:24.396 [JavaFX Application Thread] DEBUG SystemBundleService  - Saving FXGL system data
06:19:24.398 [JavaFX Application Thread] DEBUG FileSystemAccess     - Writing to: /Users/dariohg/Documents/Simulador/Penguin_kitchen/system/fxgl.bundle
06:19:24.399 [JavaFX Application Thread] DEBUG Async                - Shutting down background threads
06:19:24.399 [JavaFX Application Thread] DEBUG PrimaryStageWindow   - Closing main window
06:19:24.405 [JavaFX Application Thread] DEBUG Logger               - Closing Logger
