01:47:15.436 [Main.Main.main()         ] DEBUG Logger               - Configured Logger
01:47:15.501 [Main.Main.main()         ] DEBUG GameApplication      - Logging settings
Title: Penguin_Kitchen
Version: 1.0
Width: 600
Height: 800
Fullscreen: false
Intro: false
Profiling: false
Single step:false
App Mode: DEVELOPER
Menu Key: ESCAPE
Stage Style: DECORATED
Scene Factory: class com.almasb.fxgl.app.scene.SceneFactory

01:47:16.192 [JavaFX Application Thread] DEBUG FXGLApplication      - Initializing FXGL
01:47:16.202 [JavaFX Application Thread] INFO  Engine               - FXGL-17.3 (30.03.2023 11.49) on LINUX (J:21.0.5 FX:20)
01:47:16.203 [JavaFX Application Thread] DEBUG Engine               - JRE Vendor Name: Red Hat, Inc.
01:47:16.203 [JavaFX Application Thread] DEBUG Engine               - Running on OS: Linux version 6.11.8-200.fc40.x86_64
01:47:16.204 [JavaFX Application Thread] DEBUG Engine               - Architecture: amd64
01:47:16.204 [JavaFX Application Thread] INFO  Engine               - Source code and latest versions at: https://github.com/AlmasB/FXGL
01:47:16.204 [JavaFX Application Thread] INFO  Engine               -       Ask questions and discuss at: https://github.com/AlmasB/FXGL/discussions
01:47:16.205 [JavaFX Application Thread] INFO  Engine               -              Join the FXGL chat at: https://gitter.im/AlmasB/FXGL
01:47:16.620 [JavaFX Application Thread] DEBUG PrimaryStageWindow   - Creating a JavaFX scene
01:47:16.621 [JavaFX Application Thread] DEBUG PrimaryStageWindow   - Target size > screen size
01:47:16.923 [JavaFX Application Thread] DEBUG PrimaryStageWindow   - Target settings size: 600.0 x 800.0
01:47:16.924 [JavaFX Application Thread] DEBUG PrimaryStageWindow   - Scaled scene size:    527.0 x 736.0
01:47:16.925 [JavaFX Application Thread] DEBUG PrimaryStageWindow   - Scaled ratio: (0.8783333333333333, 0.92)
01:47:16.929 [JavaFX Application Thread] DEBUG PrimaryStageWindow   - Set initial scene to FXGLStartupScene
01:47:16.943 [JavaFX Application Thread] DEBUG PrimaryStageWindow   - Opening main window
01:47:17.230 [JavaFX Application Thread] DEBUG PrimaryStageWindow   - Window border size: (8.0, 38.0)
01:47:17.231 [JavaFX Application Thread] DEBUG PrimaryStageWindow   - Scaled size: 527.0 x 736.0
01:47:17.232 [JavaFX Application Thread] DEBUG PrimaryStageWindow   - Scaled ratio: (0.8783333333333333, 0.92)
01:47:17.233 [JavaFX Application Thread] DEBUG PrimaryStageWindow   - Scene size: 527.0 x 736.0
01:47:17.234 [JavaFX Application Thread] DEBUG PrimaryStageWindow   - Stage size: 535.0 x 774.0
01:47:17.267 [FXGL Background Thread 1 ] DEBUG Engine               - Initializing environment variables
01:47:17.454 [FXGL Background Thread 1 ] DEBUG FXGLAssetLoaderServi - User app class for loading assets: class Main.Main
01:47:17.454 [FXGL Background Thread 1 ] DEBUG GameApplicationServi - Applying CSS: fxgl_dark.css
01:47:17.459 [FXGL Background Thread 1 ] DEBUG FXGLAssetLoaderServi - Loading from file system: jar:file:/home/diego/.m2/repository/com/github/almasb/fxgl/17.3/fxgl-17.3.jar!/fxglassets/ui/css/fxgl_dark.css
01:47:17.746 [FXGL Background Thread 1 ] DEBUG GameApplicationServi - Initializing application scenes
01:47:17.931 [FXGL Background Thread 1 ] DEBUG GameWorld            - Game world initialized
01:47:18.261 [FXGL Background Thread 1 ] DEBUG PhysicsWorld         - Physics world initialized: appHeight=800, physics.ppm=50.0
01:47:18.264 [FXGL Background Thread 1 ] DEBUG PhysicsWorld         - Using strategy: BRUTE_FORCE
01:47:18.282 [FXGL Background Thread 1 ] DEBUG GameScene            - Game scene initialized: 600x800
01:47:18.333 [FXGL Background Thread 1 ] WARN  FXGL.DefaultMenu     - FXGLDefaultMenu is not designed for resolutions < 800x600
01:47:18.334 [FXGL Background Thread 1 ] DEBUG FXGL.DefaultMenu     - createMenuBodyGameMenu()
01:47:18.427 [FXGL Background Thread 1 ] DEBUG FXGL.DefaultMenu     - createOptionsMenu()
01:47:18.480 [FXGL Background Thread 1 ] DEBUG FXGLAssetLoaderServi - Loading from file system: jar:file:/home/diego/.m2/repository/com/github/almasb/fxgl/17.3/fxgl-17.3.jar!/fxglassets/textures/particles/smoke.png
01:47:18.985 [FXGL Background Thread 1 ] DEBUG FXGLAssetLoaderServi - Loading from file system: jar:file:/home/diego/.m2/repository/com/github/almasb/fxgl/17.3/fxgl-17.3.jar!/fxglassets/textures/particles/trace_horizontal.png
01:47:19.125 [FXGL Background Thread 1 ] DEBUG GameApplicationServi - Application scenes initialized
01:47:19.181 [FXGL Background Thread 1 ] DEBUG SystemBundleService  - Loading FXGL system data
01:47:19.194 [FXGL Background Thread 1 ] DEBUG FileSystemAccess     - Reading from: /home/diego/Documentos/concurrente/Restaurant/dario/Penguin_kitchen/system/fxgl.bundle
01:47:19.219 [FXGL Background Thread 1 ] DEBUG SystemBundleService  - Bundle FXGL: {}
01:47:19.220 [FXGL Background Thread 1 ] DEBUG UpdaterService       - Checking for updates
01:47:19.239 [FXGL Background Thread 4 ] DEBUG FXGLApplication      - Loading fonts
01:47:19.244 [FXGL Background Thread 1 ] DEBUG FXGLApplication      - Loading default localization
01:47:19.246 [FXGL Background Thread 1 ] DEBUG FXGLAssetLoaderServi - Loading from file system: jar:file:/home/diego/.m2/repository/com/github/almasb/fxgl/17.3/fxgl-17.3.jar!/fxglassets/languages/english.lang
01:47:19.243 [FXGL Background Thread 4 ] DEBUG FXGLAssetLoaderServi - Loading from file system: jar:file:/home/diego/.m2/repository/com/github/almasb/fxgl/17.3/fxgl-17.3.jar!/fxglassets/ui/fonts/VarelaRound-Regular.ttf
01:47:19.285 [FXGL Background Thread 4 ] DEBUG FXGLAssetLoaderServi - Loading from file system: jar:file:/home/diego/.m2/repository/com/github/almasb/fxgl/17.3/fxgl-17.3.jar!/fxglassets/ui/fonts/Abel-Regular.ttf
01:47:19.295 [FXGL Background Thread 4 ] DEBUG FXGLAssetLoaderServi - Loading from file system: jar:file:/home/diego/.m2/repository/com/github/almasb/fxgl/17.3/fxgl-17.3.jar!/fxglassets/ui/fonts/TerminalLandMono-Regular.otf
01:47:19.306 [FXGL Background Thread 4 ] DEBUG FXGLAssetLoaderServi - Loading from file system: jar:file:/home/diego/.m2/repository/com/github/almasb/fxgl/17.3/fxgl-17.3.jar!/fxglassets/ui/fonts/Courier-Prime.ttf
01:47:19.319 [FXGL Background Thread 1 ] INFO  FXGLApplication      - FXGL initialization took: 2.052 sec
01:47:19.326 [JavaFX Application Thread] DEBUG FXGLApplication      - Registering font factories with UI factory
01:47:19.333 [JavaFX Application Thread] DEBUG FXGLAssetLoaderServi - Loading from file system: jar:file:/home/diego/.m2/repository/com/github/almasb/fxgl/17.3/fxgl-17.3.jar!/fxglassets/textures/fxgl_icon.png
01:47:19.436 [JavaFX Application Thread] DEBUG FXGLAssetLoaderServi - Loading from file system: jar:file:/home/diego/.m2/repository/com/github/almasb/fxgl/17.3/fxgl-17.3.jar!/fxglassets/textures/fxgl_default_cursor.png
01:47:19.469 [JavaFX Application Thread] DEBUG Input                - Registered new binding: Screenshot - CTRL+8
01:47:19.472 [JavaFX Application Thread] DEBUG Input                - Registered new binding: System info dump - CTRL+9
01:47:19.474 [JavaFX Application Thread] DEBUG Input                - Registered new binding: Restart - CTRL+R
01:47:19.476 [JavaFX Application Thread] DEBUG Input                - Registered new binding: Toggle Debug Camera - CTRL+7
01:47:19.491 [JavaFX Application Thread] DEBUG LoopRunner           - Starting loop
01:47:19.492 [JavaFX Application Thread] DEBUG LoopRunner           - Initializing JavaFX AnimationTimerLoop
01:47:19.496 [JavaFX Application Thread] DEBUG GameApplicationServi - Starting new game
01:47:19.498 [JavaFX Application Thread] DEBUG Input                - Clearing active input actions
01:47:19.566 [JavaFX Application Thread] DEBUG GameApplicationServi - Removing overlay from FXGLStartupScene and adding to FXGLLoadingScene
01:47:19.568 [JavaFX Application Thread] DEBUG PrimaryStageWindow   - FXGLStartupScene -> FXGLLoadingScene
01:47:19.568 [JavaFX Application Thread] DEBUG GameApplicationServi - Clearing previous game
01:47:19.568 [JavaFX Application Thread] DEBUG GameScene            - Clearing game scene
01:47:19.568 [JavaFX Application Thread] DEBUG GameWorld            - Clearing game world
01:47:19.569 [JavaFX Application Thread] DEBUG PhysicsWorld         - Clearing physics world
01:47:19.582 [FXGL Background Thread 4 ] DEBUG FXGLApplication      - Initializing game
01:47:19.590 [FXGL Background Thread 4 ] DEBUG FXGLAssetLoaderServi - Loading from file system: file:/home/diego/Documentos/concurrente/Restaurant/dario/Penguin_kitchen/target/classes/assets/textures/fondo.png
01:47:19.728 [FXGL Background Thread 4 ] DEBUG FXGLAssetLoaderServi - Loading from file system: file:/home/diego/Documentos/concurrente/Restaurant/dario/Penguin_kitchen/target/classes/assets/textures/chef.png
01:47:19.966 [FXGL Background Thread 4 ] DEBUG FXGLAssetLoaderServi - Loading from file system: file:/home/diego/Documentos/concurrente/Restaurant/dario/Penguin_kitchen/target/classes/assets/textures/recepcionista.png
01:47:20.343 [FXGL Background Thread 4 ] WARN  FXGLAssetLoaderServi - Asset "/assets/textures/mesa.png" was not found!
01:47:20.344 [FXGL Background Thread 4 ] WARN  FXGLAssetLoaderServi - Failed to load IMAGE
01:47:20.380 [FXGL Background Thread 4 ] WARN  FXGLAssetLoaderServi - Asset "/assets/textures/mesa.png" was not found!
01:47:20.381 [FXGL Background Thread 4 ] WARN  FXGLAssetLoaderServi - Failed to load IMAGE
01:47:20.384 [FXGL Background Thread 4 ] WARN  FXGLAssetLoaderServi - Asset "/assets/textures/mesa.png" was not found!
01:47:20.385 [FXGL Background Thread 4 ] WARN  FXGLAssetLoaderServi - Failed to load IMAGE
01:47:20.389 [FXGL Background Thread 4 ] WARN  FXGLAssetLoaderServi - Asset "/assets/textures/mesa.png" was not found!
01:47:20.390 [FXGL Background Thread 4 ] WARN  FXGLAssetLoaderServi - Failed to load IMAGE
01:47:20.394 [FXGL Background Thread 4 ] WARN  FXGLAssetLoaderServi - Asset "/assets/textures/mesa.png" was not found!
01:47:20.404 [FXGL Background Thread 4 ] WARN  FXGLAssetLoaderServi - Failed to load IMAGE
01:47:20.412 [FXGL Background Thread 4 ] WARN  FXGLAssetLoaderServi - Asset "/assets/textures/mesa.png" was not found!
01:47:20.413 [FXGL Background Thread 4 ] WARN  FXGLAssetLoaderServi - Failed to load IMAGE
01:47:20.418 [FXGL Background Thread 4 ] WARN  FXGLAssetLoaderServi - Asset "/assets/textures/mesa.png" was not found!
01:47:20.418 [FXGL Background Thread 4 ] WARN  FXGLAssetLoaderServi - Failed to load IMAGE
01:47:20.421 [FXGL Background Thread 4 ] WARN  FXGLAssetLoaderServi - Asset "/assets/textures/mesa.png" was not found!
01:47:20.422 [FXGL Background Thread 4 ] WARN  FXGLAssetLoaderServi - Failed to load IMAGE
01:47:20.428 [FXGL Background Thread 4 ] WARN  FXGLAssetLoaderServi - Asset "/assets/textures/mesa.png" was not found!
01:47:20.432 [FXGL Background Thread 4 ] WARN  FXGLAssetLoaderServi - Failed to load IMAGE
01:47:20.435 [FXGL Background Thread 4 ] WARN  FXGLAssetLoaderServi - Asset "/assets/textures/mesa.png" was not found!
01:47:20.435 [FXGL Background Thread 4 ] WARN  FXGLAssetLoaderServi - Failed to load IMAGE
01:47:20.442 [FXGL Background Thread 4 ] WARN  FXGLAssetLoaderServi - Asset "/assets/textures/mesa.png" was not found!
01:47:20.443 [FXGL Background Thread 4 ] WARN  FXGLAssetLoaderServi - Failed to load IMAGE
01:47:20.447 [FXGL Background Thread 4 ] WARN  FXGLAssetLoaderServi - Asset "/assets/textures/mesa.png" was not found!
01:47:20.448 [FXGL Background Thread 4 ] WARN  FXGLAssetLoaderServi - Failed to load IMAGE
01:47:20.466 [FXGL Background Thread 4 ] DEBUG FXGLAssetLoaderServi - Loading from file system: file:/home/diego/Documentos/concurrente/Restaurant/dario/Penguin_kitchen/target/classes/assets/textures/mesero.png
01:47:20.538 [FXGL Background Thread 4 ] INFO  FXGLApplication      - Game initialization took: 0.956 sec
01:47:20.570 [JavaFX Application Thread] DEBUG Input                - Clearing active input actions
01:47:20.616 [JavaFX Application Thread] DEBUG GameApplicationServi - Removing overlay from FXGLLoadingScene and adding to GameScene
01:47:20.617 [JavaFX Application Thread] DEBUG PrimaryStageWindow   - FXGLLoadingScene -> GameScene
01:47:21.386 [FXGL Background Thread 2 ] INFO  UpdaterService       - Your current version:  17.3
01:47:21.387 [FXGL Background Thread 2 ] INFO  UpdaterService       - Latest stable version: 21.1
01:47:22.230 [FXGL Background Thread 3 ] DEBUG Engine               - Logging environment variables
01:47:22.232 [FXGL Background Thread 3 ] DEBUG Engine               - achievements: []
01:47:22.233 [FXGL Background Thread 3 ] DEBUG Engine               - actualHeight: 698.0
01:47:22.234 [FXGL Background Thread 3 ] DEBUG Engine               - actualHeightProperty: ReadOnlyDoubleProperty [value: 731.0]
01:47:22.234 [FXGL Background Thread 3 ] DEBUG Engine               - actualWidth: 527.0
01:47:22.234 [FXGL Background Thread 3 ] DEBUG Engine               - actualWidthProperty: ReadOnlyDoubleProperty [value: 527.0]
01:47:22.235 [FXGL Background Thread 3 ] DEBUG Engine               - appIcon: fxgl_icon.png
01:47:22.235 [FXGL Background Thread 3 ] DEBUG Engine               - applicationMode: DEVELOPER
01:47:22.235 [FXGL Background Thread 3 ] DEBUG Engine               - cSSList: [fxgl_dark.css]
01:47:22.236 [FXGL Background Thread 3 ] DEBUG Engine               - collisionDetectionStrategy: BRUTE_FORCE
01:47:22.236 [FXGL Background Thread 3 ] DEBUG Engine               - configClass: Optional.empty
01:47:22.237 [FXGL Background Thread 3 ] DEBUG Engine               - credits: []
01:47:22.238 [FXGL Background Thread 3 ] DEBUG Engine               - defaultCursor: CursorInfo(imageName=fxgl_default_cursor.png, hotspotX=7.0, hotspotY=6.0)
01:47:22.240 [FXGL Background Thread 3 ] DEBUG Engine               - devBBoxColorProperty: ObjectProperty [value: 0xff0000ff]
01:47:22.240 [FXGL Background Thread 3 ] DEBUG Engine               - devEnableDebugCameraProperty: BooleanProperty [value: false]
01:47:22.241 [FXGL Background Thread 3 ] DEBUG Engine               - devSensorColorProperty: ObjectProperty [value: 0xffff00ff]
01:47:22.241 [FXGL Background Thread 3 ] DEBUG Engine               - devShowBBoxProperty: BooleanProperty [value: false]
01:47:22.242 [FXGL Background Thread 3 ] DEBUG Engine               - devShowPositionProperty: BooleanProperty [value: false]
01:47:22.242 [FXGL Background Thread 3 ] DEBUG Engine               - enabledMenuItems: []
01:47:22.242 [FXGL Background Thread 3 ] DEBUG Engine               - engineServices: [class com.almasb.fxgl.app.services.FXGLAssetLoaderService, class com.almasb.fxgl.app.FXGLApplication$GameApplicationService, class com.almasb.fxgl.app.services.FXGLDialogService, class com.almasb.fxgl.app.services.IOTaskExecutorService, class com.almasb.fxgl.io.FileSystemService, class com.almasb.fxgl.localization.LocalizationService, class com.almasb.fxgl.app.services.SystemBundleService, class com.almasb.fxgl.profile.SaveLoadService, class com.almasb.fxgl.ui.FXGLUIFactoryServiceProvider, class com.almasb.fxgl.ui.FXGLDialogFactoryServiceProvider, class com.almasb.fxgl.audio.AudioPlayer, class com.almasb.fxgl.notification.impl.NotificationServiceProvider, class com.almasb.fxgl.achievement.AchievementService, class com.almasb.fxgl.cutscene.CutsceneService, class com.almasb.fxgl.minigames.MiniGameService, class com.almasb.fxgl.net.NetService, class com.almasb.fxgl.app.services.UpdaterService, class com.almasb.fxgl.dev.DevService]
01:47:22.243 [FXGL Background Thread 3 ] DEBUG Engine               - fontGame: Abel-Regular.ttf
01:47:22.243 [FXGL Background Thread 3 ] DEBUG Engine               - fontMono: TerminalLandMono-Regular.otf
01:47:22.244 [FXGL Background Thread 3 ] DEBUG Engine               - fontSizeScaleUI: 1.0
01:47:22.244 [FXGL Background Thread 3 ] DEBUG Engine               - fontText: Courier-Prime.ttf
01:47:22.244 [FXGL Background Thread 3 ] DEBUG Engine               - fontUI: VarelaRound-Regular.ttf
01:47:22.245 [FXGL Background Thread 3 ] DEBUG Engine               - fullScreen: BooleanProperty [value: false]
01:47:22.245 [FXGL Background Thread 3 ] DEBUG Engine               - gameDifficulty: MEDIUM
01:47:22.245 [FXGL Background Thread 3 ] DEBUG Engine               - gameDifficultyProperty: ObjectProperty [value: MEDIUM]
01:47:22.246 [FXGL Background Thread 3 ] DEBUG Engine               - globalMusicVolume: 0.5
01:47:22.246 [FXGL Background Thread 3 ] DEBUG Engine               - globalMusicVolumeProperty: DoubleProperty [value: 0.5]
01:47:22.247 [FXGL Background Thread 3 ] DEBUG Engine               - globalSoundVolume: 0.5
01:47:22.247 [FXGL Background Thread 3 ] DEBUG Engine               - globalSoundVolumeProperty: DoubleProperty [value: 0.5]
01:47:22.247 [FXGL Background Thread 3 ] DEBUG Engine               - height: 800
01:47:22.248 [FXGL Background Thread 3 ] DEBUG Engine               - is3D: false
01:47:22.248 [FXGL Background Thread 3 ] DEBUG Engine               - isAndroid: false
01:47:22.249 [FXGL Background Thread 3 ] DEBUG Engine               - isBrowser: false
01:47:22.249 [FXGL Background Thread 3 ] DEBUG Engine               - isClickFeedbackEnabled: false
01:47:22.249 [FXGL Background Thread 3 ] DEBUG Engine               - isCloseConfirmation: false
01:47:22.250 [FXGL Background Thread 3 ] DEBUG Engine               - isDesktop: true
01:47:22.250 [FXGL Background Thread 3 ] DEBUG Engine               - isDeveloperMenuEnabled: false
01:47:22.250 [FXGL Background Thread 3 ] DEBUG Engine               - isEmbedded: false
01:47:22.251 [FXGL Background Thread 3 ] DEBUG Engine               - isEntityPreloadEnabled: true
01:47:22.251 [FXGL Background Thread 3 ] DEBUG Engine               - isExperimentalTiledLargeMap: false
01:47:22.251 [FXGL Background Thread 3 ] DEBUG Engine               - isFileSystemWriteAllowed: true
01:47:22.252 [FXGL Background Thread 3 ] DEBUG Engine               - isFullScreenAllowed: false
01:47:22.252 [FXGL Background Thread 3 ] DEBUG Engine               - isFullScreenFromStart: false
01:47:22.252 [FXGL Background Thread 3 ] DEBUG Engine               - isGameMenuEnabled: true
01:47:22.252 [FXGL Background Thread 3 ] DEBUG Engine               - isIOS: false
01:47:22.253 [FXGL Background Thread 3 ] DEBUG Engine               - isIntroEnabled: false
01:47:22.253 [FXGL Background Thread 3 ] DEBUG Engine               - isLinux: true
01:47:22.253 [FXGL Background Thread 3 ] DEBUG Engine               - isMac: false
01:47:22.254 [FXGL Background Thread 3 ] DEBUG Engine               - isMainMenuEnabled: false
01:47:22.254 [FXGL Background Thread 3 ] DEBUG Engine               - isManualResizeEnabled: false
01:47:22.254 [FXGL Background Thread 3 ] DEBUG Engine               - isMobile: false
01:47:22.255 [FXGL Background Thread 3 ] DEBUG Engine               - isNative: false
01:47:22.255 [FXGL Background Thread 3 ] DEBUG Engine               - isPauseMusicWhenMinimized: true
01:47:22.255 [FXGL Background Thread 3 ] DEBUG Engine               - isPreserveResizeRatio: false
01:47:22.256 [FXGL Background Thread 3 ] DEBUG Engine               - isProfilingEnabled: false
01:47:22.256 [FXGL Background Thread 3 ] DEBUG Engine               - isScaleAffectedOnResize: true
01:47:22.256 [FXGL Background Thread 3 ] DEBUG Engine               - isSingleStep: false
01:47:22.256 [FXGL Background Thread 3 ] DEBUG Engine               - isUserProfileEnabled: false
01:47:22.257 [FXGL Background Thread 3 ] DEBUG Engine               - isWindows: false
01:47:22.257 [FXGL Background Thread 3 ] DEBUG Engine               - language: ObjectProperty [value: ENGLISH]
01:47:22.257 [FXGL Background Thread 3 ] DEBUG Engine               - menuKey: ESCAPE
01:47:22.258 [FXGL Background Thread 3 ] DEBUG Engine               - mouseSensitivity: 0.2
01:47:22.258 [FXGL Background Thread 3 ] DEBUG Engine               - notificationViewClass: class com.almasb.fxgl.notification.view.XboxNotificationView
01:47:22.258 [FXGL Background Thread 3 ] DEBUG Engine               - pixelsPerMeter: 50.0
01:47:22.259 [FXGL Background Thread 3 ] DEBUG Engine               - platform: LINUX
01:47:22.259 [FXGL Background Thread 3 ] DEBUG Engine               - prefHeightProperty: ReadOnlyDoubleProperty [value: 800.0]
01:47:22.259 [FXGL Background Thread 3 ] DEBUG Engine               - prefWidthProperty: ReadOnlyDoubleProperty [value: 600.0]
01:47:22.260 [FXGL Background Thread 3 ] DEBUG Engine               - profileDir: profiles/
01:47:22.260 [FXGL Background Thread 3 ] DEBUG Engine               - profileName: StringProperty [value: DEFAULT]
01:47:22.261 [FXGL Background Thread 3 ] DEBUG Engine               - randomSeed: -1
01:47:22.262 [FXGL Background Thread 3 ] DEBUG Engine               - runtimeInfo: RuntimeInfo(platform=LINUX, version=17.3, build=30.03.2023 11.49)
01:47:22.263 [FXGL Background Thread 3 ] DEBUG Engine               - saveFileExt: sav
01:47:22.263 [FXGL Background Thread 3 ] DEBUG Engine               - scaledHeightProp$fxgl: DoubleProperty [bound, value: 731.0]
01:47:22.263 [FXGL Background Thread 3 ] DEBUG Engine               - scaledWidthProp$fxgl: DoubleProperty [bound, value: 527.0]
01:47:22.264 [FXGL Background Thread 3 ] DEBUG Engine               - sceneFactory: com.almasb.fxgl.app.scene.SceneFactory@2a1d86e7
01:47:22.265 [FXGL Background Thread 3 ] DEBUG Engine               - secondsIn24h: 60
01:47:22.265 [FXGL Background Thread 3 ] DEBUG Engine               - soundMenuBack: menu/back.wav
01:47:22.265 [FXGL Background Thread 3 ] DEBUG Engine               - soundMenuPress: menu/press.wav
01:47:22.266 [FXGL Background Thread 3 ] DEBUG Engine               - soundMenuSelect: menu/select.wav
01:47:22.266 [FXGL Background Thread 3 ] DEBUG Engine               - soundNotification: core/notification.wav
01:47:22.266 [FXGL Background Thread 3 ] DEBUG Engine               - stageStyle: DECORATED
01:47:22.267 [FXGL Background Thread 3 ] DEBUG Engine               - supportedLanguages: [ENGLISH, FRENCH, GERMAN, HUNGARIAN, RUSSIAN]
01:47:22.267 [FXGL Background Thread 3 ] DEBUG Engine               - ticksPerSecond: -1
01:47:22.267 [FXGL Background Thread 3 ] DEBUG Engine               - title: Penguin_Kitchen
01:47:22.267 [FXGL Background Thread 3 ] DEBUG Engine               - urlGithub: https://github.com/AlmasB/FXGL
01:47:22.268 [FXGL Background Thread 3 ] DEBUG Engine               - urlLeaderboard: http://fxgl-top.herokuapp.com/
01:47:22.268 [FXGL Background Thread 3 ] DEBUG Engine               - urlPOM: https://raw.githubusercontent.com/AlmasB/FXGL/release/README.md
01:47:22.268 [FXGL Background Thread 3 ] DEBUG Engine               - userAppClass: class Main.Main
01:47:22.269 [FXGL Background Thread 3 ] DEBUG Engine               - version: 1.0
01:47:22.269 [FXGL Background Thread 3 ] DEBUG Engine               - versionCheckDays: 7
01:47:22.269 [FXGL Background Thread 3 ] DEBUG Engine               - width: 600
01:47:22.270 [FXGL Background Thread 3 ] DEBUG Engine               - Logging services
01:47:22.270 [FXGL Background Thread 3 ] DEBUG Engine               - class com.almasb.fxgl.app.services.FXGLAssetLoaderService
01:47:22.270 [FXGL Background Thread 3 ] DEBUG Engine               - class com.almasb.fxgl.app.FXGLApplication$GameApplicationService
01:47:22.271 [FXGL Background Thread 3 ] DEBUG Engine               - class com.almasb.fxgl.app.services.FXGLDialogService
01:47:22.271 [FXGL Background Thread 3 ] DEBUG Engine               - class com.almasb.fxgl.app.services.IOTaskExecutorService
01:47:22.271 [FXGL Background Thread 3 ] DEBUG Engine               - class com.almasb.fxgl.io.FileSystemService
01:47:22.271 [FXGL Background Thread 3 ] DEBUG Engine               - class com.almasb.fxgl.localization.LocalizationService
01:47:22.272 [FXGL Background Thread 3 ] DEBUG Engine               - class com.almasb.fxgl.app.services.SystemBundleService
01:47:22.272 [FXGL Background Thread 3 ] DEBUG Engine               - class com.almasb.fxgl.profile.SaveLoadService
01:47:22.272 [FXGL Background Thread 3 ] DEBUG Engine               - class com.almasb.fxgl.ui.FXGLUIFactoryServiceProvider
01:47:22.273 [FXGL Background Thread 3 ] DEBUG Engine               - class com.almasb.fxgl.ui.FXGLDialogFactoryServiceProvider
01:47:22.273 [FXGL Background Thread 3 ] DEBUG Engine               - class com.almasb.fxgl.audio.AudioPlayer
01:47:22.274 [FXGL Background Thread 3 ] DEBUG Engine               - class com.almasb.fxgl.notification.impl.NotificationServiceProvider
01:47:22.274 [FXGL Background Thread 3 ] DEBUG Engine               - class com.almasb.fxgl.achievement.AchievementService
01:47:22.274 [FXGL Background Thread 3 ] DEBUG Engine               - class com.almasb.fxgl.cutscene.CutsceneService
01:47:22.275 [FXGL Background Thread 3 ] DEBUG Engine               - class com.almasb.fxgl.minigames.MiniGameService
01:47:22.275 [FXGL Background Thread 3 ] DEBUG Engine               - class com.almasb.fxgl.net.NetService
01:47:22.275 [FXGL Background Thread 3 ] DEBUG Engine               - class com.almasb.fxgl.app.services.UpdaterService
01:47:22.275 [FXGL Background Thread 3 ] DEBUG Engine               - class com.almasb.fxgl.dev.DevService
01:47:24.961 [JavaFX Application Thread] DEBUG FXGLAssetLoaderServi - Loading from file system: file:/home/diego/Documentos/concurrente/Restaurant/dario/Penguin_kitchen/target/classes/assets/textures/cliente.png
01:47:25.032 [JavaFX Application Thread] DEBUG FXGLAssetLoaderServi - Loading from file system: file:/home/diego/Documentos/concurrente/Restaurant/dario/Penguin_kitchen/target/classes/assets/textures/clienta.png
01:47:30.055 [Mesero                   ] WARN  FXGLAssetLoaderServi - Asset "/assets/textures/food.png" was not found!
01:47:30.056 [Mesero                   ] WARN  FXGLAssetLoaderServi - Failed to load IMAGE
01:47:47.468 [JavaFX Application Thread] DEBUG FXGLApplication      - Exiting FXGL
01:47:47.468 [JavaFX Application Thread] DEBUG LoopRunner           - Stopping loop
01:47:47.469 [JavaFX Application Thread] DEBUG SystemBundleService  - Saving FXGL system data
01:47:47.476 [JavaFX Application Thread] DEBUG FileSystemAccess     - Writing to: /home/diego/Documentos/concurrente/Restaurant/dario/Penguin_kitchen/system/fxgl.bundle
01:47:47.487 [JavaFX Application Thread] DEBUG Async                - Shutting down background threads
01:47:47.489 [JavaFX Application Thread] DEBUG PrimaryStageWindow   - Closing main window
01:47:47.496 [JavaFX Application Thread] DEBUG Logger               - Closing Logger
