22:51:59.334 [Main.Main.main()         ] DEBUG Logger               - Configured Logger
22:51:59.396 [Main.Main.main()         ] DEBUG GameApplication      - Logging settings
Title: Penguin_Kitchen
Version: 1.0
Width: 600
Height: 800
Fullscreen: false
Intro: false
Profiling: false
Single step:false
App Mode: DEVELOPER
Menu Key: ESCAPE
Stage Style: DECORATED
Scene Factory: class com.almasb.fxgl.app.scene.SceneFactory

22:52:00.162 [JavaFX Application Thread] DEBUG FXGLApplication      - Initializing FXGL
22:52:00.175 [JavaFX Application Thread] INFO  Engine               - FXGL-17.3 (30.03.2023 11.49) on LINUX (J:21.0.5 FX:20)
22:52:00.176 [JavaFX Application Thread] DEBUG Engine               - JRE Vendor Name: Red Hat, Inc.
22:52:00.177 [JavaFX Application Thread] DEBUG Engine               - Running on OS: Linux version 6.11.8-200.fc40.x86_64
22:52:00.178 [JavaFX Application Thread] DEBUG Engine               - Architecture: amd64
22:52:00.178 [JavaFX Application Thread] INFO  Engine               - Source code and latest versions at: https://github.com/AlmasB/FXGL
22:52:00.179 [JavaFX Application Thread] INFO  Engine               -       Ask questions and discuss at: https://github.com/AlmasB/FXGL/discussions
22:52:00.180 [JavaFX Application Thread] INFO  Engine               -              Join the FXGL chat at: https://gitter.im/AlmasB/FXGL
22:52:00.587 [JavaFX Application Thread] DEBUG PrimaryStageWindow   - Creating a JavaFX scene
22:52:00.587 [JavaFX Application Thread] DEBUG PrimaryStageWindow   - Target size > screen size
22:52:00.850 [JavaFX Application Thread] DEBUG PrimaryStageWindow   - Target settings size: 600.0 x 800.0
22:52:00.851 [JavaFX Application Thread] DEBUG PrimaryStageWindow   - Scaled scene size:    527.0 x 736.0
22:52:00.852 [JavaFX Application Thread] DEBUG PrimaryStageWindow   - Scaled ratio: (0.8783333333333333, 0.92)
22:52:00.855 [JavaFX Application Thread] DEBUG PrimaryStageWindow   - Set initial scene to FXGLStartupScene
22:52:00.868 [JavaFX Application Thread] DEBUG PrimaryStageWindow   - Opening main window
22:52:01.055 [JavaFX Application Thread] DEBUG PrimaryStageWindow   - Window border size: (8.0, 38.0)
22:52:01.056 [JavaFX Application Thread] DEBUG PrimaryStageWindow   - Scaled size: 527.0 x 736.0
22:52:01.056 [JavaFX Application Thread] DEBUG PrimaryStageWindow   - Scaled ratio: (0.8783333333333333, 0.92)
22:52:01.057 [JavaFX Application Thread] DEBUG PrimaryStageWindow   - Scene size: 527.0 x 736.0
22:52:01.057 [JavaFX Application Thread] DEBUG PrimaryStageWindow   - Stage size: 535.0 x 774.0
22:52:01.071 [FXGL Background Thread 1 ] DEBUG Engine               - Initializing environment variables
22:52:01.160 [FXGL Background Thread 1 ] DEBUG FXGLAssetLoaderServi - User app class for loading assets: class Main.Main
22:52:01.161 [FXGL Background Thread 1 ] DEBUG GameApplicationServi - Applying CSS: fxgl_dark.css
22:52:01.163 [FXGL Background Thread 1 ] DEBUG FXGLAssetLoaderServi - Loading from file system: jar:file:/home/diego/.m2/repository/com/github/almasb/fxgl/17.3/fxgl-17.3.jar!/fxglassets/ui/css/fxgl_dark.css
22:52:01.329 [FXGL Background Thread 1 ] DEBUG GameApplicationServi - Initializing application scenes
22:52:01.508 [FXGL Background Thread 1 ] DEBUG GameWorld            - Game world initialized
22:52:01.711 [FXGL Background Thread 1 ] DEBUG PhysicsWorld         - Physics world initialized: appHeight=800, physics.ppm=50.0
22:52:01.712 [FXGL Background Thread 1 ] DEBUG PhysicsWorld         - Using strategy: BRUTE_FORCE
22:52:01.725 [FXGL Background Thread 1 ] DEBUG GameScene            - Game scene initialized: 600x800
22:52:01.766 [FXGL Background Thread 1 ] WARN  FXGL.DefaultMenu     - FXGLDefaultMenu is not designed for resolutions < 800x600
22:52:01.767 [FXGL Background Thread 1 ] DEBUG FXGL.DefaultMenu     - createMenuBodyGameMenu()
22:52:01.811 [FXGL Background Thread 1 ] DEBUG FXGL.DefaultMenu     - createOptionsMenu()
22:52:01.847 [FXGL Background Thread 1 ] DEBUG FXGLAssetLoaderServi - Loading from file system: jar:file:/home/diego/.m2/repository/com/github/almasb/fxgl/17.3/fxgl-17.3.jar!/fxglassets/textures/particles/smoke.png
22:52:02.127 [FXGL Background Thread 1 ] DEBUG FXGLAssetLoaderServi - Loading from file system: jar:file:/home/diego/.m2/repository/com/github/almasb/fxgl/17.3/fxgl-17.3.jar!/fxglassets/textures/particles/trace_horizontal.png
22:52:02.222 [FXGL Background Thread 1 ] DEBUG GameApplicationServi - Application scenes initialized
22:52:02.265 [FXGL Background Thread 1 ] DEBUG SystemBundleService  - Loading FXGL system data
22:52:02.279 [FXGL Background Thread 1 ] DEBUG FileSystemAccess     - Reading from: /home/diego/Documentos/concurrente/Restaurant/dario/Penguin_kitchen/system/fxgl.bundle
22:52:02.304 [FXGL Background Thread 1 ] DEBUG SystemBundleService  - Bundle FXGL: {}
22:52:02.305 [FXGL Background Thread 1 ] DEBUG UpdaterService       - Checking for updates
22:52:02.318 [FXGL Background Thread 4 ] DEBUG FXGLApplication      - Loading fonts
22:52:02.319 [FXGL Background Thread 4 ] DEBUG FXGLAssetLoaderServi - Loading from file system: jar:file:/home/diego/.m2/repository/com/github/almasb/fxgl/17.3/fxgl-17.3.jar!/fxglassets/ui/fonts/VarelaRound-Regular.ttf
22:52:02.321 [FXGL Background Thread 1 ] DEBUG FXGLApplication      - Loading default localization
22:52:02.322 [FXGL Background Thread 1 ] DEBUG FXGLAssetLoaderServi - Loading from file system: jar:file:/home/diego/.m2/repository/com/github/almasb/fxgl/17.3/fxgl-17.3.jar!/fxglassets/languages/english.lang
22:52:02.348 [FXGL Background Thread 4 ] DEBUG FXGLAssetLoaderServi - Loading from file system: jar:file:/home/diego/.m2/repository/com/github/almasb/fxgl/17.3/fxgl-17.3.jar!/fxglassets/ui/fonts/Abel-Regular.ttf
22:52:02.356 [FXGL Background Thread 4 ] DEBUG FXGLAssetLoaderServi - Loading from file system: jar:file:/home/diego/.m2/repository/com/github/almasb/fxgl/17.3/fxgl-17.3.jar!/fxglassets/ui/fonts/TerminalLandMono-Regular.otf
22:52:02.364 [FXGL Background Thread 4 ] DEBUG FXGLAssetLoaderServi - Loading from file system: jar:file:/home/diego/.m2/repository/com/github/almasb/fxgl/17.3/fxgl-17.3.jar!/fxglassets/ui/fonts/Courier-Prime.ttf
22:52:02.383 [JavaFX Application Thread] DEBUG FXGLApplication      - Registering font factories with UI factory
22:52:02.398 [FXGL Background Thread 1 ] INFO  FXGLApplication      - FXGL initialization took: 1.327 sec
22:52:02.403 [JavaFX Application Thread] DEBUG FXGLAssetLoaderServi - Loading from file system: jar:file:/home/diego/.m2/repository/com/github/almasb/fxgl/17.3/fxgl-17.3.jar!/fxglassets/textures/fxgl_icon.png
22:52:02.528 [JavaFX Application Thread] DEBUG FXGLAssetLoaderServi - Loading from file system: jar:file:/home/diego/.m2/repository/com/github/almasb/fxgl/17.3/fxgl-17.3.jar!/fxglassets/textures/fxgl_default_cursor.png
22:52:02.577 [JavaFX Application Thread] DEBUG Input                - Registered new binding: Screenshot - CTRL+8
22:52:02.579 [JavaFX Application Thread] DEBUG Input                - Registered new binding: System info dump - CTRL+9
22:52:02.580 [JavaFX Application Thread] DEBUG Input                - Registered new binding: Restart - CTRL+R
22:52:02.582 [JavaFX Application Thread] DEBUG Input                - Registered new binding: Toggle Debug Camera - CTRL+7
22:52:02.589 [JavaFX Application Thread] DEBUG LoopRunner           - Starting loop
22:52:02.589 [JavaFX Application Thread] DEBUG LoopRunner           - Initializing JavaFX AnimationTimerLoop
22:52:02.593 [JavaFX Application Thread] DEBUG GameApplicationServi - Starting new game
22:52:02.594 [JavaFX Application Thread] DEBUG Input                - Clearing active input actions
22:52:02.639 [JavaFX Application Thread] DEBUG GameApplicationServi - Removing overlay from FXGLStartupScene and adding to FXGLLoadingScene
22:52:02.640 [JavaFX Application Thread] DEBUG PrimaryStageWindow   - FXGLStartupScene -> FXGLLoadingScene
22:52:02.641 [JavaFX Application Thread] DEBUG GameApplicationServi - Clearing previous game
22:52:02.641 [JavaFX Application Thread] DEBUG GameScene            - Clearing game scene
22:52:02.641 [JavaFX Application Thread] DEBUG GameWorld            - Clearing game world
22:52:02.641 [JavaFX Application Thread] DEBUG PhysicsWorld         - Clearing physics world
22:52:02.646 [FXGL Background Thread 1 ] DEBUG FXGLApplication      - Initializing game
22:52:02.655 [FXGL Background Thread 1 ] DEBUG FXGLAssetLoaderServi - Loading from file system: file:/home/diego/Documentos/concurrente/Restaurant/dario/Penguin_kitchen/target/classes/assets/textures/fondo.png
22:52:02.789 [FXGL Background Thread 1 ] DEBUG FXGLAssetLoaderServi - Loading from file system: file:/home/diego/Documentos/concurrente/Restaurant/dario/Penguin_kitchen/target/classes/assets/textures/chef.png
22:52:02.936 [FXGL Background Thread 1 ] DEBUG FXGLAssetLoaderServi - Loading from file system: file:/home/diego/Documentos/concurrente/Restaurant/dario/Penguin_kitchen/target/classes/assets/textures/recepcionista.png
22:52:03.143 [FXGL Background Thread 1 ] WARN  FXGLAssetLoaderServi - Asset "/assets/textures/mesa.png" was not found!
22:52:03.147 [FXGL Background Thread 1 ] WARN  FXGLAssetLoaderServi - Failed to load IMAGE
22:52:03.229 [FXGL Background Thread 1 ] WARN  FXGLAssetLoaderServi - Asset "/assets/textures/mesa.png" was not found!
22:52:03.229 [FXGL Background Thread 1 ] WARN  FXGLAssetLoaderServi - Failed to load IMAGE
22:52:03.241 [FXGL Background Thread 1 ] WARN  FXGLAssetLoaderServi - Asset "/assets/textures/mesa.png" was not found!
22:52:03.242 [FXGL Background Thread 1 ] WARN  FXGLAssetLoaderServi - Failed to load IMAGE
22:52:03.247 [FXGL Background Thread 1 ] WARN  FXGLAssetLoaderServi - Asset "/assets/textures/mesa.png" was not found!
22:52:03.248 [FXGL Background Thread 1 ] WARN  FXGLAssetLoaderServi - Failed to load IMAGE
22:52:03.252 [FXGL Background Thread 1 ] WARN  FXGLAssetLoaderServi - Asset "/assets/textures/mesa.png" was not found!
22:52:03.257 [FXGL Background Thread 1 ] WARN  FXGLAssetLoaderServi - Failed to load IMAGE
22:52:03.264 [FXGL Background Thread 1 ] WARN  FXGLAssetLoaderServi - Asset "/assets/textures/mesa.png" was not found!
22:52:03.265 [FXGL Background Thread 1 ] WARN  FXGLAssetLoaderServi - Failed to load IMAGE
22:52:03.268 [FXGL Background Thread 1 ] WARN  FXGLAssetLoaderServi - Asset "/assets/textures/mesa.png" was not found!
22:52:03.269 [FXGL Background Thread 1 ] WARN  FXGLAssetLoaderServi - Failed to load IMAGE
22:52:03.272 [FXGL Background Thread 1 ] WARN  FXGLAssetLoaderServi - Asset "/assets/textures/mesa.png" was not found!
22:52:03.273 [FXGL Background Thread 1 ] WARN  FXGLAssetLoaderServi - Failed to load IMAGE
22:52:03.276 [FXGL Background Thread 1 ] WARN  FXGLAssetLoaderServi - Asset "/assets/textures/mesa.png" was not found!
22:52:03.278 [FXGL Background Thread 1 ] WARN  FXGLAssetLoaderServi - Failed to load IMAGE
22:52:03.294 [FXGL Background Thread 1 ] WARN  FXGLAssetLoaderServi - Asset "/assets/textures/mesa.png" was not found!
22:52:03.295 [FXGL Background Thread 1 ] WARN  FXGLAssetLoaderServi - Failed to load IMAGE
22:52:03.300 [FXGL Background Thread 1 ] WARN  FXGLAssetLoaderServi - Asset "/assets/textures/mesa.png" was not found!
22:52:03.301 [FXGL Background Thread 1 ] WARN  FXGLAssetLoaderServi - Failed to load IMAGE
22:52:03.304 [FXGL Background Thread 1 ] WARN  FXGLAssetLoaderServi - Asset "/assets/textures/mesa.png" was not found!
22:52:03.310 [FXGL Background Thread 1 ] WARN  FXGLAssetLoaderServi - Failed to load IMAGE
22:52:03.340 [FXGL Background Thread 1 ] DEBUG FXGLAssetLoaderServi - Loading from file system: file:/home/diego/Documentos/concurrente/Restaurant/dario/Penguin_kitchen/target/classes/assets/textures/mesero.png
22:52:03.636 [FXGL Background Thread 1 ] INFO  FXGLApplication      - Game initialization took: 0.990 sec
22:52:03.646 [JavaFX Application Thread] DEBUG Input                - Clearing active input actions
22:52:03.706 [JavaFX Application Thread] DEBUG GameApplicationServi - Removing overlay from FXGLLoadingScene and adding to GameScene
22:52:03.712 [JavaFX Application Thread] DEBUG PrimaryStageWindow   - FXGLLoadingScene -> GameScene
22:52:04.363 [FXGL Background Thread 2 ] INFO  UpdaterService       - Your current version:  17.3
22:52:04.363 [FXGL Background Thread 2 ] INFO  UpdaterService       - Latest stable version: 21.1
22:52:05.314 [FXGL Background Thread 3 ] DEBUG Engine               - Logging environment variables
22:52:05.316 [FXGL Background Thread 3 ] DEBUG Engine               - achievements: []
22:52:05.316 [FXGL Background Thread 3 ] DEBUG Engine               - actualHeight: 698.0
22:52:05.317 [FXGL Background Thread 3 ] DEBUG Engine               - actualHeightProperty: ReadOnlyDoubleProperty [value: 731.0]
22:52:05.317 [FXGL Background Thread 3 ] DEBUG Engine               - actualWidth: 527.0
22:52:05.317 [FXGL Background Thread 3 ] DEBUG Engine               - actualWidthProperty: ReadOnlyDoubleProperty [value: 527.0]
22:52:05.318 [FXGL Background Thread 3 ] DEBUG Engine               - appIcon: fxgl_icon.png
22:52:05.318 [FXGL Background Thread 3 ] DEBUG Engine               - applicationMode: DEVELOPER
22:52:05.319 [FXGL Background Thread 3 ] DEBUG Engine               - cSSList: [fxgl_dark.css]
22:52:05.319 [FXGL Background Thread 3 ] DEBUG Engine               - collisionDetectionStrategy: BRUTE_FORCE
22:52:05.319 [FXGL Background Thread 3 ] DEBUG Engine               - configClass: Optional.empty
22:52:05.320 [FXGL Background Thread 3 ] DEBUG Engine               - credits: []
22:52:05.321 [FXGL Background Thread 3 ] DEBUG Engine               - defaultCursor: CursorInfo(imageName=fxgl_default_cursor.png, hotspotX=7.0, hotspotY=6.0)
22:52:05.323 [FXGL Background Thread 3 ] DEBUG Engine               - devBBoxColorProperty: ObjectProperty [value: 0xff0000ff]
22:52:05.323 [FXGL Background Thread 3 ] DEBUG Engine               - devEnableDebugCameraProperty: BooleanProperty [value: false]
22:52:05.324 [FXGL Background Thread 3 ] DEBUG Engine               - devSensorColorProperty: ObjectProperty [value: 0xffff00ff]
22:52:05.324 [FXGL Background Thread 3 ] DEBUG Engine               - devShowBBoxProperty: BooleanProperty [value: false]
22:52:05.324 [FXGL Background Thread 3 ] DEBUG Engine               - devShowPositionProperty: BooleanProperty [value: false]
22:52:05.325 [FXGL Background Thread 3 ] DEBUG Engine               - enabledMenuItems: []
22:52:05.325 [FXGL Background Thread 3 ] DEBUG Engine               - engineServices: [class com.almasb.fxgl.app.services.FXGLAssetLoaderService, class com.almasb.fxgl.app.FXGLApplication$GameApplicationService, class com.almasb.fxgl.app.services.FXGLDialogService, class com.almasb.fxgl.app.services.IOTaskExecutorService, class com.almasb.fxgl.io.FileSystemService, class com.almasb.fxgl.localization.LocalizationService, class com.almasb.fxgl.app.services.SystemBundleService, class com.almasb.fxgl.profile.SaveLoadService, class com.almasb.fxgl.ui.FXGLUIFactoryServiceProvider, class com.almasb.fxgl.ui.FXGLDialogFactoryServiceProvider, class com.almasb.fxgl.audio.AudioPlayer, class com.almasb.fxgl.notification.impl.NotificationServiceProvider, class com.almasb.fxgl.achievement.AchievementService, class com.almasb.fxgl.cutscene.CutsceneService, class com.almasb.fxgl.minigames.MiniGameService, class com.almasb.fxgl.net.NetService, class com.almasb.fxgl.app.services.UpdaterService, class com.almasb.fxgl.dev.DevService]
22:52:05.325 [FXGL Background Thread 3 ] DEBUG Engine               - fontGame: Abel-Regular.ttf
22:52:05.326 [FXGL Background Thread 3 ] DEBUG Engine               - fontMono: TerminalLandMono-Regular.otf
22:52:05.326 [FXGL Background Thread 3 ] DEBUG Engine               - fontSizeScaleUI: 1.0
22:52:05.326 [FXGL Background Thread 3 ] DEBUG Engine               - fontText: Courier-Prime.ttf
22:52:05.327 [FXGL Background Thread 3 ] DEBUG Engine               - fontUI: VarelaRound-Regular.ttf
22:52:05.327 [FXGL Background Thread 3 ] DEBUG Engine               - fullScreen: BooleanProperty [value: false]
22:52:05.328 [FXGL Background Thread 3 ] DEBUG Engine               - gameDifficulty: MEDIUM
22:52:05.328 [FXGL Background Thread 3 ] DEBUG Engine               - gameDifficultyProperty: ObjectProperty [value: MEDIUM]
22:52:05.328 [FXGL Background Thread 3 ] DEBUG Engine               - globalMusicVolume: 0.5
22:52:05.329 [FXGL Background Thread 3 ] DEBUG Engine               - globalMusicVolumeProperty: DoubleProperty [value: 0.5]
22:52:05.329 [FXGL Background Thread 3 ] DEBUG Engine               - globalSoundVolume: 0.5
22:52:05.330 [FXGL Background Thread 3 ] DEBUG Engine               - globalSoundVolumeProperty: DoubleProperty [value: 0.5]
22:52:05.330 [FXGL Background Thread 3 ] DEBUG Engine               - height: 800
22:52:05.330 [FXGL Background Thread 3 ] DEBUG Engine               - is3D: false
22:52:05.331 [FXGL Background Thread 3 ] DEBUG Engine               - isAndroid: false
22:52:05.331 [FXGL Background Thread 3 ] DEBUG Engine               - isBrowser: false
22:52:05.331 [FXGL Background Thread 3 ] DEBUG Engine               - isClickFeedbackEnabled: false
22:52:05.332 [FXGL Background Thread 3 ] DEBUG Engine               - isCloseConfirmation: false
22:52:05.332 [FXGL Background Thread 3 ] DEBUG Engine               - isDesktop: true
22:52:05.332 [FXGL Background Thread 3 ] DEBUG Engine               - isDeveloperMenuEnabled: false
22:52:05.332 [FXGL Background Thread 3 ] DEBUG Engine               - isEmbedded: false
22:52:05.333 [FXGL Background Thread 3 ] DEBUG Engine               - isEntityPreloadEnabled: true
22:52:05.333 [FXGL Background Thread 3 ] DEBUG Engine               - isExperimentalTiledLargeMap: false
22:52:05.333 [FXGL Background Thread 3 ] DEBUG Engine               - isFileSystemWriteAllowed: true
22:52:05.334 [FXGL Background Thread 3 ] DEBUG Engine               - isFullScreenAllowed: false
22:52:05.334 [FXGL Background Thread 3 ] DEBUG Engine               - isFullScreenFromStart: false
22:52:05.334 [FXGL Background Thread 3 ] DEBUG Engine               - isGameMenuEnabled: true
22:52:05.335 [FXGL Background Thread 3 ] DEBUG Engine               - isIOS: false
22:52:05.335 [FXGL Background Thread 3 ] DEBUG Engine               - isIntroEnabled: false
22:52:05.335 [FXGL Background Thread 3 ] DEBUG Engine               - isLinux: true
22:52:05.335 [FXGL Background Thread 3 ] DEBUG Engine               - isMac: false
22:52:05.336 [FXGL Background Thread 3 ] DEBUG Engine               - isMainMenuEnabled: false
22:52:05.336 [FXGL Background Thread 3 ] DEBUG Engine               - isManualResizeEnabled: false
22:52:05.336 [FXGL Background Thread 3 ] DEBUG Engine               - isMobile: false
22:52:05.337 [FXGL Background Thread 3 ] DEBUG Engine               - isNative: false
22:52:05.337 [FXGL Background Thread 3 ] DEBUG Engine               - isPauseMusicWhenMinimized: true
22:52:05.337 [FXGL Background Thread 3 ] DEBUG Engine               - isPreserveResizeRatio: false
22:52:05.337 [FXGL Background Thread 3 ] DEBUG Engine               - isProfilingEnabled: false
22:52:05.338 [FXGL Background Thread 3 ] DEBUG Engine               - isScaleAffectedOnResize: true
22:52:05.338 [FXGL Background Thread 3 ] DEBUG Engine               - isSingleStep: false
22:52:05.338 [FXGL Background Thread 3 ] DEBUG Engine               - isUserProfileEnabled: false
22:52:05.338 [FXGL Background Thread 3 ] DEBUG Engine               - isWindows: false
22:52:05.339 [FXGL Background Thread 3 ] DEBUG Engine               - language: ObjectProperty [value: ENGLISH]
22:52:05.339 [FXGL Background Thread 3 ] DEBUG Engine               - menuKey: ESCAPE
22:52:05.339 [FXGL Background Thread 3 ] DEBUG Engine               - mouseSensitivity: 0.2
22:52:05.340 [FXGL Background Thread 3 ] DEBUG Engine               - notificationViewClass: class com.almasb.fxgl.notification.view.XboxNotificationView
22:52:05.340 [FXGL Background Thread 3 ] DEBUG Engine               - pixelsPerMeter: 50.0
22:52:05.340 [FXGL Background Thread 3 ] DEBUG Engine               - platform: LINUX
22:52:05.341 [FXGL Background Thread 3 ] DEBUG Engine               - prefHeightProperty: ReadOnlyDoubleProperty [value: 800.0]
22:52:05.341 [FXGL Background Thread 3 ] DEBUG Engine               - prefWidthProperty: ReadOnlyDoubleProperty [value: 600.0]
22:52:05.342 [FXGL Background Thread 3 ] DEBUG Engine               - profileDir: profiles/
22:52:05.343 [FXGL Background Thread 3 ] DEBUG Engine               - profileName: StringProperty [value: DEFAULT]
22:52:05.343 [FXGL Background Thread 3 ] DEBUG Engine               - randomSeed: -1
22:52:05.345 [FXGL Background Thread 3 ] DEBUG Engine               - runtimeInfo: RuntimeInfo(platform=LINUX, version=17.3, build=30.03.2023 11.49)
22:52:05.345 [FXGL Background Thread 3 ] DEBUG Engine               - saveFileExt: sav
22:52:05.345 [FXGL Background Thread 3 ] DEBUG Engine               - scaledHeightProp$fxgl: DoubleProperty [bound, value: 731.0]
22:52:05.346 [FXGL Background Thread 3 ] DEBUG Engine               - scaledWidthProp$fxgl: DoubleProperty [bound, value: 527.0]
22:52:05.346 [FXGL Background Thread 3 ] DEBUG Engine               - sceneFactory: com.almasb.fxgl.app.scene.SceneFactory@1a1dbad5
22:52:05.346 [FXGL Background Thread 3 ] DEBUG Engine               - secondsIn24h: 60
22:52:05.347 [FXGL Background Thread 3 ] DEBUG Engine               - soundMenuBack: menu/back.wav
22:52:05.347 [FXGL Background Thread 3 ] DEBUG Engine               - soundMenuPress: menu/press.wav
22:52:05.347 [FXGL Background Thread 3 ] DEBUG Engine               - soundMenuSelect: menu/select.wav
22:52:05.347 [FXGL Background Thread 3 ] DEBUG Engine               - soundNotification: core/notification.wav
22:52:05.348 [FXGL Background Thread 3 ] DEBUG Engine               - stageStyle: DECORATED
22:52:05.348 [FXGL Background Thread 3 ] DEBUG Engine               - supportedLanguages: [ENGLISH, FRENCH, GERMAN, HUNGARIAN, RUSSIAN]
22:52:05.348 [FXGL Background Thread 3 ] DEBUG Engine               - ticksPerSecond: -1
22:52:05.348 [FXGL Background Thread 3 ] DEBUG Engine               - title: Penguin_Kitchen
22:52:05.349 [FXGL Background Thread 3 ] DEBUG Engine               - urlGithub: https://github.com/AlmasB/FXGL
22:52:05.349 [FXGL Background Thread 3 ] DEBUG Engine               - urlLeaderboard: http://fxgl-top.herokuapp.com/
22:52:05.349 [FXGL Background Thread 3 ] DEBUG Engine               - urlPOM: https://raw.githubusercontent.com/AlmasB/FXGL/release/README.md
22:52:05.350 [FXGL Background Thread 3 ] DEBUG Engine               - userAppClass: class Main.Main
22:52:05.350 [FXGL Background Thread 3 ] DEBUG Engine               - version: 1.0
22:52:05.350 [FXGL Background Thread 3 ] DEBUG Engine               - versionCheckDays: 7
22:52:05.350 [FXGL Background Thread 3 ] DEBUG Engine               - width: 600
22:52:05.351 [FXGL Background Thread 3 ] DEBUG Engine               - Logging services
22:52:05.351 [FXGL Background Thread 3 ] DEBUG Engine               - class com.almasb.fxgl.app.services.FXGLAssetLoaderService
22:52:05.351 [FXGL Background Thread 3 ] DEBUG Engine               - class com.almasb.fxgl.app.FXGLApplication$GameApplicationService
22:52:05.351 [FXGL Background Thread 3 ] DEBUG Engine               - class com.almasb.fxgl.app.services.FXGLDialogService
22:52:05.352 [FXGL Background Thread 3 ] DEBUG Engine               - class com.almasb.fxgl.app.services.IOTaskExecutorService
22:52:05.352 [FXGL Background Thread 3 ] DEBUG Engine               - class com.almasb.fxgl.io.FileSystemService
22:52:05.352 [FXGL Background Thread 3 ] DEBUG Engine               - class com.almasb.fxgl.localization.LocalizationService
22:52:05.352 [FXGL Background Thread 3 ] DEBUG Engine               - class com.almasb.fxgl.app.services.SystemBundleService
22:52:05.353 [FXGL Background Thread 3 ] DEBUG Engine               - class com.almasb.fxgl.profile.SaveLoadService
22:52:05.353 [FXGL Background Thread 3 ] DEBUG Engine               - class com.almasb.fxgl.ui.FXGLUIFactoryServiceProvider
22:52:05.353 [FXGL Background Thread 3 ] DEBUG Engine               - class com.almasb.fxgl.ui.FXGLDialogFactoryServiceProvider
22:52:05.353 [FXGL Background Thread 3 ] DEBUG Engine               - class com.almasb.fxgl.audio.AudioPlayer
22:52:05.354 [FXGL Background Thread 3 ] DEBUG Engine               - class com.almasb.fxgl.notification.impl.NotificationServiceProvider
22:52:05.354 [FXGL Background Thread 3 ] DEBUG Engine               - class com.almasb.fxgl.achievement.AchievementService
22:52:05.354 [FXGL Background Thread 3 ] DEBUG Engine               - class com.almasb.fxgl.cutscene.CutsceneService
22:52:05.354 [FXGL Background Thread 3 ] DEBUG Engine               - class com.almasb.fxgl.minigames.MiniGameService
22:52:05.354 [FXGL Background Thread 3 ] DEBUG Engine               - class com.almasb.fxgl.net.NetService
22:52:05.355 [FXGL Background Thread 3 ] DEBUG Engine               - class com.almasb.fxgl.app.services.UpdaterService
22:52:05.355 [FXGL Background Thread 3 ] DEBUG Engine               - class com.almasb.fxgl.dev.DevService
22:52:05.544 [JavaFX Application Thread] DEBUG FXGLAssetLoaderServi - Loading from file system: file:/home/diego/Documentos/concurrente/Restaurant/dario/Penguin_kitchen/target/classes/assets/textures/cliente.png
22:52:08.394 [JavaFX Application Thread] DEBUG FXGLAssetLoaderServi - Loading from file system: file:/home/diego/Documentos/concurrente/Restaurant/dario/Penguin_kitchen/target/classes/assets/textures/clienta.png
22:52:10.645 [JavaFX Application Thread] DEBUG FXGLAssetLoaderServi - Loading from file system: file:/home/diego/Documentos/concurrente/Restaurant/dario/Penguin_kitchen/target/classes/assets/textures/comida.png
22:52:48.382 [JavaFX Application Thread] DEBUG FXGLApplication      - Exiting FXGL
22:52:48.382 [JavaFX Application Thread] DEBUG LoopRunner           - Stopping loop
22:52:48.383 [JavaFX Application Thread] DEBUG SystemBundleService  - Saving FXGL system data
22:52:48.390 [JavaFX Application Thread] DEBUG FileSystemAccess     - Writing to: /home/diego/Documentos/concurrente/Restaurant/dario/Penguin_kitchen/system/fxgl.bundle
22:52:48.399 [JavaFX Application Thread] DEBUG Async                - Shutting down background threads
22:52:48.401 [JavaFX Application Thread] DEBUG PrimaryStageWindow   - Closing main window
22:52:48.410 [JavaFX Application Thread] DEBUG Logger               - Closing Logger
