06:02:20.832 [main                     ] DEBUG Logger               - Configured Logger
06:02:20.847 [main                     ] DEBUG GameApplication      - Logging settings
Title: Penguin_Kitchen
Version: 1.0
Width: 600
Height: 800
Fullscreen: false
Intro: false
Profiling: false
Single step:false
App Mode: DEVELOPER
Menu Key: ESCAPE
Stage Style: DECORATED
Scene Factory: class com.almasb.fxgl.app.scene.SceneFactory

06:02:24.676 [JavaFX Application Thread] DEBUG FXGLApplication      - Initializing FXGL
06:02:24.678 [JavaFX Application Thread] INFO  Engine               - FXGL-17.3 (30.03.2023 11.49) on MAC (J:17.0.13 FX:20)
06:02:24.679 [JavaFX Application Thread] DEBUG Engine               - JRE Vendor Name: Amazon.com Inc.
06:02:24.679 [JavaFX Application Thread] DEBUG Engine               - Running on OS: Mac OS X version 15.0
06:02:24.679 [JavaFX Application Thread] DEBUG Engine               - Architecture: aarch64
06:02:24.679 [JavaFX Application Thread] INFO  Engine               - Source code and latest versions at: https://github.com/AlmasB/FXGL
06:02:24.679 [JavaFX Application Thread] INFO  Engine               -       Ask questions and discuss at: https://github.com/AlmasB/FXGL/discussions
06:02:24.679 [JavaFX Application Thread] INFO  Engine               -              Join the FXGL chat at: https://gitter.im/AlmasB/FXGL
06:02:24.721 [JavaFX Application Thread] DEBUG PrimaryStageWindow   - Creating a JavaFX scene
06:02:24.739 [JavaFX Application Thread] DEBUG PrimaryStageWindow   - Target settings size: 600.0 x 800.0
06:02:24.739 [JavaFX Application Thread] DEBUG PrimaryStageWindow   - Scaled scene size:    600.0 x 800.0
06:02:24.739 [JavaFX Application Thread] DEBUG PrimaryStageWindow   - Scaled ratio: (1.0, 1.0)
06:02:24.739 [JavaFX Application Thread] DEBUG PrimaryStageWindow   - Set initial scene to FXGLStartupScene
06:02:24.740 [JavaFX Application Thread] DEBUG PrimaryStageWindow   - Opening main window
06:02:24.776 [JavaFX Application Thread] DEBUG PrimaryStageWindow   - Window border size: (0.0, 28.0)
06:02:24.776 [JavaFX Application Thread] DEBUG PrimaryStageWindow   - Scaled size: 600.0 x 800.0
06:02:24.776 [JavaFX Application Thread] DEBUG PrimaryStageWindow   - Scaled ratio: (1.0, 1.0)
06:02:24.776 [JavaFX Application Thread] DEBUG PrimaryStageWindow   - Scene size: 600.0 x 800.0
06:02:24.776 [JavaFX Application Thread] DEBUG PrimaryStageWindow   - Stage size: 600.0 x 828.0
06:02:24.778 [FXGL Background Thread 1 ] DEBUG Engine               - Initializing environment variables
06:02:24.787 [FXGL Background Thread 1 ] DEBUG FXGLAssetLoaderServi - User app class for loading assets: class Main.Main
06:02:24.787 [FXGL Background Thread 1 ] DEBUG GameApplicationServi - Applying CSS: fxgl_dark.css
06:02:24.787 [FXGL Background Thread 1 ] DEBUG FXGLAssetLoaderServi - Loading from file system: jar:file:/Users/dariohg/.m2/repository/com/github/almasb/fxgl/17.3/fxgl-17.3.jar!/fxglassets/ui/css/fxgl_dark.css
06:02:24.803 [FXGL Background Thread 1 ] DEBUG GameApplicationServi - Initializing application scenes
06:02:24.949 [FXGL Background Thread 1 ] DEBUG GameWorld            - Game world initialized
06:02:24.966 [FXGL Background Thread 1 ] DEBUG PhysicsWorld         - Physics world initialized: appHeight=800, physics.ppm=50.0
06:02:24.966 [FXGL Background Thread 1 ] DEBUG PhysicsWorld         - Using strategy: BRUTE_FORCE
06:02:24.967 [FXGL Background Thread 1 ] DEBUG GameScene            - Game scene initialized: 600x800
06:02:24.970 [FXGL Background Thread 1 ] WARN  FXGL.DefaultMenu     - FXGLDefaultMenu is not designed for resolutions < 800x600
06:02:24.971 [FXGL Background Thread 1 ] DEBUG FXGL.DefaultMenu     - createMenuBodyGameMenu()
06:02:24.977 [FXGL Background Thread 1 ] DEBUG FXGL.DefaultMenu     - createOptionsMenu()
06:02:24.980 [FXGL Background Thread 1 ] DEBUG FXGLAssetLoaderServi - Loading from file system: jar:file:/Users/dariohg/.m2/repository/com/github/almasb/fxgl/17.3/fxgl-17.3.jar!/fxglassets/textures/particles/smoke.png
06:02:25.018 [FXGL Background Thread 1 ] DEBUG FXGLAssetLoaderServi - Loading from file system: jar:file:/Users/dariohg/.m2/repository/com/github/almasb/fxgl/17.3/fxgl-17.3.jar!/fxglassets/textures/particles/trace_horizontal.png
06:02:25.033 [FXGL Background Thread 1 ] DEBUG GameApplicationServi - Application scenes initialized
06:02:25.037 [FXGL Background Thread 1 ] DEBUG SystemBundleService  - Loading FXGL system data
06:02:25.038 [FXGL Background Thread 1 ] DEBUG FileSystemAccess     - Reading from: /Users/dariohg/Documents/Simulador/Penguin_kitchen/system/fxgl.bundle
06:02:25.038 [FXGL Background Thread 1 ] DEBUG SystemBundleService  - Bundle FXGL: {}
06:02:25.039 [FXGL Background Thread 1 ] DEBUG UpdaterService       - Checking for updates
06:02:25.040 [FXGL Background Thread 4 ] DEBUG FXGLApplication      - Loading fonts
06:02:25.040 [FXGL Background Thread 1 ] DEBUG FXGLApplication      - Loading default localization
06:02:25.040 [FXGL Background Thread 4 ] DEBUG FXGLAssetLoaderServi - Loading from file system: jar:file:/Users/dariohg/.m2/repository/com/github/almasb/fxgl/17.3/fxgl-17.3.jar!/fxglassets/ui/fonts/VarelaRound-Regular.ttf
06:02:25.040 [FXGL Background Thread 1 ] DEBUG FXGLAssetLoaderServi - Loading from file system: jar:file:/Users/dariohg/.m2/repository/com/github/almasb/fxgl/17.3/fxgl-17.3.jar!/fxglassets/languages/english.lang
06:02:25.048 [FXGL Background Thread 1 ] INFO  FXGLApplication      - FXGL initialization took: 0.270 sec
06:02:25.048 [JavaFX Application Thread] DEBUG FXGLAssetLoaderServi - Loading from file system: jar:file:/Users/dariohg/.m2/repository/com/github/almasb/fxgl/17.3/fxgl-17.3.jar!/fxglassets/textures/fxgl_icon.png
06:02:25.050 [FXGL Background Thread 4 ] DEBUG FXGLAssetLoaderServi - Loading from file system: jar:file:/Users/dariohg/.m2/repository/com/github/almasb/fxgl/17.3/fxgl-17.3.jar!/fxglassets/ui/fonts/Abel-Regular.ttf
06:02:25.052 [FXGL Background Thread 4 ] DEBUG FXGLAssetLoaderServi - Loading from file system: jar:file:/Users/dariohg/.m2/repository/com/github/almasb/fxgl/17.3/fxgl-17.3.jar!/fxglassets/ui/fonts/TerminalLandMono-Regular.otf
06:02:25.053 [FXGL Background Thread 4 ] DEBUG FXGLAssetLoaderServi - Loading from file system: jar:file:/Users/dariohg/.m2/repository/com/github/almasb/fxgl/17.3/fxgl-17.3.jar!/fxglassets/ui/fonts/Courier-Prime.ttf
06:02:25.069 [JavaFX Application Thread] DEBUG FXGLAssetLoaderServi - Loading from file system: jar:file:/Users/dariohg/.m2/repository/com/github/almasb/fxgl/17.3/fxgl-17.3.jar!/fxglassets/textures/fxgl_default_cursor.png
06:02:25.075 [JavaFX Application Thread] DEBUG Input                - Registered new binding: Screenshot - CTRL+8
06:02:25.075 [JavaFX Application Thread] DEBUG Input                - Registered new binding: System info dump - CTRL+9
06:02:25.075 [JavaFX Application Thread] DEBUG Input                - Registered new binding: Restart - CTRL+R
06:02:25.076 [JavaFX Application Thread] DEBUG Input                - Registered new binding: Toggle Debug Camera - CTRL+7
06:02:25.076 [JavaFX Application Thread] DEBUG LoopRunner           - Starting loop
06:02:25.076 [JavaFX Application Thread] DEBUG LoopRunner           - Initializing JavaFX AnimationTimerLoop
06:02:25.077 [JavaFX Application Thread] DEBUG GameApplicationServi - Starting new game
06:02:25.077 [JavaFX Application Thread] DEBUG Input                - Clearing active input actions
06:02:25.080 [JavaFX Application Thread] DEBUG GameApplicationServi - Removing overlay from FXGLStartupScene and adding to FXGLLoadingScene
06:02:25.080 [JavaFX Application Thread] DEBUG PrimaryStageWindow   - FXGLStartupScene -> FXGLLoadingScene
06:02:25.080 [JavaFX Application Thread] DEBUG GameApplicationServi - Clearing previous game
06:02:25.080 [JavaFX Application Thread] DEBUG GameScene            - Clearing game scene
06:02:25.080 [JavaFX Application Thread] DEBUG GameWorld            - Clearing game world
06:02:25.080 [JavaFX Application Thread] DEBUG PhysicsWorld         - Clearing physics world
06:02:25.081 [FXGL Background Thread 4 ] DEBUG FXGLApplication      - Initializing game
06:02:25.082 [FXGL Background Thread 4 ] DEBUG FXGLAssetLoaderServi - Loading from file system: file:/Users/dariohg/Documents/Simulador/Penguin_kitchen/target/classes/assets/textures/fondo.png
06:02:25.083 [JavaFX Application Thread] DEBUG FXGLApplication      - Registering font factories with UI factory
06:02:25.095 [FXGL Background Thread 4 ] DEBUG FXGLAssetLoaderServi - Loading from file system: file:/Users/dariohg/Documents/Simulador/Penguin_kitchen/target/classes/assets/textures/CHEF.PNG
06:02:25.115 [FXGL Background Thread 4 ] DEBUG FXGLAssetLoaderServi - Loading from file system: file:/Users/dariohg/Documents/Simulador/Penguin_kitchen/target/classes/assets/textures/RECEPCIONISTA.PNG
06:02:25.133 [FXGL Background Thread 4 ] WARN  FXGLAssetLoaderServi - Asset "/assets/textures/mesa.png" was not found!
06:02:25.133 [FXGL Background Thread 4 ] WARN  FXGLAssetLoaderServi - Failed to load IMAGE
06:02:25.137 [FXGL Background Thread 4 ] WARN  FXGLAssetLoaderServi - Asset "/assets/textures/mesa.png" was not found!
06:02:25.137 [FXGL Background Thread 4 ] WARN  FXGLAssetLoaderServi - Failed to load IMAGE
06:02:25.137 [FXGL Background Thread 4 ] WARN  FXGLAssetLoaderServi - Asset "/assets/textures/mesa.png" was not found!
06:02:25.137 [FXGL Background Thread 4 ] WARN  FXGLAssetLoaderServi - Failed to load IMAGE
06:02:25.138 [FXGL Background Thread 4 ] WARN  FXGLAssetLoaderServi - Asset "/assets/textures/mesa.png" was not found!
06:02:25.138 [FXGL Background Thread 4 ] WARN  FXGLAssetLoaderServi - Failed to load IMAGE
06:02:25.138 [FXGL Background Thread 4 ] WARN  FXGLAssetLoaderServi - Asset "/assets/textures/mesa.png" was not found!
06:02:25.138 [FXGL Background Thread 4 ] WARN  FXGLAssetLoaderServi - Failed to load IMAGE
06:02:25.138 [FXGL Background Thread 4 ] WARN  FXGLAssetLoaderServi - Asset "/assets/textures/mesa.png" was not found!
06:02:25.138 [FXGL Background Thread 4 ] WARN  FXGLAssetLoaderServi - Failed to load IMAGE
06:02:25.138 [FXGL Background Thread 4 ] WARN  FXGLAssetLoaderServi - Asset "/assets/textures/mesa.png" was not found!
06:02:25.138 [FXGL Background Thread 4 ] WARN  FXGLAssetLoaderServi - Failed to load IMAGE
06:02:25.139 [FXGL Background Thread 4 ] WARN  FXGLAssetLoaderServi - Asset "/assets/textures/mesa.png" was not found!
06:02:25.139 [FXGL Background Thread 4 ] WARN  FXGLAssetLoaderServi - Failed to load IMAGE
06:02:25.139 [FXGL Background Thread 4 ] WARN  FXGLAssetLoaderServi - Asset "/assets/textures/mesa.png" was not found!
06:02:25.139 [FXGL Background Thread 4 ] WARN  FXGLAssetLoaderServi - Failed to load IMAGE
06:02:25.139 [FXGL Background Thread 4 ] WARN  FXGLAssetLoaderServi - Asset "/assets/textures/mesa.png" was not found!
06:02:25.139 [FXGL Background Thread 4 ] WARN  FXGLAssetLoaderServi - Failed to load IMAGE
06:02:25.139 [FXGL Background Thread 4 ] WARN  FXGLAssetLoaderServi - Asset "/assets/textures/mesa.png" was not found!
06:02:25.139 [FXGL Background Thread 4 ] WARN  FXGLAssetLoaderServi - Failed to load IMAGE
06:02:25.140 [FXGL Background Thread 4 ] WARN  FXGLAssetLoaderServi - Asset "/assets/textures/mesa.png" was not found!
06:02:25.140 [FXGL Background Thread 4 ] WARN  FXGLAssetLoaderServi - Failed to load IMAGE
06:02:25.142 [FXGL Background Thread 4 ] DEBUG FXGLAssetLoaderServi - Loading from file system: file:/Users/dariohg/Documents/Simulador/Penguin_kitchen/target/classes/assets/textures/MESERO.PNG
06:02:25.176 [FXGL Background Thread 4 ] INFO  FXGLApplication      - Game initialization took: 0.095 sec
06:02:25.176 [JavaFX Application Thread] DEBUG Input                - Clearing active input actions
06:02:25.179 [JavaFX Application Thread] DEBUG GameApplicationServi - Removing overlay from FXGLLoadingScene and adding to GameScene
06:02:25.179 [JavaFX Application Thread] DEBUG PrimaryStageWindow   - FXGLLoadingScene -> GameScene
06:02:25.335 [FXGL Background Thread 2 ] INFO  UpdaterService       - Your current version:  17.3
06:02:25.335 [FXGL Background Thread 2 ] INFO  UpdaterService       - Latest stable version: 21.1
06:02:28.043 [FXGL Background Thread 3 ] DEBUG Engine               - Logging environment variables
06:02:28.044 [FXGL Background Thread 3 ] DEBUG Engine               - achievements: []
06:02:28.044 [FXGL Background Thread 3 ] DEBUG Engine               - actualHeight: 800.0
06:02:28.044 [FXGL Background Thread 3 ] DEBUG Engine               - actualHeightProperty: ReadOnlyDoubleProperty [value: 800.0]
06:02:28.044 [FXGL Background Thread 3 ] DEBUG Engine               - actualWidth: 600.0
06:02:28.044 [FXGL Background Thread 3 ] DEBUG Engine               - actualWidthProperty: ReadOnlyDoubleProperty [value: 600.0]
06:02:28.044 [FXGL Background Thread 3 ] DEBUG Engine               - appIcon: fxgl_icon.png
06:02:28.044 [FXGL Background Thread 3 ] DEBUG Engine               - applicationMode: DEVELOPER
06:02:28.044 [FXGL Background Thread 3 ] DEBUG Engine               - cSSList: [fxgl_dark.css]
06:02:28.044 [FXGL Background Thread 3 ] DEBUG Engine               - collisionDetectionStrategy: BRUTE_FORCE
06:02:28.044 [FXGL Background Thread 3 ] DEBUG Engine               - configClass: Optional.empty
06:02:28.044 [FXGL Background Thread 3 ] DEBUG Engine               - credits: []
06:02:28.044 [FXGL Background Thread 3 ] DEBUG Engine               - defaultCursor: CursorInfo(imageName=fxgl_default_cursor.png, hotspotX=7.0, hotspotY=6.0)
06:02:28.045 [FXGL Background Thread 3 ] DEBUG Engine               - devBBoxColorProperty: ObjectProperty [value: 0xff0000ff]
06:02:28.045 [FXGL Background Thread 3 ] DEBUG Engine               - devEnableDebugCameraProperty: BooleanProperty [value: false]
06:02:28.045 [FXGL Background Thread 3 ] DEBUG Engine               - devSensorColorProperty: ObjectProperty [value: 0xffff00ff]
06:02:28.045 [FXGL Background Thread 3 ] DEBUG Engine               - devShowBBoxProperty: BooleanProperty [value: false]
06:02:28.045 [FXGL Background Thread 3 ] DEBUG Engine               - devShowPositionProperty: BooleanProperty [value: false]
06:02:28.045 [FXGL Background Thread 3 ] DEBUG Engine               - enabledMenuItems: []
06:02:28.045 [FXGL Background Thread 3 ] DEBUG Engine               - engineServices: [class com.almasb.fxgl.app.services.FXGLAssetLoaderService, class com.almasb.fxgl.app.FXGLApplication$GameApplicationService, class com.almasb.fxgl.app.services.FXGLDialogService, class com.almasb.fxgl.app.services.IOTaskExecutorService, class com.almasb.fxgl.io.FileSystemService, class com.almasb.fxgl.localization.LocalizationService, class com.almasb.fxgl.app.services.SystemBundleService, class com.almasb.fxgl.profile.SaveLoadService, class com.almasb.fxgl.ui.FXGLUIFactoryServiceProvider, class com.almasb.fxgl.ui.FXGLDialogFactoryServiceProvider, class com.almasb.fxgl.audio.AudioPlayer, class com.almasb.fxgl.notification.impl.NotificationServiceProvider, class com.almasb.fxgl.achievement.AchievementService, class com.almasb.fxgl.cutscene.CutsceneService, class com.almasb.fxgl.minigames.MiniGameService, class com.almasb.fxgl.net.NetService, class com.almasb.fxgl.app.services.UpdaterService, class com.almasb.fxgl.dev.DevService]
06:02:28.045 [FXGL Background Thread 3 ] DEBUG Engine               - fontGame: Abel-Regular.ttf
06:02:28.045 [FXGL Background Thread 3 ] DEBUG Engine               - fontMono: TerminalLandMono-Regular.otf
06:02:28.045 [FXGL Background Thread 3 ] DEBUG Engine               - fontSizeScaleUI: 1.0
06:02:28.045 [FXGL Background Thread 3 ] DEBUG Engine               - fontText: Courier-Prime.ttf
06:02:28.045 [FXGL Background Thread 3 ] DEBUG Engine               - fontUI: VarelaRound-Regular.ttf
06:02:28.045 [FXGL Background Thread 3 ] DEBUG Engine               - fullScreen: BooleanProperty [value: false]
06:02:28.045 [FXGL Background Thread 3 ] DEBUG Engine               - gameDifficulty: MEDIUM
06:02:28.045 [FXGL Background Thread 3 ] DEBUG Engine               - gameDifficultyProperty: ObjectProperty [value: MEDIUM]
06:02:28.045 [FXGL Background Thread 3 ] DEBUG Engine               - globalMusicVolume: 0.5
06:02:28.045 [FXGL Background Thread 3 ] DEBUG Engine               - globalMusicVolumeProperty: DoubleProperty [value: 0.5]
06:02:28.045 [FXGL Background Thread 3 ] DEBUG Engine               - globalSoundVolume: 0.5
06:02:28.045 [FXGL Background Thread 3 ] DEBUG Engine               - globalSoundVolumeProperty: DoubleProperty [value: 0.5]
06:02:28.045 [FXGL Background Thread 3 ] DEBUG Engine               - height: 800
06:02:28.045 [FXGL Background Thread 3 ] DEBUG Engine               - is3D: false
06:02:28.045 [FXGL Background Thread 3 ] DEBUG Engine               - isAndroid: false
06:02:28.045 [FXGL Background Thread 3 ] DEBUG Engine               - isBrowser: false
06:02:28.045 [FXGL Background Thread 3 ] DEBUG Engine               - isClickFeedbackEnabled: false
06:02:28.045 [FXGL Background Thread 3 ] DEBUG Engine               - isCloseConfirmation: false
06:02:28.045 [FXGL Background Thread 3 ] DEBUG Engine               - isDesktop: true
06:02:28.045 [FXGL Background Thread 3 ] DEBUG Engine               - isDeveloperMenuEnabled: false
06:02:28.045 [FXGL Background Thread 3 ] DEBUG Engine               - isEmbedded: false
06:02:28.045 [FXGL Background Thread 3 ] DEBUG Engine               - isEntityPreloadEnabled: true
06:02:28.045 [FXGL Background Thread 3 ] DEBUG Engine               - isExperimentalTiledLargeMap: false
06:02:28.045 [FXGL Background Thread 3 ] DEBUG Engine               - isFileSystemWriteAllowed: true
06:02:28.045 [FXGL Background Thread 3 ] DEBUG Engine               - isFullScreenAllowed: false
06:02:28.045 [FXGL Background Thread 3 ] DEBUG Engine               - isFullScreenFromStart: false
06:02:28.045 [FXGL Background Thread 3 ] DEBUG Engine               - isGameMenuEnabled: true
06:02:28.046 [FXGL Background Thread 3 ] DEBUG Engine               - isIOS: false
06:02:28.046 [FXGL Background Thread 3 ] DEBUG Engine               - isIntroEnabled: false
06:02:28.046 [FXGL Background Thread 3 ] DEBUG Engine               - isLinux: false
06:02:28.046 [FXGL Background Thread 3 ] DEBUG Engine               - isMac: true
06:02:28.046 [FXGL Background Thread 3 ] DEBUG Engine               - isMainMenuEnabled: false
06:02:28.046 [FXGL Background Thread 3 ] DEBUG Engine               - isManualResizeEnabled: false
06:02:28.046 [FXGL Background Thread 3 ] DEBUG Engine               - isMobile: false
06:02:28.046 [FXGL Background Thread 3 ] DEBUG Engine               - isNative: false
06:02:28.046 [FXGL Background Thread 3 ] DEBUG Engine               - isPauseMusicWhenMinimized: true
06:02:28.046 [FXGL Background Thread 3 ] DEBUG Engine               - isPreserveResizeRatio: false
06:02:28.046 [FXGL Background Thread 3 ] DEBUG Engine               - isProfilingEnabled: false
06:02:28.046 [FXGL Background Thread 3 ] DEBUG Engine               - isScaleAffectedOnResize: true
06:02:28.046 [FXGL Background Thread 3 ] DEBUG Engine               - isSingleStep: false
06:02:28.046 [FXGL Background Thread 3 ] DEBUG Engine               - isUserProfileEnabled: false
06:02:28.046 [FXGL Background Thread 3 ] DEBUG Engine               - isWindows: false
06:02:28.046 [FXGL Background Thread 3 ] DEBUG Engine               - language: ObjectProperty [value: ENGLISH]
06:02:28.046 [FXGL Background Thread 3 ] DEBUG Engine               - menuKey: ESCAPE
06:02:28.046 [FXGL Background Thread 3 ] DEBUG Engine               - mouseSensitivity: 0.2
06:02:28.046 [FXGL Background Thread 3 ] DEBUG Engine               - notificationViewClass: class com.almasb.fxgl.notification.view.XboxNotificationView
06:02:28.046 [FXGL Background Thread 3 ] DEBUG Engine               - pixelsPerMeter: 50.0
06:02:28.046 [FXGL Background Thread 3 ] DEBUG Engine               - platform: MAC
06:02:28.046 [FXGL Background Thread 3 ] DEBUG Engine               - prefHeightProperty: ReadOnlyDoubleProperty [value: 800.0]
06:02:28.046 [FXGL Background Thread 3 ] DEBUG Engine               - prefWidthProperty: ReadOnlyDoubleProperty [value: 600.0]
06:02:28.046 [FXGL Background Thread 3 ] DEBUG Engine               - profileDir: profiles/
06:02:28.046 [FXGL Background Thread 3 ] DEBUG Engine               - profileName: StringProperty [value: DEFAULT]
06:02:28.047 [FXGL Background Thread 3 ] DEBUG Engine               - randomSeed: -1
06:02:28.047 [FXGL Background Thread 3 ] DEBUG Engine               - runtimeInfo: RuntimeInfo(platform=MAC, version=17.3, build=30.03.2023 11.49)
06:02:28.047 [FXGL Background Thread 3 ] DEBUG Engine               - saveFileExt: sav
06:02:28.047 [FXGL Background Thread 3 ] DEBUG Engine               - scaledHeightProp$fxgl: DoubleProperty [bound, value: 800.0]
06:02:28.047 [FXGL Background Thread 3 ] DEBUG Engine               - scaledWidthProp$fxgl: DoubleProperty [bound, value: 600.0]
06:02:28.047 [FXGL Background Thread 3 ] DEBUG Engine               - sceneFactory: com.almasb.fxgl.app.scene.SceneFactory@378ce34
06:02:28.047 [FXGL Background Thread 3 ] DEBUG Engine               - secondsIn24h: 60
06:02:28.047 [FXGL Background Thread 3 ] DEBUG Engine               - soundMenuBack: menu/back.wav
06:02:28.047 [FXGL Background Thread 3 ] DEBUG Engine               - soundMenuPress: menu/press.wav
06:02:28.047 [FXGL Background Thread 3 ] DEBUG Engine               - soundMenuSelect: menu/select.wav
06:02:28.047 [FXGL Background Thread 3 ] DEBUG Engine               - soundNotification: core/notification.wav
06:02:28.047 [FXGL Background Thread 3 ] DEBUG Engine               - stageStyle: DECORATED
06:02:28.047 [FXGL Background Thread 3 ] DEBUG Engine               - supportedLanguages: [ENGLISH, FRENCH, GERMAN, HUNGARIAN, RUSSIAN]
06:02:28.047 [FXGL Background Thread 3 ] DEBUG Engine               - ticksPerSecond: -1
06:02:28.047 [FXGL Background Thread 3 ] DEBUG Engine               - title: Penguin_Kitchen
06:02:28.047 [FXGL Background Thread 3 ] DEBUG Engine               - urlGithub: https://github.com/AlmasB/FXGL
06:02:28.047 [FXGL Background Thread 3 ] DEBUG Engine               - urlLeaderboard: http://fxgl-top.herokuapp.com/
06:02:28.047 [FXGL Background Thread 3 ] DEBUG Engine               - urlPOM: https://raw.githubusercontent.com/AlmasB/FXGL/release/README.md
06:02:28.047 [FXGL Background Thread 3 ] DEBUG Engine               - userAppClass: class Main.Main
06:02:28.047 [FXGL Background Thread 3 ] DEBUG Engine               - version: 1.0
06:02:28.047 [FXGL Background Thread 3 ] DEBUG Engine               - versionCheckDays: 7
06:02:28.047 [FXGL Background Thread 3 ] DEBUG Engine               - width: 600
06:02:28.047 [FXGL Background Thread 3 ] DEBUG Engine               - Logging services
06:02:28.047 [FXGL Background Thread 3 ] DEBUG Engine               - class com.almasb.fxgl.app.services.FXGLAssetLoaderService
06:02:28.047 [FXGL Background Thread 3 ] DEBUG Engine               - class com.almasb.fxgl.app.FXGLApplication$GameApplicationService
06:02:28.047 [FXGL Background Thread 3 ] DEBUG Engine               - class com.almasb.fxgl.app.services.FXGLDialogService
06:02:28.047 [FXGL Background Thread 3 ] DEBUG Engine               - class com.almasb.fxgl.app.services.IOTaskExecutorService
06:02:28.047 [FXGL Background Thread 3 ] DEBUG Engine               - class com.almasb.fxgl.io.FileSystemService
06:02:28.047 [FXGL Background Thread 3 ] DEBUG Engine               - class com.almasb.fxgl.localization.LocalizationService
06:02:28.047 [FXGL Background Thread 3 ] DEBUG Engine               - class com.almasb.fxgl.app.services.SystemBundleService
06:02:28.047 [FXGL Background Thread 3 ] DEBUG Engine               - class com.almasb.fxgl.profile.SaveLoadService
06:02:28.047 [FXGL Background Thread 3 ] DEBUG Engine               - class com.almasb.fxgl.ui.FXGLUIFactoryServiceProvider
06:02:28.047 [FXGL Background Thread 3 ] DEBUG Engine               - class com.almasb.fxgl.ui.FXGLDialogFactoryServiceProvider
06:02:28.047 [FXGL Background Thread 3 ] DEBUG Engine               - class com.almasb.fxgl.audio.AudioPlayer
06:02:28.048 [FXGL Background Thread 3 ] DEBUG Engine               - class com.almasb.fxgl.notification.impl.NotificationServiceProvider
06:02:28.048 [FXGL Background Thread 3 ] DEBUG Engine               - class com.almasb.fxgl.achievement.AchievementService
06:02:28.048 [FXGL Background Thread 3 ] DEBUG Engine               - class com.almasb.fxgl.cutscene.CutsceneService
06:02:28.048 [FXGL Background Thread 3 ] DEBUG Engine               - class com.almasb.fxgl.minigames.MiniGameService
06:02:28.048 [FXGL Background Thread 3 ] DEBUG Engine               - class com.almasb.fxgl.net.NetService
06:02:28.048 [FXGL Background Thread 3 ] DEBUG Engine               - class com.almasb.fxgl.app.services.UpdaterService
06:02:28.048 [FXGL Background Thread 3 ] DEBUG Engine               - class com.almasb.fxgl.dev.DevService
06:02:28.191 [JavaFX Application Thread] DEBUG FXGLAssetLoaderServi - Loading from file system: file:/Users/dariohg/Documents/Simulador/Penguin_kitchen/target/classes/assets/textures/cliente.png
06:02:31.172 [JavaFX Application Thread] DEBUG FXGLAssetLoaderServi - Loading from file system: file:/Users/dariohg/Documents/Simulador/Penguin_kitchen/target/classes/assets/textures/clienta.png
06:02:48.310 [JavaFX Application Thread] DEBUG FXGLApplication      - Exiting FXGL
06:02:48.310 [JavaFX Application Thread] DEBUG LoopRunner           - Stopping loop
06:02:48.310 [JavaFX Application Thread] DEBUG SystemBundleService  - Saving FXGL system data
06:02:48.312 [JavaFX Application Thread] DEBUG FileSystemAccess     - Writing to: /Users/dariohg/Documents/Simulador/Penguin_kitchen/system/fxgl.bundle
06:02:48.312 [JavaFX Application Thread] DEBUG Async                - Shutting down background threads
06:02:48.313 [JavaFX Application Thread] DEBUG PrimaryStageWindow   - Closing main window
06:02:48.317 [JavaFX Application Thread] DEBUG Logger               - Closing Logger
