00:40:58.016 [Main.Main.main()         ] DEBUG Logger               - Configured Logger
00:40:58.073 [Main.Main.main()         ] DEBUG GameApplication      - Logging settings
Title: Penguin_Kitchen
Version: 1.0
Width: 600
Height: 800
Fullscreen: false
Intro: false
Profiling: false
Single step:false
App Mode: DEVELOPER
Menu Key: ESCAPE
Stage Style: DECORATED
Scene Factory: class com.almasb.fxgl.app.scene.SceneFactory

00:40:58.815 [JavaFX Application Thread] DEBUG FXGLApplication      - Initializing FXGL
00:40:58.836 [JavaFX Application Thread] INFO  Engine               - FXGL-17.3 (30.03.2023 11.49) on LINUX (J:21.0.5 FX:20)
00:40:58.838 [JavaFX Application Thread] DEBUG Engine               - JRE Vendor Name: Red Hat, Inc.
00:40:58.839 [JavaFX Application Thread] DEBUG Engine               - Running on OS: Linux version 6.11.8-200.fc40.x86_64
00:40:58.840 [JavaFX Application Thread] DEBUG Engine               - Architecture: amd64
00:40:58.842 [JavaFX Application Thread] INFO  Engine               - Source code and latest versions at: https://github.com/AlmasB/FXGL
00:40:58.842 [JavaFX Application Thread] INFO  Engine               -       Ask questions and discuss at: https://github.com/AlmasB/FXGL/discussions
00:40:58.843 [JavaFX Application Thread] INFO  Engine               -              Join the FXGL chat at: https://gitter.im/AlmasB/FXGL
00:40:59.312 [JavaFX Application Thread] DEBUG PrimaryStageWindow   - Creating a JavaFX scene
00:40:59.313 [JavaFX Application Thread] DEBUG PrimaryStageWindow   - Target size > screen size
00:40:59.574 [JavaFX Application Thread] DEBUG PrimaryStageWindow   - Target settings size: 600.0 x 800.0
00:40:59.575 [JavaFX Application Thread] DEBUG PrimaryStageWindow   - Scaled scene size:    527.0 x 736.0
00:40:59.576 [JavaFX Application Thread] DEBUG PrimaryStageWindow   - Scaled ratio: (0.8783333333333333, 0.92)
00:40:59.579 [JavaFX Application Thread] DEBUG PrimaryStageWindow   - Set initial scene to FXGLStartupScene
00:40:59.590 [JavaFX Application Thread] DEBUG PrimaryStageWindow   - Opening main window
00:40:59.780 [JavaFX Application Thread] DEBUG PrimaryStageWindow   - Window border size: (8.0, 38.0)
00:40:59.781 [JavaFX Application Thread] DEBUG PrimaryStageWindow   - Scaled size: 527.0 x 736.0
00:40:59.781 [JavaFX Application Thread] DEBUG PrimaryStageWindow   - Scaled ratio: (0.8783333333333333, 0.92)
00:40:59.782 [JavaFX Application Thread] DEBUG PrimaryStageWindow   - Scene size: 527.0 x 736.0
00:40:59.783 [JavaFX Application Thread] DEBUG PrimaryStageWindow   - Stage size: 535.0 x 774.0
00:40:59.805 [FXGL Background Thread 1 ] DEBUG Engine               - Initializing environment variables
00:40:59.908 [FXGL Background Thread 1 ] DEBUG FXGLAssetLoaderServi - User app class for loading assets: class Main.Main
00:40:59.909 [FXGL Background Thread 1 ] DEBUG GameApplicationServi - Applying CSS: fxgl_dark.css
00:40:59.911 [FXGL Background Thread 1 ] DEBUG FXGLAssetLoaderServi - Loading from file system: jar:file:/home/diego/.m2/repository/com/github/almasb/fxgl/17.3/fxgl-17.3.jar!/fxglassets/ui/css/fxgl_dark.css
00:41:00.051 [FXGL Background Thread 1 ] DEBUG GameApplicationServi - Initializing application scenes
00:41:00.210 [FXGL Background Thread 1 ] DEBUG GameWorld            - Game world initialized
00:41:00.408 [FXGL Background Thread 1 ] DEBUG PhysicsWorld         - Physics world initialized: appHeight=800, physics.ppm=50.0
00:41:00.409 [FXGL Background Thread 1 ] DEBUG PhysicsWorld         - Using strategy: BRUTE_FORCE
00:41:00.420 [FXGL Background Thread 1 ] DEBUG GameScene            - Game scene initialized: 600x800
00:41:00.459 [FXGL Background Thread 1 ] WARN  FXGL.DefaultMenu     - FXGLDefaultMenu is not designed for resolutions < 800x600
00:41:00.460 [FXGL Background Thread 1 ] DEBUG FXGL.DefaultMenu     - createMenuBodyGameMenu()
00:41:00.519 [FXGL Background Thread 1 ] DEBUG FXGL.DefaultMenu     - createOptionsMenu()
00:41:00.555 [FXGL Background Thread 1 ] DEBUG FXGLAssetLoaderServi - Loading from file system: jar:file:/home/diego/.m2/repository/com/github/almasb/fxgl/17.3/fxgl-17.3.jar!/fxglassets/textures/particles/smoke.png
00:41:00.843 [FXGL Background Thread 1 ] DEBUG FXGLAssetLoaderServi - Loading from file system: jar:file:/home/diego/.m2/repository/com/github/almasb/fxgl/17.3/fxgl-17.3.jar!/fxglassets/textures/particles/trace_horizontal.png
00:41:00.933 [FXGL Background Thread 1 ] DEBUG GameApplicationServi - Application scenes initialized
00:41:00.974 [FXGL Background Thread 1 ] DEBUG SystemBundleService  - Loading FXGL system data
00:41:00.986 [FXGL Background Thread 1 ] DEBUG FileSystemAccess     - Reading from: /home/diego/Documentos/concurrente/Restaurant/dario/Penguin_kitchen/system/fxgl.bundle
00:41:01.008 [FXGL Background Thread 1 ] DEBUG SystemBundleService  - Bundle FXGL: {}
00:41:01.008 [FXGL Background Thread 1 ] DEBUG UpdaterService       - Checking for updates
00:41:01.020 [FXGL Background Thread 4 ] DEBUG FXGLApplication      - Loading fonts
00:41:01.021 [FXGL Background Thread 4 ] DEBUG FXGLAssetLoaderServi - Loading from file system: jar:file:/home/diego/.m2/repository/com/github/almasb/fxgl/17.3/fxgl-17.3.jar!/fxglassets/ui/fonts/VarelaRound-Regular.ttf
00:41:01.023 [FXGL Background Thread 1 ] DEBUG FXGLApplication      - Loading default localization
00:41:01.024 [FXGL Background Thread 1 ] DEBUG FXGLAssetLoaderServi - Loading from file system: jar:file:/home/diego/.m2/repository/com/github/almasb/fxgl/17.3/fxgl-17.3.jar!/fxglassets/languages/english.lang
00:41:01.043 [FXGL Background Thread 4 ] DEBUG FXGLAssetLoaderServi - Loading from file system: jar:file:/home/diego/.m2/repository/com/github/almasb/fxgl/17.3/fxgl-17.3.jar!/fxglassets/ui/fonts/Abel-Regular.ttf
00:41:01.050 [FXGL Background Thread 4 ] DEBUG FXGLAssetLoaderServi - Loading from file system: jar:file:/home/diego/.m2/repository/com/github/almasb/fxgl/17.3/fxgl-17.3.jar!/fxglassets/ui/fonts/TerminalLandMono-Regular.otf
00:41:01.060 [FXGL Background Thread 4 ] DEBUG FXGLAssetLoaderServi - Loading from file system: jar:file:/home/diego/.m2/repository/com/github/almasb/fxgl/17.3/fxgl-17.3.jar!/fxglassets/ui/fonts/Courier-Prime.ttf
00:41:01.069 [JavaFX Application Thread] DEBUG FXGLApplication      - Registering font factories with UI factory
00:41:01.076 [FXGL Background Thread 1 ] INFO  FXGLApplication      - FXGL initialization took: 1.271 sec
00:41:01.082 [JavaFX Application Thread] DEBUG FXGLAssetLoaderServi - Loading from file system: jar:file:/home/diego/.m2/repository/com/github/almasb/fxgl/17.3/fxgl-17.3.jar!/fxglassets/textures/fxgl_icon.png
00:41:01.165 [JavaFX Application Thread] DEBUG FXGLAssetLoaderServi - Loading from file system: jar:file:/home/diego/.m2/repository/com/github/almasb/fxgl/17.3/fxgl-17.3.jar!/fxglassets/textures/fxgl_default_cursor.png
00:41:01.198 [JavaFX Application Thread] DEBUG Input                - Registered new binding: Screenshot - CTRL+8
00:41:01.200 [JavaFX Application Thread] DEBUG Input                - Registered new binding: System info dump - CTRL+9
00:41:01.201 [JavaFX Application Thread] DEBUG Input                - Registered new binding: Restart - CTRL+R
00:41:01.203 [JavaFX Application Thread] DEBUG Input                - Registered new binding: Toggle Debug Camera - CTRL+7
00:41:01.211 [JavaFX Application Thread] DEBUG LoopRunner           - Starting loop
00:41:01.211 [JavaFX Application Thread] DEBUG LoopRunner           - Initializing JavaFX AnimationTimerLoop
00:41:01.215 [JavaFX Application Thread] DEBUG GameApplicationServi - Starting new game
00:41:01.217 [JavaFX Application Thread] DEBUG Input                - Clearing active input actions
00:41:01.252 [JavaFX Application Thread] DEBUG GameApplicationServi - Removing overlay from FXGLStartupScene and adding to FXGLLoadingScene
00:41:01.254 [JavaFX Application Thread] DEBUG PrimaryStageWindow   - FXGLStartupScene -> FXGLLoadingScene
00:41:01.254 [JavaFX Application Thread] DEBUG GameApplicationServi - Clearing previous game
00:41:01.254 [JavaFX Application Thread] DEBUG GameScene            - Clearing game scene
00:41:01.254 [JavaFX Application Thread] DEBUG GameWorld            - Clearing game world
00:41:01.255 [JavaFX Application Thread] DEBUG PhysicsWorld         - Clearing physics world
00:41:01.261 [FXGL Background Thread 1 ] DEBUG FXGLApplication      - Initializing game
00:41:01.270 [FXGL Background Thread 1 ] DEBUG FXGLAssetLoaderServi - Loading from file system: file:/home/diego/Documentos/concurrente/Restaurant/dario/Penguin_kitchen/target/classes/assets/textures/fondo.png
00:41:01.354 [FXGL Background Thread 1 ] WARN  FXGLAssetLoaderServi - Asset "/assets/textures/CHEF.PNG" was not found!
00:41:01.355 [FXGL Background Thread 1 ] WARN  FXGLAssetLoaderServi - Failed to load IMAGE
00:41:01.622 [FXGL Background Thread 1 ] WARN  FXGLAssetLoaderServi - Asset "/assets/textures/RECEPCIONISTA.PNG" was not found!
00:41:01.622 [FXGL Background Thread 1 ] WARN  FXGLAssetLoaderServi - Failed to load IMAGE
00:41:01.643 [FXGL Background Thread 1 ] WARN  FXGLAssetLoaderServi - Asset "/assets/textures/mesa.png" was not found!
00:41:01.644 [FXGL Background Thread 1 ] WARN  FXGLAssetLoaderServi - Failed to load IMAGE
00:41:01.653 [FXGL Background Thread 1 ] WARN  FXGLAssetLoaderServi - Asset "/assets/textures/mesa.png" was not found!
00:41:01.653 [FXGL Background Thread 1 ] WARN  FXGLAssetLoaderServi - Failed to load IMAGE
00:41:01.659 [FXGL Background Thread 1 ] WARN  FXGLAssetLoaderServi - Asset "/assets/textures/mesa.png" was not found!
00:41:01.660 [FXGL Background Thread 1 ] WARN  FXGLAssetLoaderServi - Failed to load IMAGE
00:41:01.666 [FXGL Background Thread 1 ] WARN  FXGLAssetLoaderServi - Asset "/assets/textures/mesa.png" was not found!
00:41:01.666 [FXGL Background Thread 1 ] WARN  FXGLAssetLoaderServi - Failed to load IMAGE
00:41:01.672 [FXGL Background Thread 1 ] WARN  FXGLAssetLoaderServi - Asset "/assets/textures/mesa.png" was not found!
00:41:01.675 [FXGL Background Thread 1 ] WARN  FXGLAssetLoaderServi - Failed to load IMAGE
00:41:01.678 [FXGL Background Thread 1 ] WARN  FXGLAssetLoaderServi - Asset "/assets/textures/mesa.png" was not found!
00:41:01.679 [FXGL Background Thread 1 ] WARN  FXGLAssetLoaderServi - Failed to load IMAGE
00:41:01.682 [FXGL Background Thread 1 ] WARN  FXGLAssetLoaderServi - Asset "/assets/textures/mesa.png" was not found!
00:41:01.682 [FXGL Background Thread 1 ] WARN  FXGLAssetLoaderServi - Failed to load IMAGE
00:41:01.685 [FXGL Background Thread 1 ] WARN  FXGLAssetLoaderServi - Asset "/assets/textures/mesa.png" was not found!
00:41:01.686 [FXGL Background Thread 1 ] WARN  FXGLAssetLoaderServi - Failed to load IMAGE
00:41:01.691 [FXGL Background Thread 1 ] WARN  FXGLAssetLoaderServi - Asset "/assets/textures/mesa.png" was not found!
00:41:01.692 [FXGL Background Thread 1 ] WARN  FXGLAssetLoaderServi - Failed to load IMAGE
00:41:01.695 [FXGL Background Thread 1 ] WARN  FXGLAssetLoaderServi - Asset "/assets/textures/mesa.png" was not found!
00:41:01.695 [FXGL Background Thread 1 ] WARN  FXGLAssetLoaderServi - Failed to load IMAGE
00:41:01.701 [FXGL Background Thread 1 ] WARN  FXGLAssetLoaderServi - Asset "/assets/textures/mesa.png" was not found!
00:41:01.701 [FXGL Background Thread 1 ] WARN  FXGLAssetLoaderServi - Failed to load IMAGE
00:41:01.704 [FXGL Background Thread 1 ] WARN  FXGLAssetLoaderServi - Asset "/assets/textures/mesa.png" was not found!
00:41:01.704 [FXGL Background Thread 1 ] WARN  FXGLAssetLoaderServi - Failed to load IMAGE
00:41:01.727 [FXGL Background Thread 1 ] WARN  FXGLAssetLoaderServi - Asset "/assets/textures/mesero.PNG" was not found!
00:41:01.728 [FXGL Background Thread 1 ] WARN  FXGLAssetLoaderServi - Failed to load IMAGE
00:41:01.732 [FXGL Background Thread 1 ] INFO  FXGLApplication      - Game initialization took: 0.471 sec
00:41:01.744 [JavaFX Application Thread] DEBUG Input                - Clearing active input actions
00:41:01.838 [JavaFX Application Thread] DEBUG GameApplicationServi - Removing overlay from FXGLLoadingScene and adding to GameScene
00:41:01.839 [JavaFX Application Thread] DEBUG PrimaryStageWindow   - FXGLLoadingScene -> GameScene
00:41:02.672 [FXGL Background Thread 2 ] INFO  UpdaterService       - Your current version:  17.3
00:41:02.672 [FXGL Background Thread 2 ] INFO  UpdaterService       - Latest stable version: 21.1
00:41:04.016 [FXGL Background Thread 3 ] DEBUG Engine               - Logging environment variables
00:41:04.018 [FXGL Background Thread 3 ] DEBUG Engine               - achievements: []
00:41:04.019 [FXGL Background Thread 3 ] DEBUG Engine               - actualHeight: 736.0
00:41:04.019 [FXGL Background Thread 3 ] DEBUG Engine               - actualHeightProperty: ReadOnlyDoubleProperty [value: 731.0]
00:41:04.020 [FXGL Background Thread 3 ] DEBUG Engine               - actualWidth: 527.0
00:41:04.020 [FXGL Background Thread 3 ] DEBUG Engine               - actualWidthProperty: ReadOnlyDoubleProperty [value: 527.0]
00:41:04.020 [FXGL Background Thread 3 ] DEBUG Engine               - appIcon: fxgl_icon.png
00:41:04.021 [FXGL Background Thread 3 ] DEBUG Engine               - applicationMode: DEVELOPER
00:41:04.021 [FXGL Background Thread 3 ] DEBUG Engine               - cSSList: [fxgl_dark.css]
00:41:04.021 [FXGL Background Thread 3 ] DEBUG Engine               - collisionDetectionStrategy: BRUTE_FORCE
00:41:04.022 [FXGL Background Thread 3 ] DEBUG Engine               - configClass: Optional.empty
00:41:04.022 [FXGL Background Thread 3 ] DEBUG Engine               - credits: []
00:41:04.024 [FXGL Background Thread 3 ] DEBUG Engine               - defaultCursor: CursorInfo(imageName=fxgl_default_cursor.png, hotspotX=7.0, hotspotY=6.0)
00:41:04.025 [FXGL Background Thread 3 ] DEBUG Engine               - devBBoxColorProperty: ObjectProperty [value: 0xff0000ff]
00:41:04.026 [FXGL Background Thread 3 ] DEBUG Engine               - devEnableDebugCameraProperty: BooleanProperty [value: false]
00:41:04.027 [FXGL Background Thread 3 ] DEBUG Engine               - devSensorColorProperty: ObjectProperty [value: 0xffff00ff]
00:41:04.027 [FXGL Background Thread 3 ] DEBUG Engine               - devShowBBoxProperty: BooleanProperty [value: false]
00:41:04.028 [FXGL Background Thread 3 ] DEBUG Engine               - devShowPositionProperty: BooleanProperty [value: false]
00:41:04.028 [FXGL Background Thread 3 ] DEBUG Engine               - enabledMenuItems: []
00:41:04.028 [FXGL Background Thread 3 ] DEBUG Engine               - engineServices: [class com.almasb.fxgl.app.services.FXGLAssetLoaderService, class com.almasb.fxgl.app.FXGLApplication$GameApplicationService, class com.almasb.fxgl.app.services.FXGLDialogService, class com.almasb.fxgl.app.services.IOTaskExecutorService, class com.almasb.fxgl.io.FileSystemService, class com.almasb.fxgl.localization.LocalizationService, class com.almasb.fxgl.app.services.SystemBundleService, class com.almasb.fxgl.profile.SaveLoadService, class com.almasb.fxgl.ui.FXGLUIFactoryServiceProvider, class com.almasb.fxgl.ui.FXGLDialogFactoryServiceProvider, class com.almasb.fxgl.audio.AudioPlayer, class com.almasb.fxgl.notification.impl.NotificationServiceProvider, class com.almasb.fxgl.achievement.AchievementService, class com.almasb.fxgl.cutscene.CutsceneService, class com.almasb.fxgl.minigames.MiniGameService, class com.almasb.fxgl.net.NetService, class com.almasb.fxgl.app.services.UpdaterService, class com.almasb.fxgl.dev.DevService]
00:41:04.029 [FXGL Background Thread 3 ] DEBUG Engine               - fontGame: Abel-Regular.ttf
00:41:04.029 [FXGL Background Thread 3 ] DEBUG Engine               - fontMono: TerminalLandMono-Regular.otf
00:41:04.030 [FXGL Background Thread 3 ] DEBUG Engine               - fontSizeScaleUI: 1.0
00:41:04.030 [FXGL Background Thread 3 ] DEBUG Engine               - fontText: Courier-Prime.ttf
00:41:04.030 [FXGL Background Thread 3 ] DEBUG Engine               - fontUI: VarelaRound-Regular.ttf
00:41:04.031 [FXGL Background Thread 3 ] DEBUG Engine               - fullScreen: BooleanProperty [value: false]
00:41:04.031 [FXGL Background Thread 3 ] DEBUG Engine               - gameDifficulty: MEDIUM
00:41:04.031 [FXGL Background Thread 3 ] DEBUG Engine               - gameDifficultyProperty: ObjectProperty [value: MEDIUM]
00:41:04.032 [FXGL Background Thread 3 ] DEBUG Engine               - globalMusicVolume: 0.5
00:41:04.032 [FXGL Background Thread 3 ] DEBUG Engine               - globalMusicVolumeProperty: DoubleProperty [value: 0.5]
00:41:04.033 [FXGL Background Thread 3 ] DEBUG Engine               - globalSoundVolume: 0.5
00:41:04.033 [FXGL Background Thread 3 ] DEBUG Engine               - globalSoundVolumeProperty: DoubleProperty [value: 0.5]
00:41:04.033 [FXGL Background Thread 3 ] DEBUG Engine               - height: 800
00:41:04.034 [FXGL Background Thread 3 ] DEBUG Engine               - is3D: false
00:41:04.034 [FXGL Background Thread 3 ] DEBUG Engine               - isAndroid: false
00:41:04.034 [FXGL Background Thread 3 ] DEBUG Engine               - isBrowser: false
00:41:04.035 [FXGL Background Thread 3 ] DEBUG Engine               - isClickFeedbackEnabled: false
00:41:04.035 [FXGL Background Thread 3 ] DEBUG Engine               - isCloseConfirmation: false
00:41:04.035 [FXGL Background Thread 3 ] DEBUG Engine               - isDesktop: true
00:41:04.035 [FXGL Background Thread 3 ] DEBUG Engine               - isDeveloperMenuEnabled: false
00:41:04.036 [FXGL Background Thread 3 ] DEBUG Engine               - isEmbedded: false
00:41:04.036 [FXGL Background Thread 3 ] DEBUG Engine               - isEntityPreloadEnabled: true
00:41:04.036 [FXGL Background Thread 3 ] DEBUG Engine               - isExperimentalTiledLargeMap: false
00:41:04.037 [FXGL Background Thread 3 ] DEBUG Engine               - isFileSystemWriteAllowed: true
00:41:04.037 [FXGL Background Thread 3 ] DEBUG Engine               - isFullScreenAllowed: false
00:41:04.037 [FXGL Background Thread 3 ] DEBUG Engine               - isFullScreenFromStart: false
00:41:04.037 [FXGL Background Thread 3 ] DEBUG Engine               - isGameMenuEnabled: true
00:41:04.038 [FXGL Background Thread 3 ] DEBUG Engine               - isIOS: false
00:41:04.038 [FXGL Background Thread 3 ] DEBUG Engine               - isIntroEnabled: false
00:41:04.038 [FXGL Background Thread 3 ] DEBUG Engine               - isLinux: true
00:41:04.038 [FXGL Background Thread 3 ] DEBUG Engine               - isMac: false
00:41:04.039 [FXGL Background Thread 3 ] DEBUG Engine               - isMainMenuEnabled: false
00:41:04.039 [FXGL Background Thread 3 ] DEBUG Engine               - isManualResizeEnabled: false
00:41:04.039 [FXGL Background Thread 3 ] DEBUG Engine               - isMobile: false
00:41:04.040 [FXGL Background Thread 3 ] DEBUG Engine               - isNative: false
00:41:04.040 [FXGL Background Thread 3 ] DEBUG Engine               - isPauseMusicWhenMinimized: true
00:41:04.040 [FXGL Background Thread 3 ] DEBUG Engine               - isPreserveResizeRatio: false
00:41:04.040 [FXGL Background Thread 3 ] DEBUG Engine               - isProfilingEnabled: false
00:41:04.041 [FXGL Background Thread 3 ] DEBUG Engine               - isScaleAffectedOnResize: true
00:41:04.041 [FXGL Background Thread 3 ] DEBUG Engine               - isSingleStep: false
00:41:04.041 [FXGL Background Thread 3 ] DEBUG Engine               - isUserProfileEnabled: false
00:41:04.041 [FXGL Background Thread 3 ] DEBUG Engine               - isWindows: false
00:41:04.042 [FXGL Background Thread 3 ] DEBUG Engine               - language: ObjectProperty [value: ENGLISH]
00:41:04.042 [FXGL Background Thread 3 ] DEBUG Engine               - menuKey: ESCAPE
00:41:04.043 [FXGL Background Thread 3 ] DEBUG Engine               - mouseSensitivity: 0.2
00:41:04.043 [FXGL Background Thread 3 ] DEBUG Engine               - notificationViewClass: class com.almasb.fxgl.notification.view.XboxNotificationView
00:41:04.043 [FXGL Background Thread 3 ] DEBUG Engine               - pixelsPerMeter: 50.0
00:41:04.044 [FXGL Background Thread 3 ] DEBUG Engine               - platform: LINUX
00:41:04.044 [FXGL Background Thread 3 ] DEBUG Engine               - prefHeightProperty: ReadOnlyDoubleProperty [value: 800.0]
00:41:04.044 [FXGL Background Thread 3 ] DEBUG Engine               - prefWidthProperty: ReadOnlyDoubleProperty [value: 600.0]
00:41:04.045 [FXGL Background Thread 3 ] DEBUG Engine               - profileDir: profiles/
00:41:04.045 [FXGL Background Thread 3 ] DEBUG Engine               - profileName: StringProperty [value: DEFAULT]
00:41:04.045 [FXGL Background Thread 3 ] DEBUG Engine               - randomSeed: -1
00:41:04.047 [FXGL Background Thread 3 ] DEBUG Engine               - runtimeInfo: RuntimeInfo(platform=LINUX, version=17.3, build=30.03.2023 11.49)
00:41:04.048 [FXGL Background Thread 3 ] DEBUG Engine               - saveFileExt: sav
00:41:04.049 [FXGL Background Thread 3 ] DEBUG Engine               - scaledHeightProp$fxgl: DoubleProperty [bound, value: 731.0]
00:41:04.049 [FXGL Background Thread 3 ] DEBUG Engine               - scaledWidthProp$fxgl: DoubleProperty [bound, value: 527.0]
00:41:04.049 [FXGL Background Thread 3 ] DEBUG Engine               - sceneFactory: com.almasb.fxgl.app.scene.SceneFactory@54127bc1
00:41:04.050 [FXGL Background Thread 3 ] DEBUG Engine               - secondsIn24h: 60
00:41:04.050 [FXGL Background Thread 3 ] DEBUG Engine               - soundMenuBack: menu/back.wav
00:41:04.050 [FXGL Background Thread 3 ] DEBUG Engine               - soundMenuPress: menu/press.wav
00:41:04.050 [FXGL Background Thread 3 ] DEBUG Engine               - soundMenuSelect: menu/select.wav
00:41:04.051 [FXGL Background Thread 3 ] DEBUG Engine               - soundNotification: core/notification.wav
00:41:04.051 [FXGL Background Thread 3 ] DEBUG Engine               - stageStyle: DECORATED
00:41:04.051 [FXGL Background Thread 3 ] DEBUG Engine               - supportedLanguages: [ENGLISH, FRENCH, GERMAN, HUNGARIAN, RUSSIAN]
00:41:04.052 [FXGL Background Thread 3 ] DEBUG Engine               - ticksPerSecond: -1
00:41:04.052 [FXGL Background Thread 3 ] DEBUG Engine               - title: Penguin_Kitchen
00:41:04.052 [FXGL Background Thread 3 ] DEBUG Engine               - urlGithub: https://github.com/AlmasB/FXGL
00:41:04.053 [FXGL Background Thread 3 ] DEBUG Engine               - urlLeaderboard: http://fxgl-top.herokuapp.com/
00:41:04.053 [FXGL Background Thread 3 ] DEBUG Engine               - urlPOM: https://raw.githubusercontent.com/AlmasB/FXGL/release/README.md
00:41:04.053 [FXGL Background Thread 3 ] DEBUG Engine               - userAppClass: class Main.Main
00:41:04.053 [FXGL Background Thread 3 ] DEBUG Engine               - version: 1.0
00:41:04.054 [FXGL Background Thread 3 ] DEBUG Engine               - versionCheckDays: 7
00:41:04.054 [FXGL Background Thread 3 ] DEBUG Engine               - width: 600
00:41:04.054 [FXGL Background Thread 3 ] DEBUG Engine               - Logging services
00:41:04.054 [FXGL Background Thread 3 ] DEBUG Engine               - class com.almasb.fxgl.app.services.FXGLAssetLoaderService
00:41:04.055 [FXGL Background Thread 3 ] DEBUG Engine               - class com.almasb.fxgl.app.FXGLApplication$GameApplicationService
00:41:04.055 [FXGL Background Thread 3 ] DEBUG Engine               - class com.almasb.fxgl.app.services.FXGLDialogService
00:41:04.055 [FXGL Background Thread 3 ] DEBUG Engine               - class com.almasb.fxgl.app.services.IOTaskExecutorService
00:41:04.056 [FXGL Background Thread 3 ] DEBUG Engine               - class com.almasb.fxgl.io.FileSystemService
00:41:04.056 [FXGL Background Thread 3 ] DEBUG Engine               - class com.almasb.fxgl.localization.LocalizationService
00:41:04.056 [FXGL Background Thread 3 ] DEBUG Engine               - class com.almasb.fxgl.app.services.SystemBundleService
00:41:04.056 [FXGL Background Thread 3 ] DEBUG Engine               - class com.almasb.fxgl.profile.SaveLoadService
00:41:04.057 [FXGL Background Thread 3 ] DEBUG Engine               - class com.almasb.fxgl.ui.FXGLUIFactoryServiceProvider
00:41:04.057 [FXGL Background Thread 3 ] DEBUG Engine               - class com.almasb.fxgl.ui.FXGLDialogFactoryServiceProvider
00:41:04.057 [FXGL Background Thread 3 ] DEBUG Engine               - class com.almasb.fxgl.audio.AudioPlayer
00:41:04.057 [FXGL Background Thread 3 ] DEBUG Engine               - class com.almasb.fxgl.notification.impl.NotificationServiceProvider
00:41:04.058 [FXGL Background Thread 3 ] DEBUG Engine               - class com.almasb.fxgl.achievement.AchievementService
00:41:04.058 [FXGL Background Thread 3 ] DEBUG Engine               - class com.almasb.fxgl.cutscene.CutsceneService
00:41:04.059 [FXGL Background Thread 3 ] DEBUG Engine               - class com.almasb.fxgl.minigames.MiniGameService
00:41:04.059 [FXGL Background Thread 3 ] DEBUG Engine               - class com.almasb.fxgl.net.NetService
00:41:04.059 [FXGL Background Thread 3 ] DEBUG Engine               - class com.almasb.fxgl.app.services.UpdaterService
00:41:04.059 [FXGL Background Thread 3 ] DEBUG Engine               - class com.almasb.fxgl.dev.DevService
00:41:07.113 [JavaFX Application Thread] DEBUG FXGLAssetLoaderServi - Loading from file system: file:/home/diego/Documentos/concurrente/Restaurant/dario/Penguin_kitchen/target/classes/assets/textures/clienta.png
00:41:16.129 [JavaFX Application Thread] DEBUG FXGLAssetLoaderServi - Loading from file system: file:/home/diego/Documentos/concurrente/Restaurant/dario/Penguin_kitchen/target/classes/assets/textures/cliente.png
00:41:16.440 [JavaFX Application Thread] DEBUG FXGLApplication      - Exiting FXGL
00:41:16.440 [JavaFX Application Thread] DEBUG LoopRunner           - Stopping loop
00:41:16.441 [JavaFX Application Thread] DEBUG SystemBundleService  - Saving FXGL system data
00:41:16.447 [JavaFX Application Thread] DEBUG FileSystemAccess     - Writing to: /home/diego/Documentos/concurrente/Restaurant/dario/Penguin_kitchen/system/fxgl.bundle
00:41:16.455 [JavaFX Application Thread] DEBUG Async                - Shutting down background threads
00:41:16.455 [JavaFX Application Thread] DEBUG PrimaryStageWindow   - Closing main window
00:41:16.461 [JavaFX Application Thread] DEBUG Logger               - Closing Logger
