01:31:36.257 [Main.Main.main()         ] DEBUG Logger               - Configured Logger
01:31:36.310 [Main.Main.main()         ] DEBUG GameApplication      - Logging settings
Title: Penguin_Kitchen
Version: 1.0
Width: 600
Height: 800
Fullscreen: false
Intro: false
Profiling: false
Single step:false
App Mode: DEVELOPER
Menu Key: ESCAPE
Stage Style: DECORATED
Scene Factory: class com.almasb.fxgl.app.scene.SceneFactory

01:31:37.107 [JavaFX Application Thread] DEBUG FXGLApplication      - Initializing FXGL
01:31:37.122 [JavaFX Application Thread] INFO  Engine               - FXGL-17.3 (30.03.2023 11.49) on LINUX (J:21.0.5 FX:20)
01:31:37.123 [JavaFX Application Thread] DEBUG Engine               - JRE Vendor Name: Red Hat, Inc.
01:31:37.124 [JavaFX Application Thread] DEBUG Engine               - Running on OS: Linux version 6.11.8-200.fc40.x86_64
01:31:37.124 [JavaFX Application Thread] DEBUG Engine               - Architecture: amd64
01:31:37.125 [JavaFX Application Thread] INFO  Engine               - Source code and latest versions at: https://github.com/AlmasB/FXGL
01:31:37.125 [JavaFX Application Thread] INFO  Engine               -       Ask questions and discuss at: https://github.com/AlmasB/FXGL/discussions
01:31:37.126 [JavaFX Application Thread] INFO  Engine               -              Join the FXGL chat at: https://gitter.im/AlmasB/FXGL
01:31:37.548 [JavaFX Application Thread] DEBUG PrimaryStageWindow   - Creating a JavaFX scene
01:31:37.549 [JavaFX Application Thread] DEBUG PrimaryStageWindow   - Target size > screen size
01:31:37.797 [JavaFX Application Thread] DEBUG PrimaryStageWindow   - Target settings size: 600.0 x 800.0
01:31:37.798 [JavaFX Application Thread] DEBUG PrimaryStageWindow   - Scaled scene size:    527.0 x 736.0
01:31:37.799 [JavaFX Application Thread] DEBUG PrimaryStageWindow   - Scaled ratio: (0.8783333333333333, 0.92)
01:31:37.802 [JavaFX Application Thread] DEBUG PrimaryStageWindow   - Set initial scene to FXGLStartupScene
01:31:37.814 [JavaFX Application Thread] DEBUG PrimaryStageWindow   - Opening main window
01:31:38.072 [JavaFX Application Thread] DEBUG PrimaryStageWindow   - Window border size: (8.0, 38.0)
01:31:38.073 [JavaFX Application Thread] DEBUG PrimaryStageWindow   - Scaled size: 527.0 x 736.0
01:31:38.075 [JavaFX Application Thread] DEBUG PrimaryStageWindow   - Scaled ratio: (0.8783333333333333, 0.92)
01:31:38.077 [JavaFX Application Thread] DEBUG PrimaryStageWindow   - Scene size: 527.0 x 736.0
01:31:38.077 [JavaFX Application Thread] DEBUG PrimaryStageWindow   - Stage size: 535.0 x 774.0
01:31:38.109 [FXGL Background Thread 1 ] DEBUG Engine               - Initializing environment variables
01:31:38.242 [FXGL Background Thread 1 ] DEBUG FXGLAssetLoaderServi - User app class for loading assets: class Main.Main
01:31:38.243 [FXGL Background Thread 1 ] DEBUG GameApplicationServi - Applying CSS: fxgl_dark.css
01:31:38.246 [FXGL Background Thread 1 ] DEBUG FXGLAssetLoaderServi - Loading from file system: jar:file:/home/diego/.m2/repository/com/github/almasb/fxgl/17.3/fxgl-17.3.jar!/fxglassets/ui/css/fxgl_dark.css
01:31:38.474 [FXGL Background Thread 1 ] DEBUG GameApplicationServi - Initializing application scenes
01:31:38.664 [FXGL Background Thread 1 ] DEBUG GameWorld            - Game world initialized
01:31:38.911 [FXGL Background Thread 1 ] DEBUG PhysicsWorld         - Physics world initialized: appHeight=800, physics.ppm=50.0
01:31:38.912 [FXGL Background Thread 1 ] DEBUG PhysicsWorld         - Using strategy: BRUTE_FORCE
01:31:38.930 [FXGL Background Thread 1 ] DEBUG GameScene            - Game scene initialized: 600x800
01:31:38.977 [FXGL Background Thread 1 ] WARN  FXGL.DefaultMenu     - FXGLDefaultMenu is not designed for resolutions < 800x600
01:31:38.978 [FXGL Background Thread 1 ] DEBUG FXGL.DefaultMenu     - createMenuBodyGameMenu()
01:31:39.037 [FXGL Background Thread 1 ] DEBUG FXGL.DefaultMenu     - createOptionsMenu()
01:31:39.074 [FXGL Background Thread 1 ] DEBUG FXGLAssetLoaderServi - Loading from file system: jar:file:/home/diego/.m2/repository/com/github/almasb/fxgl/17.3/fxgl-17.3.jar!/fxglassets/textures/particles/smoke.png
01:31:39.342 [FXGL Background Thread 1 ] DEBUG FXGLAssetLoaderServi - Loading from file system: jar:file:/home/diego/.m2/repository/com/github/almasb/fxgl/17.3/fxgl-17.3.jar!/fxglassets/textures/particles/trace_horizontal.png
01:31:39.418 [FXGL Background Thread 1 ] DEBUG GameApplicationServi - Application scenes initialized
01:31:39.464 [FXGL Background Thread 1 ] DEBUG SystemBundleService  - Loading FXGL system data
01:31:39.476 [FXGL Background Thread 1 ] DEBUG FileSystemAccess     - Reading from: /home/diego/Documentos/concurrente/Restaurant/dario/Penguin_kitchen/system/fxgl.bundle
01:31:39.501 [FXGL Background Thread 1 ] DEBUG SystemBundleService  - Bundle FXGL: {}
01:31:39.501 [FXGL Background Thread 1 ] DEBUG UpdaterService       - Checking for updates
01:31:39.513 [FXGL Background Thread 4 ] DEBUG FXGLApplication      - Loading fonts
01:31:39.515 [FXGL Background Thread 4 ] DEBUG FXGLAssetLoaderServi - Loading from file system: jar:file:/home/diego/.m2/repository/com/github/almasb/fxgl/17.3/fxgl-17.3.jar!/fxglassets/ui/fonts/VarelaRound-Regular.ttf
01:31:39.516 [FXGL Background Thread 1 ] DEBUG FXGLApplication      - Loading default localization
01:31:39.518 [FXGL Background Thread 1 ] DEBUG FXGLAssetLoaderServi - Loading from file system: jar:file:/home/diego/.m2/repository/com/github/almasb/fxgl/17.3/fxgl-17.3.jar!/fxglassets/languages/english.lang
01:31:39.535 [FXGL Background Thread 4 ] DEBUG FXGLAssetLoaderServi - Loading from file system: jar:file:/home/diego/.m2/repository/com/github/almasb/fxgl/17.3/fxgl-17.3.jar!/fxglassets/ui/fonts/Abel-Regular.ttf
01:31:39.540 [FXGL Background Thread 4 ] DEBUG FXGLAssetLoaderServi - Loading from file system: jar:file:/home/diego/.m2/repository/com/github/almasb/fxgl/17.3/fxgl-17.3.jar!/fxglassets/ui/fonts/TerminalLandMono-Regular.otf
01:31:39.545 [FXGL Background Thread 4 ] DEBUG FXGLAssetLoaderServi - Loading from file system: jar:file:/home/diego/.m2/repository/com/github/almasb/fxgl/17.3/fxgl-17.3.jar!/fxglassets/ui/fonts/Courier-Prime.ttf
01:31:39.556 [JavaFX Application Thread] DEBUG FXGLApplication      - Registering font factories with UI factory
01:31:39.577 [FXGL Background Thread 1 ] INFO  FXGLApplication      - FXGL initialization took: 1.467 sec
01:31:39.582 [JavaFX Application Thread] DEBUG FXGLAssetLoaderServi - Loading from file system: jar:file:/home/diego/.m2/repository/com/github/almasb/fxgl/17.3/fxgl-17.3.jar!/fxglassets/textures/fxgl_icon.png
01:31:39.712 [JavaFX Application Thread] DEBUG FXGLAssetLoaderServi - Loading from file system: jar:file:/home/diego/.m2/repository/com/github/almasb/fxgl/17.3/fxgl-17.3.jar!/fxglassets/textures/fxgl_default_cursor.png
01:31:39.749 [JavaFX Application Thread] DEBUG Input                - Registered new binding: Screenshot - CTRL+8
01:31:39.750 [JavaFX Application Thread] DEBUG Input                - Registered new binding: System info dump - CTRL+9
01:31:39.752 [JavaFX Application Thread] DEBUG Input                - Registered new binding: Restart - CTRL+R
01:31:39.753 [JavaFX Application Thread] DEBUG Input                - Registered new binding: Toggle Debug Camera - CTRL+7
01:31:39.761 [JavaFX Application Thread] DEBUG LoopRunner           - Starting loop
01:31:39.761 [JavaFX Application Thread] DEBUG LoopRunner           - Initializing JavaFX AnimationTimerLoop
01:31:39.765 [JavaFX Application Thread] DEBUG GameApplicationServi - Starting new game
01:31:39.767 [JavaFX Application Thread] DEBUG Input                - Clearing active input actions
01:31:39.807 [JavaFX Application Thread] DEBUG GameApplicationServi - Removing overlay from FXGLStartupScene and adding to FXGLLoadingScene
01:31:39.808 [JavaFX Application Thread] DEBUG PrimaryStageWindow   - FXGLStartupScene -> FXGLLoadingScene
01:31:39.809 [JavaFX Application Thread] DEBUG GameApplicationServi - Clearing previous game
01:31:39.809 [JavaFX Application Thread] DEBUG GameScene            - Clearing game scene
01:31:39.809 [JavaFX Application Thread] DEBUG GameWorld            - Clearing game world
01:31:39.809 [JavaFX Application Thread] DEBUG PhysicsWorld         - Clearing physics world
01:31:39.815 [FXGL Background Thread 1 ] DEBUG FXGLApplication      - Initializing game
01:31:39.822 [FXGL Background Thread 1 ] DEBUG FXGLAssetLoaderServi - Loading from file system: file:/home/diego/Documentos/concurrente/Restaurant/dario/Penguin_kitchen/target/classes/assets/textures/fondo.png
01:31:39.908 [FXGL Background Thread 1 ] DEBUG FXGLAssetLoaderServi - Loading from file system: file:/home/diego/Documentos/concurrente/Restaurant/dario/Penguin_kitchen/target/classes/assets/textures/chef.png
01:31:40.024 [FXGL Background Thread 1 ] DEBUG FXGLAssetLoaderServi - Loading from file system: file:/home/diego/Documentos/concurrente/Restaurant/dario/Penguin_kitchen/target/classes/assets/textures/recepcionista.png
01:31:40.223 [FXGL Background Thread 1 ] WARN  FXGLAssetLoaderServi - Asset "/assets/textures/mesa.png" was not found!
01:31:40.224 [FXGL Background Thread 1 ] WARN  FXGLAssetLoaderServi - Failed to load IMAGE
01:31:40.374 [FXGL Background Thread 1 ] WARN  FXGLAssetLoaderServi - Asset "/assets/textures/mesa.png" was not found!
01:31:40.374 [FXGL Background Thread 1 ] WARN  FXGLAssetLoaderServi - Failed to load IMAGE
01:31:40.386 [FXGL Background Thread 1 ] WARN  FXGLAssetLoaderServi - Asset "/assets/textures/mesa.png" was not found!
01:31:40.387 [FXGL Background Thread 1 ] WARN  FXGLAssetLoaderServi - Failed to load IMAGE
01:31:40.391 [FXGL Background Thread 1 ] WARN  FXGLAssetLoaderServi - Asset "/assets/textures/mesa.png" was not found!
01:31:40.392 [FXGL Background Thread 1 ] WARN  FXGLAssetLoaderServi - Failed to load IMAGE
01:31:40.395 [FXGL Background Thread 1 ] WARN  FXGLAssetLoaderServi - Asset "/assets/textures/mesa.png" was not found!
01:31:40.395 [FXGL Background Thread 1 ] WARN  FXGLAssetLoaderServi - Failed to load IMAGE
01:31:40.398 [FXGL Background Thread 1 ] WARN  FXGLAssetLoaderServi - Asset "/assets/textures/mesa.png" was not found!
01:31:40.398 [FXGL Background Thread 1 ] WARN  FXGLAssetLoaderServi - Failed to load IMAGE
01:31:40.402 [FXGL Background Thread 1 ] WARN  FXGLAssetLoaderServi - Asset "/assets/textures/mesa.png" was not found!
01:31:40.402 [FXGL Background Thread 1 ] WARN  FXGLAssetLoaderServi - Failed to load IMAGE
01:31:40.406 [FXGL Background Thread 1 ] WARN  FXGLAssetLoaderServi - Asset "/assets/textures/mesa.png" was not found!
01:31:40.407 [FXGL Background Thread 1 ] WARN  FXGLAssetLoaderServi - Failed to load IMAGE
01:31:40.416 [FXGL Background Thread 1 ] WARN  FXGLAssetLoaderServi - Asset "/assets/textures/mesa.png" was not found!
01:31:40.418 [FXGL Background Thread 1 ] WARN  FXGLAssetLoaderServi - Failed to load IMAGE
01:31:40.421 [FXGL Background Thread 1 ] WARN  FXGLAssetLoaderServi - Asset "/assets/textures/mesa.png" was not found!
01:31:40.422 [FXGL Background Thread 1 ] WARN  FXGLAssetLoaderServi - Failed to load IMAGE
01:31:40.425 [FXGL Background Thread 1 ] WARN  FXGLAssetLoaderServi - Asset "/assets/textures/mesa.png" was not found!
01:31:40.426 [FXGL Background Thread 1 ] WARN  FXGLAssetLoaderServi - Failed to load IMAGE
01:31:40.443 [FXGL Background Thread 1 ] WARN  FXGLAssetLoaderServi - Asset "/assets/textures/mesa.png" was not found!
01:31:40.444 [FXGL Background Thread 1 ] WARN  FXGLAssetLoaderServi - Failed to load IMAGE
01:31:40.470 [FXGL Background Thread 1 ] DEBUG FXGLAssetLoaderServi - Loading from file system: file:/home/diego/Documentos/concurrente/Restaurant/dario/Penguin_kitchen/target/classes/assets/textures/mesero.png
01:31:40.738 [FXGL Background Thread 1 ] INFO  FXGLApplication      - Game initialization took: 0.923 sec
01:31:40.743 [JavaFX Application Thread] DEBUG Input                - Clearing active input actions
01:31:40.774 [JavaFX Application Thread] DEBUG GameApplicationServi - Removing overlay from FXGLLoadingScene and adding to GameScene
01:31:40.775 [JavaFX Application Thread] DEBUG PrimaryStageWindow   - FXGLLoadingScene -> GameScene
01:31:41.344 [FXGL Background Thread 2 ] INFO  UpdaterService       - Your current version:  17.3
01:31:41.345 [FXGL Background Thread 2 ] INFO  UpdaterService       - Latest stable version: 21.1
01:31:42.509 [FXGL Background Thread 3 ] DEBUG Engine               - Logging environment variables
01:31:42.512 [FXGL Background Thread 3 ] DEBUG Engine               - achievements: []
01:31:42.513 [FXGL Background Thread 3 ] DEBUG Engine               - actualHeight: 736.0
01:31:42.514 [FXGL Background Thread 3 ] DEBUG Engine               - actualHeightProperty: ReadOnlyDoubleProperty [value: 731.0]
01:31:42.514 [FXGL Background Thread 3 ] DEBUG Engine               - actualWidth: 527.0
01:31:42.515 [FXGL Background Thread 3 ] DEBUG Engine               - actualWidthProperty: ReadOnlyDoubleProperty [value: 527.0]
01:31:42.515 [FXGL Background Thread 3 ] DEBUG Engine               - appIcon: fxgl_icon.png
01:31:42.515 [FXGL Background Thread 3 ] DEBUG Engine               - applicationMode: DEVELOPER
01:31:42.516 [FXGL Background Thread 3 ] DEBUG Engine               - cSSList: [fxgl_dark.css]
01:31:42.516 [FXGL Background Thread 3 ] DEBUG Engine               - collisionDetectionStrategy: BRUTE_FORCE
01:31:42.517 [FXGL Background Thread 3 ] DEBUG Engine               - configClass: Optional.empty
01:31:42.517 [FXGL Background Thread 3 ] DEBUG Engine               - credits: []
01:31:42.520 [FXGL Background Thread 3 ] DEBUG Engine               - defaultCursor: CursorInfo(imageName=fxgl_default_cursor.png, hotspotX=7.0, hotspotY=6.0)
01:31:42.521 [FXGL Background Thread 3 ] DEBUG Engine               - devBBoxColorProperty: ObjectProperty [value: 0xff0000ff]
01:31:42.522 [FXGL Background Thread 3 ] DEBUG Engine               - devEnableDebugCameraProperty: BooleanProperty [value: false]
01:31:42.523 [FXGL Background Thread 3 ] DEBUG Engine               - devSensorColorProperty: ObjectProperty [value: 0xffff00ff]
01:31:42.524 [FXGL Background Thread 3 ] DEBUG Engine               - devShowBBoxProperty: BooleanProperty [value: false]
01:31:42.524 [FXGL Background Thread 3 ] DEBUG Engine               - devShowPositionProperty: BooleanProperty [value: false]
01:31:42.524 [FXGL Background Thread 3 ] DEBUG Engine               - enabledMenuItems: []
01:31:42.525 [FXGL Background Thread 3 ] DEBUG Engine               - engineServices: [class com.almasb.fxgl.app.services.FXGLAssetLoaderService, class com.almasb.fxgl.app.FXGLApplication$GameApplicationService, class com.almasb.fxgl.app.services.FXGLDialogService, class com.almasb.fxgl.app.services.IOTaskExecutorService, class com.almasb.fxgl.io.FileSystemService, class com.almasb.fxgl.localization.LocalizationService, class com.almasb.fxgl.app.services.SystemBundleService, class com.almasb.fxgl.profile.SaveLoadService, class com.almasb.fxgl.ui.FXGLUIFactoryServiceProvider, class com.almasb.fxgl.ui.FXGLDialogFactoryServiceProvider, class com.almasb.fxgl.audio.AudioPlayer, class com.almasb.fxgl.notification.impl.NotificationServiceProvider, class com.almasb.fxgl.achievement.AchievementService, class com.almasb.fxgl.cutscene.CutsceneService, class com.almasb.fxgl.minigames.MiniGameService, class com.almasb.fxgl.net.NetService, class com.almasb.fxgl.app.services.UpdaterService, class com.almasb.fxgl.dev.DevService]
01:31:42.525 [FXGL Background Thread 3 ] DEBUG Engine               - fontGame: Abel-Regular.ttf
01:31:42.526 [FXGL Background Thread 3 ] DEBUG Engine               - fontMono: TerminalLandMono-Regular.otf
01:31:42.526 [FXGL Background Thread 3 ] DEBUG Engine               - fontSizeScaleUI: 1.0
01:31:42.526 [FXGL Background Thread 3 ] DEBUG Engine               - fontText: Courier-Prime.ttf
01:31:42.527 [FXGL Background Thread 3 ] DEBUG Engine               - fontUI: VarelaRound-Regular.ttf
01:31:42.527 [FXGL Background Thread 3 ] DEBUG Engine               - fullScreen: BooleanProperty [value: false]
01:31:42.527 [FXGL Background Thread 3 ] DEBUG Engine               - gameDifficulty: MEDIUM
01:31:42.528 [FXGL Background Thread 3 ] DEBUG Engine               - gameDifficultyProperty: ObjectProperty [value: MEDIUM]
01:31:42.528 [FXGL Background Thread 3 ] DEBUG Engine               - globalMusicVolume: 0.5
01:31:42.529 [FXGL Background Thread 3 ] DEBUG Engine               - globalMusicVolumeProperty: DoubleProperty [value: 0.5]
01:31:42.529 [FXGL Background Thread 3 ] DEBUG Engine               - globalSoundVolume: 0.5
01:31:42.529 [FXGL Background Thread 3 ] DEBUG Engine               - globalSoundVolumeProperty: DoubleProperty [value: 0.5]
01:31:42.529 [FXGL Background Thread 3 ] DEBUG Engine               - height: 800
01:31:42.530 [FXGL Background Thread 3 ] DEBUG Engine               - is3D: false
01:31:42.530 [FXGL Background Thread 3 ] DEBUG Engine               - isAndroid: false
01:31:42.530 [FXGL Background Thread 3 ] DEBUG Engine               - isBrowser: false
01:31:42.530 [FXGL Background Thread 3 ] DEBUG Engine               - isClickFeedbackEnabled: false
01:31:42.530 [FXGL Background Thread 3 ] DEBUG Engine               - isCloseConfirmation: false
01:31:42.530 [FXGL Background Thread 3 ] DEBUG Engine               - isDesktop: true
01:31:42.531 [FXGL Background Thread 3 ] DEBUG Engine               - isDeveloperMenuEnabled: false
01:31:42.531 [FXGL Background Thread 3 ] DEBUG Engine               - isEmbedded: false
01:31:42.531 [FXGL Background Thread 3 ] DEBUG Engine               - isEntityPreloadEnabled: true
01:31:42.531 [FXGL Background Thread 3 ] DEBUG Engine               - isExperimentalTiledLargeMap: false
01:31:42.531 [FXGL Background Thread 3 ] DEBUG Engine               - isFileSystemWriteAllowed: true
01:31:42.531 [FXGL Background Thread 3 ] DEBUG Engine               - isFullScreenAllowed: false
01:31:42.532 [FXGL Background Thread 3 ] DEBUG Engine               - isFullScreenFromStart: false
01:31:42.532 [FXGL Background Thread 3 ] DEBUG Engine               - isGameMenuEnabled: true
01:31:42.532 [FXGL Background Thread 3 ] DEBUG Engine               - isIOS: false
01:31:42.532 [FXGL Background Thread 3 ] DEBUG Engine               - isIntroEnabled: false
01:31:42.532 [FXGL Background Thread 3 ] DEBUG Engine               - isLinux: true
01:31:42.532 [FXGL Background Thread 3 ] DEBUG Engine               - isMac: false
01:31:42.533 [FXGL Background Thread 3 ] DEBUG Engine               - isMainMenuEnabled: false
01:31:42.533 [FXGL Background Thread 3 ] DEBUG Engine               - isManualResizeEnabled: false
01:31:42.533 [FXGL Background Thread 3 ] DEBUG Engine               - isMobile: false
01:31:42.533 [FXGL Background Thread 3 ] DEBUG Engine               - isNative: false
01:31:42.533 [FXGL Background Thread 3 ] DEBUG Engine               - isPauseMusicWhenMinimized: true
01:31:42.533 [FXGL Background Thread 3 ] DEBUG Engine               - isPreserveResizeRatio: false
01:31:42.534 [FXGL Background Thread 3 ] DEBUG Engine               - isProfilingEnabled: false
01:31:42.534 [FXGL Background Thread 3 ] DEBUG Engine               - isScaleAffectedOnResize: true
01:31:42.534 [FXGL Background Thread 3 ] DEBUG Engine               - isSingleStep: false
01:31:42.534 [FXGL Background Thread 3 ] DEBUG Engine               - isUserProfileEnabled: false
01:31:42.534 [FXGL Background Thread 3 ] DEBUG Engine               - isWindows: false
01:31:42.534 [FXGL Background Thread 3 ] DEBUG Engine               - language: ObjectProperty [value: ENGLISH]
01:31:42.535 [FXGL Background Thread 3 ] DEBUG Engine               - menuKey: ESCAPE
01:31:42.535 [FXGL Background Thread 3 ] DEBUG Engine               - mouseSensitivity: 0.2
01:31:42.535 [FXGL Background Thread 3 ] DEBUG Engine               - notificationViewClass: class com.almasb.fxgl.notification.view.XboxNotificationView
01:31:42.536 [FXGL Background Thread 3 ] DEBUG Engine               - pixelsPerMeter: 50.0
01:31:42.536 [FXGL Background Thread 3 ] DEBUG Engine               - platform: LINUX
01:31:42.536 [FXGL Background Thread 3 ] DEBUG Engine               - prefHeightProperty: ReadOnlyDoubleProperty [value: 800.0]
01:31:42.537 [FXGL Background Thread 3 ] DEBUG Engine               - prefWidthProperty: ReadOnlyDoubleProperty [value: 600.0]
01:31:42.537 [FXGL Background Thread 3 ] DEBUG Engine               - profileDir: profiles/
01:31:42.537 [FXGL Background Thread 3 ] DEBUG Engine               - profileName: StringProperty [value: DEFAULT]
01:31:42.537 [FXGL Background Thread 3 ] DEBUG Engine               - randomSeed: -1
01:31:42.538 [FXGL Background Thread 3 ] DEBUG Engine               - runtimeInfo: RuntimeInfo(platform=LINUX, version=17.3, build=30.03.2023 11.49)
01:31:42.539 [FXGL Background Thread 3 ] DEBUG Engine               - saveFileExt: sav
01:31:42.539 [FXGL Background Thread 3 ] DEBUG Engine               - scaledHeightProp$fxgl: DoubleProperty [bound, value: 731.0]
01:31:42.539 [FXGL Background Thread 3 ] DEBUG Engine               - scaledWidthProp$fxgl: DoubleProperty [bound, value: 527.0]
01:31:42.540 [FXGL Background Thread 3 ] DEBUG Engine               - sceneFactory: com.almasb.fxgl.app.scene.SceneFactory@42b9d856
01:31:42.540 [FXGL Background Thread 3 ] DEBUG Engine               - secondsIn24h: 60
01:31:42.540 [FXGL Background Thread 3 ] DEBUG Engine               - soundMenuBack: menu/back.wav
01:31:42.540 [FXGL Background Thread 3 ] DEBUG Engine               - soundMenuPress: menu/press.wav
01:31:42.540 [FXGL Background Thread 3 ] DEBUG Engine               - soundMenuSelect: menu/select.wav
01:31:42.541 [FXGL Background Thread 3 ] DEBUG Engine               - soundNotification: core/notification.wav
01:31:42.541 [FXGL Background Thread 3 ] DEBUG Engine               - stageStyle: DECORATED
01:31:42.541 [FXGL Background Thread 3 ] DEBUG Engine               - supportedLanguages: [ENGLISH, FRENCH, GERMAN, HUNGARIAN, RUSSIAN]
01:31:42.541 [FXGL Background Thread 3 ] DEBUG Engine               - ticksPerSecond: -1
01:31:42.541 [FXGL Background Thread 3 ] DEBUG Engine               - title: Penguin_Kitchen
01:31:42.541 [FXGL Background Thread 3 ] DEBUG Engine               - urlGithub: https://github.com/AlmasB/FXGL
01:31:42.541 [FXGL Background Thread 3 ] DEBUG Engine               - urlLeaderboard: http://fxgl-top.herokuapp.com/
01:31:42.542 [FXGL Background Thread 3 ] DEBUG Engine               - urlPOM: https://raw.githubusercontent.com/AlmasB/FXGL/release/README.md
01:31:42.542 [FXGL Background Thread 3 ] DEBUG Engine               - userAppClass: class Main.Main
01:31:42.542 [FXGL Background Thread 3 ] DEBUG Engine               - version: 1.0
01:31:42.542 [FXGL Background Thread 3 ] DEBUG Engine               - versionCheckDays: 7
01:31:42.542 [FXGL Background Thread 3 ] DEBUG Engine               - width: 600
01:31:42.542 [FXGL Background Thread 3 ] DEBUG Engine               - Logging services
01:31:42.543 [FXGL Background Thread 3 ] DEBUG Engine               - class com.almasb.fxgl.app.services.FXGLAssetLoaderService
01:31:42.543 [FXGL Background Thread 3 ] DEBUG Engine               - class com.almasb.fxgl.app.FXGLApplication$GameApplicationService
01:31:42.543 [FXGL Background Thread 3 ] DEBUG Engine               - class com.almasb.fxgl.app.services.FXGLDialogService
01:31:42.543 [FXGL Background Thread 3 ] DEBUG Engine               - class com.almasb.fxgl.app.services.IOTaskExecutorService
01:31:42.543 [FXGL Background Thread 3 ] DEBUG Engine               - class com.almasb.fxgl.io.FileSystemService
01:31:42.543 [FXGL Background Thread 3 ] DEBUG Engine               - class com.almasb.fxgl.localization.LocalizationService
01:31:42.544 [FXGL Background Thread 3 ] DEBUG Engine               - class com.almasb.fxgl.app.services.SystemBundleService
01:31:42.544 [FXGL Background Thread 3 ] DEBUG Engine               - class com.almasb.fxgl.profile.SaveLoadService
01:31:42.544 [FXGL Background Thread 3 ] DEBUG Engine               - class com.almasb.fxgl.ui.FXGLUIFactoryServiceProvider
01:31:42.544 [FXGL Background Thread 3 ] DEBUG Engine               - class com.almasb.fxgl.ui.FXGLDialogFactoryServiceProvider
01:31:42.544 [FXGL Background Thread 3 ] DEBUG Engine               - class com.almasb.fxgl.audio.AudioPlayer
01:31:42.544 [FXGL Background Thread 3 ] DEBUG Engine               - class com.almasb.fxgl.notification.impl.NotificationServiceProvider
01:31:42.544 [FXGL Background Thread 3 ] DEBUG Engine               - class com.almasb.fxgl.achievement.AchievementService
01:31:42.545 [FXGL Background Thread 3 ] DEBUG Engine               - class com.almasb.fxgl.cutscene.CutsceneService
01:31:42.545 [FXGL Background Thread 3 ] DEBUG Engine               - class com.almasb.fxgl.minigames.MiniGameService
01:31:42.545 [FXGL Background Thread 3 ] DEBUG Engine               - class com.almasb.fxgl.net.NetService
01:31:42.545 [FXGL Background Thread 3 ] DEBUG Engine               - class com.almasb.fxgl.app.services.UpdaterService
01:31:42.545 [FXGL Background Thread 3 ] DEBUG Engine               - class com.almasb.fxgl.dev.DevService
01:31:43.090 [JavaFX Application Thread] DEBUG FXGLAssetLoaderServi - Loading from file system: file:/home/diego/Documentos/concurrente/Restaurant/dario/Penguin_kitchen/target/classes/assets/textures/cliente.png
01:31:43.203 [JavaFX Application Thread] DEBUG FXGLAssetLoaderServi - Loading from file system: file:/home/diego/Documentos/concurrente/Restaurant/dario/Penguin_kitchen/target/classes/assets/textures/clienta.png
01:31:54.368 [JavaFX Application Thread] DEBUG FXGLApplication      - Exiting FXGL
01:31:54.369 [JavaFX Application Thread] DEBUG LoopRunner           - Stopping loop
01:31:54.369 [JavaFX Application Thread] DEBUG SystemBundleService  - Saving FXGL system data
01:31:54.377 [JavaFX Application Thread] DEBUG FileSystemAccess     - Writing to: /home/diego/Documentos/concurrente/Restaurant/dario/Penguin_kitchen/system/fxgl.bundle
01:31:54.387 [JavaFX Application Thread] DEBUG Async                - Shutting down background threads
01:31:54.388 [JavaFX Application Thread] DEBUG PrimaryStageWindow   - Closing main window
01:31:54.397 [JavaFX Application Thread] DEBUG Logger               - Closing Logger
