22:42:35.555 [Main.Main.main()         ] DEBUG Logger               - Configured Logger
22:42:35.604 [Main.Main.main()         ] DEBUG GameApplication      - Logging settings
Title: Penguin_Kitchen
Version: 1.0
Width: 600
Height: 800
Fullscreen: false
Intro: false
Profiling: false
Single step:false
App Mode: DEVELOPER
Menu Key: ESCAPE
Stage Style: DECORATED
Scene Factory: class com.almasb.fxgl.app.scene.SceneFactory

22:42:36.376 [JavaFX Application Thread] DEBUG FXGLApplication      - Initializing FXGL
22:42:36.389 [JavaFX Application Thread] INFO  Engine               - FXGL-17.3 (30.03.2023 11.49) on LINUX (J:21.0.5 FX:20)
22:42:36.390 [JavaFX Application Thread] DEBUG Engine               - JRE Vendor Name: Red Hat, Inc.
22:42:36.391 [JavaFX Application Thread] DEBUG Engine               - Running on OS: Linux version 6.11.8-200.fc40.x86_64
22:42:36.391 [JavaFX Application Thread] DEBUG Engine               - Architecture: amd64
22:42:36.392 [JavaFX Application Thread] INFO  Engine               - Source code and latest versions at: https://github.com/AlmasB/FXGL
22:42:36.392 [JavaFX Application Thread] INFO  Engine               -       Ask questions and discuss at: https://github.com/AlmasB/FXGL/discussions
22:42:36.425 [JavaFX Application Thread] INFO  Engine               -              Join the FXGL chat at: https://gitter.im/AlmasB/FXGL
22:42:36.813 [JavaFX Application Thread] DEBUG PrimaryStageWindow   - Creating a JavaFX scene
22:42:36.813 [JavaFX Application Thread] DEBUG PrimaryStageWindow   - Target size > screen size
22:42:37.074 [JavaFX Application Thread] DEBUG PrimaryStageWindow   - Target settings size: 600.0 x 800.0
22:42:37.075 [JavaFX Application Thread] DEBUG PrimaryStageWindow   - Scaled scene size:    527.0 x 736.0
22:42:37.075 [JavaFX Application Thread] DEBUG PrimaryStageWindow   - Scaled ratio: (0.8783333333333333, 0.92)
22:42:37.078 [JavaFX Application Thread] DEBUG PrimaryStageWindow   - Set initial scene to FXGLStartupScene
22:42:37.090 [JavaFX Application Thread] DEBUG PrimaryStageWindow   - Opening main window
22:42:37.273 [JavaFX Application Thread] DEBUG PrimaryStageWindow   - Window border size: (8.0, 38.0)
22:42:37.274 [JavaFX Application Thread] DEBUG PrimaryStageWindow   - Scaled size: 527.0 x 736.0
22:42:37.274 [JavaFX Application Thread] DEBUG PrimaryStageWindow   - Scaled ratio: (0.8783333333333333, 0.92)
22:42:37.275 [JavaFX Application Thread] DEBUG PrimaryStageWindow   - Scene size: 527.0 x 736.0
22:42:37.275 [JavaFX Application Thread] DEBUG PrimaryStageWindow   - Stage size: 535.0 x 774.0
22:42:37.289 [FXGL Background Thread 1 ] DEBUG Engine               - Initializing environment variables
22:42:37.378 [FXGL Background Thread 1 ] DEBUG FXGLAssetLoaderServi - User app class for loading assets: class Main.Main
22:42:37.378 [FXGL Background Thread 1 ] DEBUG GameApplicationServi - Applying CSS: fxgl_dark.css
22:42:37.381 [FXGL Background Thread 1 ] DEBUG FXGLAssetLoaderServi - Loading from file system: jar:file:/home/diego/.m2/repository/com/github/almasb/fxgl/17.3/fxgl-17.3.jar!/fxglassets/ui/css/fxgl_dark.css
22:42:37.550 [FXGL Background Thread 1 ] DEBUG GameApplicationServi - Initializing application scenes
22:42:37.685 [FXGL Background Thread 1 ] DEBUG GameWorld            - Game world initialized
22:42:38.005 [FXGL Background Thread 1 ] DEBUG PhysicsWorld         - Physics world initialized: appHeight=800, physics.ppm=50.0
22:42:38.008 [FXGL Background Thread 1 ] DEBUG PhysicsWorld         - Using strategy: BRUTE_FORCE
22:42:38.033 [FXGL Background Thread 1 ] DEBUG GameScene            - Game scene initialized: 600x800
22:42:38.094 [FXGL Background Thread 1 ] WARN  FXGL.DefaultMenu     - FXGLDefaultMenu is not designed for resolutions < 800x600
22:42:38.095 [FXGL Background Thread 1 ] DEBUG FXGL.DefaultMenu     - createMenuBodyGameMenu()
22:42:38.189 [FXGL Background Thread 1 ] DEBUG FXGL.DefaultMenu     - createOptionsMenu()
22:42:38.249 [FXGL Background Thread 1 ] DEBUG FXGLAssetLoaderServi - Loading from file system: jar:file:/home/diego/.m2/repository/com/github/almasb/fxgl/17.3/fxgl-17.3.jar!/fxglassets/textures/particles/smoke.png
22:42:38.664 [FXGL Background Thread 1 ] DEBUG FXGLAssetLoaderServi - Loading from file system: jar:file:/home/diego/.m2/repository/com/github/almasb/fxgl/17.3/fxgl-17.3.jar!/fxglassets/textures/particles/trace_horizontal.png
22:42:38.785 [FXGL Background Thread 1 ] DEBUG GameApplicationServi - Application scenes initialized
22:42:38.844 [FXGL Background Thread 1 ] DEBUG SystemBundleService  - Loading FXGL system data
22:42:38.858 [FXGL Background Thread 1 ] DEBUG FileSystemAccess     - Reading from: /home/diego/Documentos/concurrente/Restaurant/dario/Penguin_kitchen/system/fxgl.bundle
22:42:38.883 [FXGL Background Thread 1 ] DEBUG SystemBundleService  - Bundle FXGL: {}
22:42:38.884 [FXGL Background Thread 1 ] DEBUG UpdaterService       - Checking for updates
22:42:38.897 [FXGL Background Thread 4 ] DEBUG FXGLApplication      - Loading fonts
22:42:38.898 [FXGL Background Thread 4 ] DEBUG FXGLAssetLoaderServi - Loading from file system: jar:file:/home/diego/.m2/repository/com/github/almasb/fxgl/17.3/fxgl-17.3.jar!/fxglassets/ui/fonts/VarelaRound-Regular.ttf
22:42:38.899 [FXGL Background Thread 1 ] DEBUG FXGLApplication      - Loading default localization
22:42:38.901 [FXGL Background Thread 1 ] DEBUG FXGLAssetLoaderServi - Loading from file system: jar:file:/home/diego/.m2/repository/com/github/almasb/fxgl/17.3/fxgl-17.3.jar!/fxglassets/languages/english.lang
22:42:38.923 [FXGL Background Thread 4 ] DEBUG FXGLAssetLoaderServi - Loading from file system: jar:file:/home/diego/.m2/repository/com/github/almasb/fxgl/17.3/fxgl-17.3.jar!/fxglassets/ui/fonts/Abel-Regular.ttf
22:42:38.927 [FXGL Background Thread 4 ] DEBUG FXGLAssetLoaderServi - Loading from file system: jar:file:/home/diego/.m2/repository/com/github/almasb/fxgl/17.3/fxgl-17.3.jar!/fxglassets/ui/fonts/TerminalLandMono-Regular.otf
22:42:38.934 [FXGL Background Thread 4 ] DEBUG FXGLAssetLoaderServi - Loading from file system: jar:file:/home/diego/.m2/repository/com/github/almasb/fxgl/17.3/fxgl-17.3.jar!/fxglassets/ui/fonts/Courier-Prime.ttf
22:42:38.949 [JavaFX Application Thread] DEBUG FXGLApplication      - Registering font factories with UI factory
22:42:38.970 [FXGL Background Thread 1 ] INFO  FXGLApplication      - FXGL initialization took: 1.680 sec
22:42:38.976 [JavaFX Application Thread] DEBUG FXGLAssetLoaderServi - Loading from file system: jar:file:/home/diego/.m2/repository/com/github/almasb/fxgl/17.3/fxgl-17.3.jar!/fxglassets/textures/fxgl_icon.png
22:42:39.112 [JavaFX Application Thread] DEBUG FXGLAssetLoaderServi - Loading from file system: jar:file:/home/diego/.m2/repository/com/github/almasb/fxgl/17.3/fxgl-17.3.jar!/fxglassets/textures/fxgl_default_cursor.png
22:42:39.146 [JavaFX Application Thread] DEBUG Input                - Registered new binding: Screenshot - CTRL+8
22:42:39.148 [JavaFX Application Thread] DEBUG Input                - Registered new binding: System info dump - CTRL+9
22:42:39.149 [JavaFX Application Thread] DEBUG Input                - Registered new binding: Restart - CTRL+R
22:42:39.152 [JavaFX Application Thread] DEBUG Input                - Registered new binding: Toggle Debug Camera - CTRL+7
22:42:39.164 [JavaFX Application Thread] DEBUG LoopRunner           - Starting loop
22:42:39.165 [JavaFX Application Thread] DEBUG LoopRunner           - Initializing JavaFX AnimationTimerLoop
22:42:39.170 [JavaFX Application Thread] DEBUG GameApplicationServi - Starting new game
22:42:39.171 [JavaFX Application Thread] DEBUG Input                - Clearing active input actions
22:42:39.219 [JavaFX Application Thread] DEBUG GameApplicationServi - Removing overlay from FXGLStartupScene and adding to FXGLLoadingScene
22:42:39.220 [JavaFX Application Thread] DEBUG PrimaryStageWindow   - FXGLStartupScene -> FXGLLoadingScene
22:42:39.221 [JavaFX Application Thread] DEBUG GameApplicationServi - Clearing previous game
22:42:39.221 [JavaFX Application Thread] DEBUG GameScene            - Clearing game scene
22:42:39.221 [JavaFX Application Thread] DEBUG GameWorld            - Clearing game world
22:42:39.222 [JavaFX Application Thread] DEBUG PhysicsWorld         - Clearing physics world
22:42:39.228 [FXGL Background Thread 1 ] DEBUG FXGLApplication      - Initializing game
22:42:39.239 [FXGL Background Thread 1 ] DEBUG FXGLAssetLoaderServi - Loading from file system: file:/home/diego/Documentos/concurrente/Restaurant/dario/Penguin_kitchen/target/classes/assets/textures/fondo.png
22:42:39.344 [FXGL Background Thread 1 ] DEBUG FXGLAssetLoaderServi - Loading from file system: file:/home/diego/Documentos/concurrente/Restaurant/dario/Penguin_kitchen/target/classes/assets/textures/chef.png
22:42:39.463 [FXGL Background Thread 1 ] DEBUG FXGLAssetLoaderServi - Loading from file system: file:/home/diego/Documentos/concurrente/Restaurant/dario/Penguin_kitchen/target/classes/assets/textures/recepcionista.png
22:42:39.769 [FXGL Background Thread 1 ] WARN  FXGLAssetLoaderServi - Asset "/assets/textures/mesa.png" was not found!
22:42:39.771 [FXGL Background Thread 1 ] WARN  FXGLAssetLoaderServi - Failed to load IMAGE
22:42:39.803 [FXGL Background Thread 1 ] WARN  FXGLAssetLoaderServi - Asset "/assets/textures/mesa.png" was not found!
22:42:39.804 [FXGL Background Thread 1 ] WARN  FXGLAssetLoaderServi - Failed to load IMAGE
22:42:39.807 [FXGL Background Thread 1 ] WARN  FXGLAssetLoaderServi - Asset "/assets/textures/mesa.png" was not found!
22:42:39.808 [FXGL Background Thread 1 ] WARN  FXGLAssetLoaderServi - Failed to load IMAGE
22:42:39.814 [FXGL Background Thread 1 ] WARN  FXGLAssetLoaderServi - Asset "/assets/textures/mesa.png" was not found!
22:42:39.814 [FXGL Background Thread 1 ] WARN  FXGLAssetLoaderServi - Failed to load IMAGE
22:42:39.818 [FXGL Background Thread 1 ] WARN  FXGLAssetLoaderServi - Asset "/assets/textures/mesa.png" was not found!
22:42:39.818 [FXGL Background Thread 1 ] WARN  FXGLAssetLoaderServi - Failed to load IMAGE
22:42:39.822 [FXGL Background Thread 1 ] WARN  FXGLAssetLoaderServi - Asset "/assets/textures/mesa.png" was not found!
22:42:39.822 [FXGL Background Thread 1 ] WARN  FXGLAssetLoaderServi - Failed to load IMAGE
22:42:39.826 [FXGL Background Thread 1 ] WARN  FXGLAssetLoaderServi - Asset "/assets/textures/mesa.png" was not found!
22:42:39.827 [FXGL Background Thread 1 ] WARN  FXGLAssetLoaderServi - Failed to load IMAGE
22:42:39.832 [FXGL Background Thread 1 ] WARN  FXGLAssetLoaderServi - Asset "/assets/textures/mesa.png" was not found!
22:42:39.833 [FXGL Background Thread 1 ] WARN  FXGLAssetLoaderServi - Failed to load IMAGE
22:42:39.837 [FXGL Background Thread 1 ] WARN  FXGLAssetLoaderServi - Asset "/assets/textures/mesa.png" was not found!
22:42:39.838 [FXGL Background Thread 1 ] WARN  FXGLAssetLoaderServi - Failed to load IMAGE
22:42:39.841 [FXGL Background Thread 1 ] WARN  FXGLAssetLoaderServi - Asset "/assets/textures/mesa.png" was not found!
22:42:39.842 [FXGL Background Thread 1 ] WARN  FXGLAssetLoaderServi - Failed to load IMAGE
22:42:39.845 [FXGL Background Thread 1 ] WARN  FXGLAssetLoaderServi - Asset "/assets/textures/mesa.png" was not found!
22:42:39.846 [FXGL Background Thread 1 ] WARN  FXGLAssetLoaderServi - Failed to load IMAGE
22:42:39.850 [FXGL Background Thread 1 ] WARN  FXGLAssetLoaderServi - Asset "/assets/textures/mesa.png" was not found!
22:42:39.851 [FXGL Background Thread 1 ] WARN  FXGLAssetLoaderServi - Failed to load IMAGE
22:42:39.869 [FXGL Background Thread 1 ] DEBUG FXGLAssetLoaderServi - Loading from file system: file:/home/diego/Documentos/concurrente/Restaurant/dario/Penguin_kitchen/target/classes/assets/textures/mesero.png
22:42:39.935 [FXGL Background Thread 1 ] INFO  FXGLApplication      - Game initialization took: 0.707 sec
22:42:39.962 [JavaFX Application Thread] DEBUG Input                - Clearing active input actions
22:42:40.017 [JavaFX Application Thread] DEBUG GameApplicationServi - Removing overlay from FXGLLoadingScene and adding to GameScene
22:42:40.022 [JavaFX Application Thread] DEBUG PrimaryStageWindow   - FXGLLoadingScene -> GameScene
22:42:40.774 [FXGL Background Thread 2 ] INFO  UpdaterService       - Your current version:  17.3
22:42:40.775 [FXGL Background Thread 2 ] INFO  UpdaterService       - Latest stable version: 21.1
22:42:41.665 [JavaFX Application Thread] DEBUG FXGLAssetLoaderServi - Loading from file system: file:/home/diego/Documentos/concurrente/Restaurant/dario/Penguin_kitchen/target/classes/assets/textures/clienta.png
22:42:41.892 [FXGL Background Thread 3 ] DEBUG Engine               - Logging environment variables
22:42:41.894 [FXGL Background Thread 3 ] DEBUG Engine               - achievements: []
22:42:41.894 [FXGL Background Thread 3 ] DEBUG Engine               - actualHeight: 698.0
22:42:41.894 [FXGL Background Thread 3 ] DEBUG Engine               - actualHeightProperty: ReadOnlyDoubleProperty [value: 731.0]
22:42:41.895 [FXGL Background Thread 3 ] DEBUG Engine               - actualWidth: 527.0
22:42:41.895 [FXGL Background Thread 3 ] DEBUG Engine               - actualWidthProperty: ReadOnlyDoubleProperty [value: 527.0]
22:42:41.895 [FXGL Background Thread 3 ] DEBUG Engine               - appIcon: fxgl_icon.png
22:42:41.896 [FXGL Background Thread 3 ] DEBUG Engine               - applicationMode: DEVELOPER
22:42:41.896 [FXGL Background Thread 3 ] DEBUG Engine               - cSSList: [fxgl_dark.css]
22:42:41.896 [FXGL Background Thread 3 ] DEBUG Engine               - collisionDetectionStrategy: BRUTE_FORCE
22:42:41.897 [FXGL Background Thread 3 ] DEBUG Engine               - configClass: Optional.empty
22:42:41.897 [FXGL Background Thread 3 ] DEBUG Engine               - credits: []
22:42:41.899 [FXGL Background Thread 3 ] DEBUG Engine               - defaultCursor: CursorInfo(imageName=fxgl_default_cursor.png, hotspotX=7.0, hotspotY=6.0)
22:42:41.900 [FXGL Background Thread 3 ] DEBUG Engine               - devBBoxColorProperty: ObjectProperty [value: 0xff0000ff]
22:42:41.901 [FXGL Background Thread 3 ] DEBUG Engine               - devEnableDebugCameraProperty: BooleanProperty [value: false]
22:42:41.901 [FXGL Background Thread 3 ] DEBUG Engine               - devSensorColorProperty: ObjectProperty [value: 0xffff00ff]
22:42:41.901 [FXGL Background Thread 3 ] DEBUG Engine               - devShowBBoxProperty: BooleanProperty [value: false]
22:42:41.901 [FXGL Background Thread 3 ] DEBUG Engine               - devShowPositionProperty: BooleanProperty [value: false]
22:42:41.902 [FXGL Background Thread 3 ] DEBUG Engine               - enabledMenuItems: []
22:42:41.902 [FXGL Background Thread 3 ] DEBUG Engine               - engineServices: [class com.almasb.fxgl.app.services.FXGLAssetLoaderService, class com.almasb.fxgl.app.FXGLApplication$GameApplicationService, class com.almasb.fxgl.app.services.FXGLDialogService, class com.almasb.fxgl.app.services.IOTaskExecutorService, class com.almasb.fxgl.io.FileSystemService, class com.almasb.fxgl.localization.LocalizationService, class com.almasb.fxgl.app.services.SystemBundleService, class com.almasb.fxgl.profile.SaveLoadService, class com.almasb.fxgl.ui.FXGLUIFactoryServiceProvider, class com.almasb.fxgl.ui.FXGLDialogFactoryServiceProvider, class com.almasb.fxgl.audio.AudioPlayer, class com.almasb.fxgl.notification.impl.NotificationServiceProvider, class com.almasb.fxgl.achievement.AchievementService, class com.almasb.fxgl.cutscene.CutsceneService, class com.almasb.fxgl.minigames.MiniGameService, class com.almasb.fxgl.net.NetService, class com.almasb.fxgl.app.services.UpdaterService, class com.almasb.fxgl.dev.DevService]
22:42:41.902 [FXGL Background Thread 3 ] DEBUG Engine               - fontGame: Abel-Regular.ttf
22:42:41.902 [FXGL Background Thread 3 ] DEBUG Engine               - fontMono: TerminalLandMono-Regular.otf
22:42:41.902 [FXGL Background Thread 3 ] DEBUG Engine               - fontSizeScaleUI: 1.0
22:42:41.903 [FXGL Background Thread 3 ] DEBUG Engine               - fontText: Courier-Prime.ttf
22:42:41.903 [FXGL Background Thread 3 ] DEBUG Engine               - fontUI: VarelaRound-Regular.ttf
22:42:41.903 [FXGL Background Thread 3 ] DEBUG Engine               - fullScreen: BooleanProperty [value: false]
22:42:41.903 [FXGL Background Thread 3 ] DEBUG Engine               - gameDifficulty: MEDIUM
22:42:41.903 [FXGL Background Thread 3 ] DEBUG Engine               - gameDifficultyProperty: ObjectProperty [value: MEDIUM]
22:42:41.904 [FXGL Background Thread 3 ] DEBUG Engine               - globalMusicVolume: 0.5
22:42:41.904 [FXGL Background Thread 3 ] DEBUG Engine               - globalMusicVolumeProperty: DoubleProperty [value: 0.5]
22:42:41.904 [FXGL Background Thread 3 ] DEBUG Engine               - globalSoundVolume: 0.5
22:42:41.904 [FXGL Background Thread 3 ] DEBUG Engine               - globalSoundVolumeProperty: DoubleProperty [value: 0.5]
22:42:41.904 [FXGL Background Thread 3 ] DEBUG Engine               - height: 800
22:42:41.905 [FXGL Background Thread 3 ] DEBUG Engine               - is3D: false
22:42:41.905 [FXGL Background Thread 3 ] DEBUG Engine               - isAndroid: false
22:42:41.905 [FXGL Background Thread 3 ] DEBUG Engine               - isBrowser: false
22:42:41.905 [FXGL Background Thread 3 ] DEBUG Engine               - isClickFeedbackEnabled: false
22:42:41.905 [FXGL Background Thread 3 ] DEBUG Engine               - isCloseConfirmation: false
22:42:41.905 [FXGL Background Thread 3 ] DEBUG Engine               - isDesktop: true
22:42:41.906 [FXGL Background Thread 3 ] DEBUG Engine               - isDeveloperMenuEnabled: false
22:42:41.906 [FXGL Background Thread 3 ] DEBUG Engine               - isEmbedded: false
22:42:41.906 [FXGL Background Thread 3 ] DEBUG Engine               - isEntityPreloadEnabled: true
22:42:41.906 [FXGL Background Thread 3 ] DEBUG Engine               - isExperimentalTiledLargeMap: false
22:42:41.906 [FXGL Background Thread 3 ] DEBUG Engine               - isFileSystemWriteAllowed: true
22:42:41.907 [FXGL Background Thread 3 ] DEBUG Engine               - isFullScreenAllowed: false
22:42:41.907 [FXGL Background Thread 3 ] DEBUG Engine               - isFullScreenFromStart: false
22:42:41.908 [FXGL Background Thread 3 ] DEBUG Engine               - isGameMenuEnabled: true
22:42:41.908 [FXGL Background Thread 3 ] DEBUG Engine               - isIOS: false
22:42:41.908 [FXGL Background Thread 3 ] DEBUG Engine               - isIntroEnabled: false
22:42:41.908 [FXGL Background Thread 3 ] DEBUG Engine               - isLinux: true
22:42:41.908 [FXGL Background Thread 3 ] DEBUG Engine               - isMac: false
22:42:41.908 [FXGL Background Thread 3 ] DEBUG Engine               - isMainMenuEnabled: false
22:42:41.909 [FXGL Background Thread 3 ] DEBUG Engine               - isManualResizeEnabled: false
22:42:41.909 [FXGL Background Thread 3 ] DEBUG Engine               - isMobile: false
22:42:41.909 [FXGL Background Thread 3 ] DEBUG Engine               - isNative: false
22:42:41.911 [FXGL Background Thread 3 ] DEBUG Engine               - isPauseMusicWhenMinimized: true
22:42:41.911 [FXGL Background Thread 3 ] DEBUG Engine               - isPreserveResizeRatio: false
22:42:41.912 [FXGL Background Thread 3 ] DEBUG Engine               - isProfilingEnabled: false
22:42:41.912 [FXGL Background Thread 3 ] DEBUG Engine               - isScaleAffectedOnResize: true
22:42:41.912 [FXGL Background Thread 3 ] DEBUG Engine               - isSingleStep: false
22:42:41.913 [FXGL Background Thread 3 ] DEBUG Engine               - isUserProfileEnabled: false
22:42:41.913 [FXGL Background Thread 3 ] DEBUG Engine               - isWindows: false
22:42:41.913 [FXGL Background Thread 3 ] DEBUG Engine               - language: ObjectProperty [value: ENGLISH]
22:42:41.913 [FXGL Background Thread 3 ] DEBUG Engine               - menuKey: ESCAPE
22:42:41.914 [FXGL Background Thread 3 ] DEBUG Engine               - mouseSensitivity: 0.2
22:42:41.914 [FXGL Background Thread 3 ] DEBUG Engine               - notificationViewClass: class com.almasb.fxgl.notification.view.XboxNotificationView
22:42:41.914 [FXGL Background Thread 3 ] DEBUG Engine               - pixelsPerMeter: 50.0
22:42:41.914 [FXGL Background Thread 3 ] DEBUG Engine               - platform: LINUX
22:42:41.915 [FXGL Background Thread 3 ] DEBUG Engine               - prefHeightProperty: ReadOnlyDoubleProperty [value: 800.0]
22:42:41.915 [FXGL Background Thread 3 ] DEBUG Engine               - prefWidthProperty: ReadOnlyDoubleProperty [value: 600.0]
22:42:41.915 [FXGL Background Thread 3 ] DEBUG Engine               - profileDir: profiles/
22:42:41.915 [FXGL Background Thread 3 ] DEBUG Engine               - profileName: StringProperty [value: DEFAULT]
22:42:41.916 [FXGL Background Thread 3 ] DEBUG Engine               - randomSeed: -1
22:42:41.918 [FXGL Background Thread 3 ] DEBUG Engine               - runtimeInfo: RuntimeInfo(platform=LINUX, version=17.3, build=30.03.2023 11.49)
22:42:41.918 [FXGL Background Thread 3 ] DEBUG Engine               - saveFileExt: sav
22:42:41.919 [FXGL Background Thread 3 ] DEBUG Engine               - scaledHeightProp$fxgl: DoubleProperty [bound, value: 731.0]
22:42:41.919 [FXGL Background Thread 3 ] DEBUG Engine               - scaledWidthProp$fxgl: DoubleProperty [bound, value: 527.0]
22:42:41.919 [FXGL Background Thread 3 ] DEBUG Engine               - sceneFactory: com.almasb.fxgl.app.scene.SceneFactory@1581a59f
22:42:41.920 [FXGL Background Thread 3 ] DEBUG Engine               - secondsIn24h: 60
22:42:41.920 [FXGL Background Thread 3 ] DEBUG Engine               - soundMenuBack: menu/back.wav
22:42:41.920 [FXGL Background Thread 3 ] DEBUG Engine               - soundMenuPress: menu/press.wav
22:42:41.920 [FXGL Background Thread 3 ] DEBUG Engine               - soundMenuSelect: menu/select.wav
22:42:41.920 [FXGL Background Thread 3 ] DEBUG Engine               - soundNotification: core/notification.wav
22:42:41.920 [FXGL Background Thread 3 ] DEBUG Engine               - stageStyle: DECORATED
22:42:41.921 [FXGL Background Thread 3 ] DEBUG Engine               - supportedLanguages: [ENGLISH, FRENCH, GERMAN, HUNGARIAN, RUSSIAN]
22:42:41.921 [FXGL Background Thread 3 ] DEBUG Engine               - ticksPerSecond: -1
22:42:41.921 [FXGL Background Thread 3 ] DEBUG Engine               - title: Penguin_Kitchen
22:42:41.921 [FXGL Background Thread 3 ] DEBUG Engine               - urlGithub: https://github.com/AlmasB/FXGL
22:42:41.921 [FXGL Background Thread 3 ] DEBUG Engine               - urlLeaderboard: http://fxgl-top.herokuapp.com/
22:42:41.921 [FXGL Background Thread 3 ] DEBUG Engine               - urlPOM: https://raw.githubusercontent.com/AlmasB/FXGL/release/README.md
22:42:41.921 [FXGL Background Thread 3 ] DEBUG Engine               - userAppClass: class Main.Main
22:42:41.922 [FXGL Background Thread 3 ] DEBUG Engine               - version: 1.0
22:42:41.922 [FXGL Background Thread 3 ] DEBUG Engine               - versionCheckDays: 7
22:42:41.922 [FXGL Background Thread 3 ] DEBUG Engine               - width: 600
22:42:41.922 [FXGL Background Thread 3 ] DEBUG Engine               - Logging services
22:42:41.922 [FXGL Background Thread 3 ] DEBUG Engine               - class com.almasb.fxgl.app.services.FXGLAssetLoaderService
22:42:41.922 [FXGL Background Thread 3 ] DEBUG Engine               - class com.almasb.fxgl.app.FXGLApplication$GameApplicationService
22:42:41.922 [FXGL Background Thread 3 ] DEBUG Engine               - class com.almasb.fxgl.app.services.FXGLDialogService
22:42:41.923 [FXGL Background Thread 3 ] DEBUG Engine               - class com.almasb.fxgl.app.services.IOTaskExecutorService
22:42:41.923 [FXGL Background Thread 3 ] DEBUG Engine               - class com.almasb.fxgl.io.FileSystemService
22:42:41.923 [FXGL Background Thread 3 ] DEBUG Engine               - class com.almasb.fxgl.localization.LocalizationService
22:42:41.923 [FXGL Background Thread 3 ] DEBUG Engine               - class com.almasb.fxgl.app.services.SystemBundleService
22:42:41.924 [FXGL Background Thread 3 ] DEBUG Engine               - class com.almasb.fxgl.profile.SaveLoadService
22:42:41.924 [FXGL Background Thread 3 ] DEBUG Engine               - class com.almasb.fxgl.ui.FXGLUIFactoryServiceProvider
22:42:41.924 [FXGL Background Thread 3 ] DEBUG Engine               - class com.almasb.fxgl.ui.FXGLDialogFactoryServiceProvider
22:42:41.924 [FXGL Background Thread 3 ] DEBUG Engine               - class com.almasb.fxgl.audio.AudioPlayer
22:42:41.924 [FXGL Background Thread 3 ] DEBUG Engine               - class com.almasb.fxgl.notification.impl.NotificationServiceProvider
22:42:41.925 [FXGL Background Thread 3 ] DEBUG Engine               - class com.almasb.fxgl.achievement.AchievementService
22:42:41.925 [FXGL Background Thread 3 ] DEBUG Engine               - class com.almasb.fxgl.cutscene.CutsceneService
22:42:41.925 [FXGL Background Thread 3 ] DEBUG Engine               - class com.almasb.fxgl.minigames.MiniGameService
22:42:41.925 [FXGL Background Thread 3 ] DEBUG Engine               - class com.almasb.fxgl.net.NetService
22:42:41.925 [FXGL Background Thread 3 ] DEBUG Engine               - class com.almasb.fxgl.app.services.UpdaterService
22:42:41.925 [FXGL Background Thread 3 ] DEBUG Engine               - class com.almasb.fxgl.dev.DevService
22:42:44.333 [JavaFX Application Thread] DEBUG FXGLAssetLoaderServi - Loading from file system: file:/home/diego/Documentos/concurrente/Restaurant/dario/Penguin_kitchen/target/classes/assets/textures/cliente.png
22:42:46.770 [JavaFX Application Thread] DEBUG FXGLAssetLoaderServi - Loading from file system: file:/home/diego/Documentos/concurrente/Restaurant/dario/Penguin_kitchen/target/classes/assets/textures/comida.png
22:43:32.915 [JavaFX Application Thread] DEBUG FXGLApplication      - Exiting FXGL
22:43:32.915 [JavaFX Application Thread] DEBUG LoopRunner           - Stopping loop
22:43:32.915 [JavaFX Application Thread] DEBUG SystemBundleService  - Saving FXGL system data
22:43:32.920 [JavaFX Application Thread] DEBUG FileSystemAccess     - Writing to: /home/diego/Documentos/concurrente/Restaurant/dario/Penguin_kitchen/system/fxgl.bundle
22:43:32.927 [JavaFX Application Thread] DEBUG Async                - Shutting down background threads
22:43:32.928 [JavaFX Application Thread] DEBUG PrimaryStageWindow   - Closing main window
22:43:32.934 [JavaFX Application Thread] DEBUG Logger               - Closing Logger
