00:50:17.143 [Main.Main.main()         ] DEBUG Logger               - Configured Logger
00:50:17.213 [Main.Main.main()         ] DEBUG GameApplication      - Logging settings
Title: Penguin_Kitchen
Version: 1.0
Width: 600
Height: 800
Fullscreen: false
Intro: false
Profiling: false
Single step:false
App Mode: DEVELOPER
Menu Key: ESCAPE
Stage Style: DECORATED
Scene Factory: class com.almasb.fxgl.app.scene.SceneFactory

00:50:18.021 [JavaFX Application Thread] DEBUG FXGLApplication      - Initializing FXGL
00:50:18.035 [JavaFX Application Thread] INFO  Engine               - FXGL-17.3 (30.03.2023 11.49) on LINUX (J:21.0.5 FX:20)
00:50:18.036 [JavaFX Application Thread] DEBUG Engine               - JRE Vendor Name: Red Hat, Inc.
00:50:18.037 [JavaFX Application Thread] DEBUG Engine               - Running on OS: Linux version 6.11.8-200.fc40.x86_64
00:50:18.038 [JavaFX Application Thread] DEBUG Engine               - Architecture: amd64
00:50:18.038 [JavaFX Application Thread] INFO  Engine               - Source code and latest versions at: https://github.com/AlmasB/FXGL
00:50:18.038 [JavaFX Application Thread] INFO  Engine               -       Ask questions and discuss at: https://github.com/AlmasB/FXGL/discussions
00:50:18.039 [JavaFX Application Thread] INFO  Engine               -              Join the FXGL chat at: https://gitter.im/AlmasB/FXGL
00:50:18.439 [JavaFX Application Thread] DEBUG PrimaryStageWindow   - Creating a JavaFX scene
00:50:18.440 [JavaFX Application Thread] DEBUG PrimaryStageWindow   - Target size > screen size
00:50:18.705 [JavaFX Application Thread] DEBUG PrimaryStageWindow   - Target settings size: 600.0 x 800.0
00:50:18.706 [JavaFX Application Thread] DEBUG PrimaryStageWindow   - Scaled scene size:    527.0 x 736.0
00:50:18.706 [JavaFX Application Thread] DEBUG PrimaryStageWindow   - Scaled ratio: (0.8783333333333333, 0.92)
00:50:18.709 [JavaFX Application Thread] DEBUG PrimaryStageWindow   - Set initial scene to FXGLStartupScene
00:50:18.719 [JavaFX Application Thread] DEBUG PrimaryStageWindow   - Opening main window
00:50:18.930 [JavaFX Application Thread] DEBUG PrimaryStageWindow   - Window border size: (8.0, 38.0)
00:50:18.931 [JavaFX Application Thread] DEBUG PrimaryStageWindow   - Scaled size: 527.0 x 736.0
00:50:18.932 [JavaFX Application Thread] DEBUG PrimaryStageWindow   - Scaled ratio: (0.8783333333333333, 0.92)
00:50:18.933 [JavaFX Application Thread] DEBUG PrimaryStageWindow   - Scene size: 527.0 x 736.0
00:50:18.933 [JavaFX Application Thread] DEBUG PrimaryStageWindow   - Stage size: 535.0 x 774.0
00:50:18.956 [FXGL Background Thread 1 ] DEBUG Engine               - Initializing environment variables
00:50:19.069 [FXGL Background Thread 1 ] DEBUG FXGLAssetLoaderServi - User app class for loading assets: class Main.Main
00:50:19.070 [FXGL Background Thread 1 ] DEBUG GameApplicationServi - Applying CSS: fxgl_dark.css
00:50:19.072 [FXGL Background Thread 1 ] DEBUG FXGLAssetLoaderServi - Loading from file system: jar:file:/home/diego/.m2/repository/com/github/almasb/fxgl/17.3/fxgl-17.3.jar!/fxglassets/ui/css/fxgl_dark.css
00:50:19.224 [FXGL Background Thread 1 ] DEBUG GameApplicationServi - Initializing application scenes
00:50:19.360 [FXGL Background Thread 1 ] DEBUG GameWorld            - Game world initialized
00:50:19.554 [FXGL Background Thread 1 ] DEBUG PhysicsWorld         - Physics world initialized: appHeight=800, physics.ppm=50.0
00:50:19.555 [FXGL Background Thread 1 ] DEBUG PhysicsWorld         - Using strategy: BRUTE_FORCE
00:50:19.568 [FXGL Background Thread 1 ] DEBUG GameScene            - Game scene initialized: 600x800
00:50:19.607 [FXGL Background Thread 1 ] WARN  FXGL.DefaultMenu     - FXGLDefaultMenu is not designed for resolutions < 800x600
00:50:19.607 [FXGL Background Thread 1 ] DEBUG FXGL.DefaultMenu     - createMenuBodyGameMenu()
00:50:19.664 [FXGL Background Thread 1 ] DEBUG FXGL.DefaultMenu     - createOptionsMenu()
00:50:19.701 [FXGL Background Thread 1 ] DEBUG FXGLAssetLoaderServi - Loading from file system: jar:file:/home/diego/.m2/repository/com/github/almasb/fxgl/17.3/fxgl-17.3.jar!/fxglassets/textures/particles/smoke.png
00:50:20.006 [FXGL Background Thread 1 ] DEBUG FXGLAssetLoaderServi - Loading from file system: jar:file:/home/diego/.m2/repository/com/github/almasb/fxgl/17.3/fxgl-17.3.jar!/fxglassets/textures/particles/trace_horizontal.png
00:50:20.080 [FXGL Background Thread 1 ] DEBUG GameApplicationServi - Application scenes initialized
00:50:20.122 [FXGL Background Thread 1 ] DEBUG SystemBundleService  - Loading FXGL system data
00:50:20.132 [FXGL Background Thread 1 ] DEBUG FileSystemAccess     - Reading from: /home/diego/Documentos/concurrente/Restaurant/dario/Penguin_kitchen/system/fxgl.bundle
00:50:20.156 [FXGL Background Thread 1 ] DEBUG SystemBundleService  - Bundle FXGL: {}
00:50:20.157 [FXGL Background Thread 1 ] DEBUG UpdaterService       - Checking for updates
00:50:20.169 [FXGL Background Thread 4 ] DEBUG FXGLApplication      - Loading fonts
00:50:20.170 [FXGL Background Thread 4 ] DEBUG FXGLAssetLoaderServi - Loading from file system: jar:file:/home/diego/.m2/repository/com/github/almasb/fxgl/17.3/fxgl-17.3.jar!/fxglassets/ui/fonts/VarelaRound-Regular.ttf
00:50:20.171 [FXGL Background Thread 1 ] DEBUG FXGLApplication      - Loading default localization
00:50:20.173 [FXGL Background Thread 1 ] DEBUG FXGLAssetLoaderServi - Loading from file system: jar:file:/home/diego/.m2/repository/com/github/almasb/fxgl/17.3/fxgl-17.3.jar!/fxglassets/languages/english.lang
00:50:20.187 [FXGL Background Thread 4 ] DEBUG FXGLAssetLoaderServi - Loading from file system: jar:file:/home/diego/.m2/repository/com/github/almasb/fxgl/17.3/fxgl-17.3.jar!/fxglassets/ui/fonts/Abel-Regular.ttf
00:50:20.191 [FXGL Background Thread 4 ] DEBUG FXGLAssetLoaderServi - Loading from file system: jar:file:/home/diego/.m2/repository/com/github/almasb/fxgl/17.3/fxgl-17.3.jar!/fxglassets/ui/fonts/TerminalLandMono-Regular.otf
00:50:20.196 [FXGL Background Thread 4 ] DEBUG FXGLAssetLoaderServi - Loading from file system: jar:file:/home/diego/.m2/repository/com/github/almasb/fxgl/17.3/fxgl-17.3.jar!/fxglassets/ui/fonts/Courier-Prime.ttf
00:50:20.205 [JavaFX Application Thread] DEBUG FXGLApplication      - Registering font factories with UI factory
00:50:20.221 [FXGL Background Thread 1 ] INFO  FXGLApplication      - FXGL initialization took: 1.265 sec
00:50:20.223 [JavaFX Application Thread] DEBUG FXGLAssetLoaderServi - Loading from file system: jar:file:/home/diego/.m2/repository/com/github/almasb/fxgl/17.3/fxgl-17.3.jar!/fxglassets/textures/fxgl_icon.png
00:50:20.335 [JavaFX Application Thread] DEBUG FXGLAssetLoaderServi - Loading from file system: jar:file:/home/diego/.m2/repository/com/github/almasb/fxgl/17.3/fxgl-17.3.jar!/fxglassets/textures/fxgl_default_cursor.png
00:50:20.373 [JavaFX Application Thread] DEBUG Input                - Registered new binding: Screenshot - CTRL+8
00:50:20.375 [JavaFX Application Thread] DEBUG Input                - Registered new binding: System info dump - CTRL+9
00:50:20.376 [JavaFX Application Thread] DEBUG Input                - Registered new binding: Restart - CTRL+R
00:50:20.378 [JavaFX Application Thread] DEBUG Input                - Registered new binding: Toggle Debug Camera - CTRL+7
00:50:20.389 [JavaFX Application Thread] DEBUG LoopRunner           - Starting loop
00:50:20.390 [JavaFX Application Thread] DEBUG LoopRunner           - Initializing JavaFX AnimationTimerLoop
00:50:20.395 [JavaFX Application Thread] DEBUG GameApplicationServi - Starting new game
00:50:20.396 [JavaFX Application Thread] DEBUG Input                - Clearing active input actions
00:50:20.439 [JavaFX Application Thread] DEBUG GameApplicationServi - Removing overlay from FXGLStartupScene and adding to FXGLLoadingScene
00:50:20.441 [JavaFX Application Thread] DEBUG PrimaryStageWindow   - FXGLStartupScene -> FXGLLoadingScene
00:50:20.441 [JavaFX Application Thread] DEBUG GameApplicationServi - Clearing previous game
00:50:20.441 [JavaFX Application Thread] DEBUG GameScene            - Clearing game scene
00:50:20.441 [JavaFX Application Thread] DEBUG GameWorld            - Clearing game world
00:50:20.442 [JavaFX Application Thread] DEBUG PhysicsWorld         - Clearing physics world
00:50:20.446 [FXGL Background Thread 1 ] DEBUG FXGLApplication      - Initializing game
00:50:20.450 [FXGL Background Thread 1 ] DEBUG FXGLAssetLoaderServi - Loading from file system: file:/home/diego/Documentos/concurrente/Restaurant/dario/Penguin_kitchen/target/classes/assets/textures/fondo.png
00:50:20.551 [FXGL Background Thread 1 ] WARN  FXGLAssetLoaderServi - Asset "/assets/textures/CHEF.PNG" was not found!
00:50:20.552 [FXGL Background Thread 1 ] WARN  FXGLAssetLoaderServi - Failed to load IMAGE
00:50:20.846 [FXGL Background Thread 1 ] WARN  FXGLAssetLoaderServi - Asset "/assets/textures/RECEPCIONISTA.PNG" was not found!
00:50:20.850 [FXGL Background Thread 1 ] WARN  FXGLAssetLoaderServi - Failed to load IMAGE
00:50:20.877 [FXGL Background Thread 1 ] WARN  FXGLAssetLoaderServi - Asset "/assets/textures/mesa.png" was not found!
00:50:20.881 [FXGL Background Thread 1 ] WARN  FXGLAssetLoaderServi - Failed to load IMAGE
00:50:20.889 [FXGL Background Thread 1 ] WARN  FXGLAssetLoaderServi - Asset "/assets/textures/mesa.png" was not found!
00:50:20.890 [FXGL Background Thread 1 ] WARN  FXGLAssetLoaderServi - Failed to load IMAGE
00:50:20.894 [FXGL Background Thread 1 ] WARN  FXGLAssetLoaderServi - Asset "/assets/textures/mesa.png" was not found!
00:50:20.898 [FXGL Background Thread 1 ] WARN  FXGLAssetLoaderServi - Failed to load IMAGE
00:50:20.903 [FXGL Background Thread 1 ] WARN  FXGLAssetLoaderServi - Asset "/assets/textures/mesa.png" was not found!
00:50:20.904 [FXGL Background Thread 1 ] WARN  FXGLAssetLoaderServi - Failed to load IMAGE
00:50:20.911 [FXGL Background Thread 1 ] WARN  FXGLAssetLoaderServi - Asset "/assets/textures/mesa.png" was not found!
00:50:20.912 [FXGL Background Thread 1 ] WARN  FXGLAssetLoaderServi - Failed to load IMAGE
00:50:20.919 [FXGL Background Thread 1 ] WARN  FXGLAssetLoaderServi - Asset "/assets/textures/mesa.png" was not found!
00:50:20.919 [FXGL Background Thread 1 ] WARN  FXGLAssetLoaderServi - Failed to load IMAGE
00:50:20.926 [FXGL Background Thread 1 ] WARN  FXGLAssetLoaderServi - Asset "/assets/textures/mesa.png" was not found!
00:50:20.930 [FXGL Background Thread 1 ] WARN  FXGLAssetLoaderServi - Failed to load IMAGE
00:50:20.936 [FXGL Background Thread 1 ] WARN  FXGLAssetLoaderServi - Asset "/assets/textures/mesa.png" was not found!
00:50:20.937 [FXGL Background Thread 1 ] WARN  FXGLAssetLoaderServi - Failed to load IMAGE
00:50:20.941 [FXGL Background Thread 1 ] WARN  FXGLAssetLoaderServi - Asset "/assets/textures/mesa.png" was not found!
00:50:20.942 [FXGL Background Thread 1 ] WARN  FXGLAssetLoaderServi - Failed to load IMAGE
00:50:20.945 [FXGL Background Thread 1 ] WARN  FXGLAssetLoaderServi - Asset "/assets/textures/mesa.png" was not found!
00:50:20.946 [FXGL Background Thread 1 ] WARN  FXGLAssetLoaderServi - Failed to load IMAGE
00:50:20.955 [FXGL Background Thread 1 ] WARN  FXGLAssetLoaderServi - Asset "/assets/textures/mesa.png" was not found!
00:50:20.956 [FXGL Background Thread 1 ] WARN  FXGLAssetLoaderServi - Failed to load IMAGE
00:50:20.959 [FXGL Background Thread 1 ] WARN  FXGLAssetLoaderServi - Asset "/assets/textures/mesa.png" was not found!
00:50:20.960 [FXGL Background Thread 1 ] WARN  FXGLAssetLoaderServi - Failed to load IMAGE
00:50:21.018 [FXGL Background Thread 1 ] WARN  FXGLAssetLoaderServi - Asset "/assets/textures/mesero.PNG" was not found!
00:50:21.023 [FXGL Background Thread 1 ] WARN  FXGLAssetLoaderServi - Failed to load IMAGE
00:50:21.030 [FXGL Background Thread 1 ] INFO  FXGLApplication      - Game initialization took: 0.584 sec
00:50:21.055 [JavaFX Application Thread] DEBUG Input                - Clearing active input actions
00:50:21.096 [JavaFX Application Thread] DEBUG GameApplicationServi - Removing overlay from FXGLLoadingScene and adding to GameScene
00:50:21.102 [JavaFX Application Thread] DEBUG PrimaryStageWindow   - FXGLLoadingScene -> GameScene
00:50:21.928 [FXGL Background Thread 2 ] INFO  UpdaterService       - Your current version:  17.3
00:50:21.931 [FXGL Background Thread 2 ] INFO  UpdaterService       - Latest stable version: 21.1
00:50:23.165 [FXGL Background Thread 3 ] DEBUG Engine               - Logging environment variables
00:50:23.167 [FXGL Background Thread 3 ] DEBUG Engine               - achievements: []
00:50:23.168 [FXGL Background Thread 3 ] DEBUG Engine               - actualHeight: 736.0
00:50:23.169 [FXGL Background Thread 3 ] DEBUG Engine               - actualHeightProperty: ReadOnlyDoubleProperty [value: 731.0]
00:50:23.169 [FXGL Background Thread 3 ] DEBUG Engine               - actualWidth: 527.0
00:50:23.169 [FXGL Background Thread 3 ] DEBUG Engine               - actualWidthProperty: ReadOnlyDoubleProperty [value: 527.0]
00:50:23.170 [FXGL Background Thread 3 ] DEBUG Engine               - appIcon: fxgl_icon.png
00:50:23.170 [FXGL Background Thread 3 ] DEBUG Engine               - applicationMode: DEVELOPER
00:50:23.170 [FXGL Background Thread 3 ] DEBUG Engine               - cSSList: [fxgl_dark.css]
00:50:23.171 [FXGL Background Thread 3 ] DEBUG Engine               - collisionDetectionStrategy: BRUTE_FORCE
00:50:23.171 [FXGL Background Thread 3 ] DEBUG Engine               - configClass: Optional.empty
00:50:23.171 [FXGL Background Thread 3 ] DEBUG Engine               - credits: []
00:50:23.173 [FXGL Background Thread 3 ] DEBUG Engine               - defaultCursor: CursorInfo(imageName=fxgl_default_cursor.png, hotspotX=7.0, hotspotY=6.0)
00:50:23.175 [FXGL Background Thread 3 ] DEBUG Engine               - devBBoxColorProperty: ObjectProperty [value: 0xff0000ff]
00:50:23.175 [FXGL Background Thread 3 ] DEBUG Engine               - devEnableDebugCameraProperty: BooleanProperty [value: false]
00:50:23.176 [FXGL Background Thread 3 ] DEBUG Engine               - devSensorColorProperty: ObjectProperty [value: 0xffff00ff]
00:50:23.176 [FXGL Background Thread 3 ] DEBUG Engine               - devShowBBoxProperty: BooleanProperty [value: false]
00:50:23.176 [FXGL Background Thread 3 ] DEBUG Engine               - devShowPositionProperty: BooleanProperty [value: false]
00:50:23.177 [FXGL Background Thread 3 ] DEBUG Engine               - enabledMenuItems: []
00:50:23.177 [FXGL Background Thread 3 ] DEBUG Engine               - engineServices: [class com.almasb.fxgl.app.services.FXGLAssetLoaderService, class com.almasb.fxgl.app.FXGLApplication$GameApplicationService, class com.almasb.fxgl.app.services.FXGLDialogService, class com.almasb.fxgl.app.services.IOTaskExecutorService, class com.almasb.fxgl.io.FileSystemService, class com.almasb.fxgl.localization.LocalizationService, class com.almasb.fxgl.app.services.SystemBundleService, class com.almasb.fxgl.profile.SaveLoadService, class com.almasb.fxgl.ui.FXGLUIFactoryServiceProvider, class com.almasb.fxgl.ui.FXGLDialogFactoryServiceProvider, class com.almasb.fxgl.audio.AudioPlayer, class com.almasb.fxgl.notification.impl.NotificationServiceProvider, class com.almasb.fxgl.achievement.AchievementService, class com.almasb.fxgl.cutscene.CutsceneService, class com.almasb.fxgl.minigames.MiniGameService, class com.almasb.fxgl.net.NetService, class com.almasb.fxgl.app.services.UpdaterService, class com.almasb.fxgl.dev.DevService]
00:50:23.177 [FXGL Background Thread 3 ] DEBUG Engine               - fontGame: Abel-Regular.ttf
00:50:23.178 [FXGL Background Thread 3 ] DEBUG Engine               - fontMono: TerminalLandMono-Regular.otf
00:50:23.178 [FXGL Background Thread 3 ] DEBUG Engine               - fontSizeScaleUI: 1.0
00:50:23.179 [FXGL Background Thread 3 ] DEBUG Engine               - fontText: Courier-Prime.ttf
00:50:23.179 [FXGL Background Thread 3 ] DEBUG Engine               - fontUI: VarelaRound-Regular.ttf
00:50:23.180 [FXGL Background Thread 3 ] DEBUG Engine               - fullScreen: BooleanProperty [value: false]
00:50:23.180 [FXGL Background Thread 3 ] DEBUG Engine               - gameDifficulty: MEDIUM
00:50:23.180 [FXGL Background Thread 3 ] DEBUG Engine               - gameDifficultyProperty: ObjectProperty [value: MEDIUM]
00:50:23.180 [FXGL Background Thread 3 ] DEBUG Engine               - globalMusicVolume: 0.5
00:50:23.181 [FXGL Background Thread 3 ] DEBUG Engine               - globalMusicVolumeProperty: DoubleProperty [value: 0.5]
00:50:23.181 [FXGL Background Thread 3 ] DEBUG Engine               - globalSoundVolume: 0.5
00:50:23.182 [FXGL Background Thread 3 ] DEBUG Engine               - globalSoundVolumeProperty: DoubleProperty [value: 0.5]
00:50:23.182 [FXGL Background Thread 3 ] DEBUG Engine               - height: 800
00:50:23.183 [FXGL Background Thread 3 ] DEBUG Engine               - is3D: false
00:50:23.183 [FXGL Background Thread 3 ] DEBUG Engine               - isAndroid: false
00:50:23.183 [FXGL Background Thread 3 ] DEBUG Engine               - isBrowser: false
00:50:23.183 [FXGL Background Thread 3 ] DEBUG Engine               - isClickFeedbackEnabled: false
00:50:23.184 [FXGL Background Thread 3 ] DEBUG Engine               - isCloseConfirmation: false
00:50:23.184 [FXGL Background Thread 3 ] DEBUG Engine               - isDesktop: true
00:50:23.184 [FXGL Background Thread 3 ] DEBUG Engine               - isDeveloperMenuEnabled: false
00:50:23.185 [FXGL Background Thread 3 ] DEBUG Engine               - isEmbedded: false
00:50:23.185 [FXGL Background Thread 3 ] DEBUG Engine               - isEntityPreloadEnabled: true
00:50:23.185 [FXGL Background Thread 3 ] DEBUG Engine               - isExperimentalTiledLargeMap: false
00:50:23.186 [FXGL Background Thread 3 ] DEBUG Engine               - isFileSystemWriteAllowed: true
00:50:23.186 [FXGL Background Thread 3 ] DEBUG Engine               - isFullScreenAllowed: false
00:50:23.186 [FXGL Background Thread 3 ] DEBUG Engine               - isFullScreenFromStart: false
00:50:23.186 [FXGL Background Thread 3 ] DEBUG Engine               - isGameMenuEnabled: true
00:50:23.187 [FXGL Background Thread 3 ] DEBUG Engine               - isIOS: false
00:50:23.187 [FXGL Background Thread 3 ] DEBUG Engine               - isIntroEnabled: false
00:50:23.187 [FXGL Background Thread 3 ] DEBUG Engine               - isLinux: true
00:50:23.188 [FXGL Background Thread 3 ] DEBUG Engine               - isMac: false
00:50:23.188 [FXGL Background Thread 3 ] DEBUG Engine               - isMainMenuEnabled: false
00:50:23.188 [FXGL Background Thread 3 ] DEBUG Engine               - isManualResizeEnabled: false
00:50:23.189 [FXGL Background Thread 3 ] DEBUG Engine               - isMobile: false
00:50:23.189 [FXGL Background Thread 3 ] DEBUG Engine               - isNative: false
00:50:23.189 [FXGL Background Thread 3 ] DEBUG Engine               - isPauseMusicWhenMinimized: true
00:50:23.189 [FXGL Background Thread 3 ] DEBUG Engine               - isPreserveResizeRatio: false
00:50:23.190 [FXGL Background Thread 3 ] DEBUG Engine               - isProfilingEnabled: false
00:50:23.190 [FXGL Background Thread 3 ] DEBUG Engine               - isScaleAffectedOnResize: true
00:50:23.190 [FXGL Background Thread 3 ] DEBUG Engine               - isSingleStep: false
00:50:23.191 [FXGL Background Thread 3 ] DEBUG Engine               - isUserProfileEnabled: false
00:50:23.191 [FXGL Background Thread 3 ] DEBUG Engine               - isWindows: false
00:50:23.192 [FXGL Background Thread 3 ] DEBUG Engine               - language: ObjectProperty [value: ENGLISH]
00:50:23.192 [FXGL Background Thread 3 ] DEBUG Engine               - menuKey: ESCAPE
00:50:23.192 [FXGL Background Thread 3 ] DEBUG Engine               - mouseSensitivity: 0.2
00:50:23.193 [FXGL Background Thread 3 ] DEBUG Engine               - notificationViewClass: class com.almasb.fxgl.notification.view.XboxNotificationView
00:50:23.193 [FXGL Background Thread 3 ] DEBUG Engine               - pixelsPerMeter: 50.0
00:50:23.194 [FXGL Background Thread 3 ] DEBUG Engine               - platform: LINUX
00:50:23.194 [FXGL Background Thread 3 ] DEBUG Engine               - prefHeightProperty: ReadOnlyDoubleProperty [value: 800.0]
00:50:23.194 [FXGL Background Thread 3 ] DEBUG Engine               - prefWidthProperty: ReadOnlyDoubleProperty [value: 600.0]
00:50:23.195 [FXGL Background Thread 3 ] DEBUG Engine               - profileDir: profiles/
00:50:23.195 [FXGL Background Thread 3 ] DEBUG Engine               - profileName: StringProperty [value: DEFAULT]
00:50:23.195 [FXGL Background Thread 3 ] DEBUG Engine               - randomSeed: -1
00:50:23.197 [FXGL Background Thread 3 ] DEBUG Engine               - runtimeInfo: RuntimeInfo(platform=LINUX, version=17.3, build=30.03.2023 11.49)
00:50:23.197 [FXGL Background Thread 3 ] DEBUG Engine               - saveFileExt: sav
00:50:23.198 [FXGL Background Thread 3 ] DEBUG Engine               - scaledHeightProp$fxgl: DoubleProperty [bound, value: 731.0]
00:50:23.198 [FXGL Background Thread 3 ] DEBUG Engine               - scaledWidthProp$fxgl: DoubleProperty [bound, value: 527.0]
00:50:23.198 [FXGL Background Thread 3 ] DEBUG Engine               - sceneFactory: com.almasb.fxgl.app.scene.SceneFactory@4a25f768
00:50:23.199 [FXGL Background Thread 3 ] DEBUG Engine               - secondsIn24h: 60
00:50:23.199 [FXGL Background Thread 3 ] DEBUG Engine               - soundMenuBack: menu/back.wav
00:50:23.199 [FXGL Background Thread 3 ] DEBUG Engine               - soundMenuPress: menu/press.wav
00:50:23.200 [FXGL Background Thread 3 ] DEBUG Engine               - soundMenuSelect: menu/select.wav
00:50:23.200 [FXGL Background Thread 3 ] DEBUG Engine               - soundNotification: core/notification.wav
00:50:23.200 [FXGL Background Thread 3 ] DEBUG Engine               - stageStyle: DECORATED
00:50:23.200 [FXGL Background Thread 3 ] DEBUG Engine               - supportedLanguages: [ENGLISH, FRENCH, GERMAN, HUNGARIAN, RUSSIAN]
00:50:23.201 [FXGL Background Thread 3 ] DEBUG Engine               - ticksPerSecond: -1
00:50:23.201 [FXGL Background Thread 3 ] DEBUG Engine               - title: Penguin_Kitchen
00:50:23.201 [FXGL Background Thread 3 ] DEBUG Engine               - urlGithub: https://github.com/AlmasB/FXGL
00:50:23.202 [FXGL Background Thread 3 ] DEBUG Engine               - urlLeaderboard: http://fxgl-top.herokuapp.com/
00:50:23.202 [FXGL Background Thread 3 ] DEBUG Engine               - urlPOM: https://raw.githubusercontent.com/AlmasB/FXGL/release/README.md
00:50:23.202 [FXGL Background Thread 3 ] DEBUG Engine               - userAppClass: class Main.Main
00:50:23.202 [FXGL Background Thread 3 ] DEBUG Engine               - version: 1.0
00:50:23.203 [FXGL Background Thread 3 ] DEBUG Engine               - versionCheckDays: 7
00:50:23.203 [FXGL Background Thread 3 ] DEBUG Engine               - width: 600
00:50:23.203 [FXGL Background Thread 3 ] DEBUG Engine               - Logging services
00:50:23.204 [FXGL Background Thread 3 ] DEBUG Engine               - class com.almasb.fxgl.app.services.FXGLAssetLoaderService
00:50:23.204 [FXGL Background Thread 3 ] DEBUG Engine               - class com.almasb.fxgl.app.FXGLApplication$GameApplicationService
00:50:23.204 [FXGL Background Thread 3 ] DEBUG Engine               - class com.almasb.fxgl.app.services.FXGLDialogService
00:50:23.204 [FXGL Background Thread 3 ] DEBUG Engine               - class com.almasb.fxgl.app.services.IOTaskExecutorService
00:50:23.205 [FXGL Background Thread 3 ] DEBUG Engine               - class com.almasb.fxgl.io.FileSystemService
00:50:23.205 [FXGL Background Thread 3 ] DEBUG Engine               - class com.almasb.fxgl.localization.LocalizationService
00:50:23.205 [FXGL Background Thread 3 ] DEBUG Engine               - class com.almasb.fxgl.app.services.SystemBundleService
00:50:23.205 [FXGL Background Thread 3 ] DEBUG Engine               - class com.almasb.fxgl.profile.SaveLoadService
00:50:23.206 [FXGL Background Thread 3 ] DEBUG Engine               - class com.almasb.fxgl.ui.FXGLUIFactoryServiceProvider
00:50:23.206 [FXGL Background Thread 3 ] DEBUG Engine               - class com.almasb.fxgl.ui.FXGLDialogFactoryServiceProvider
00:50:23.206 [FXGL Background Thread 3 ] DEBUG Engine               - class com.almasb.fxgl.audio.AudioPlayer
00:50:23.206 [FXGL Background Thread 3 ] DEBUG Engine               - class com.almasb.fxgl.notification.impl.NotificationServiceProvider
00:50:23.207 [FXGL Background Thread 3 ] DEBUG Engine               - class com.almasb.fxgl.achievement.AchievementService
00:50:23.207 [FXGL Background Thread 3 ] DEBUG Engine               - class com.almasb.fxgl.cutscene.CutsceneService
00:50:23.207 [FXGL Background Thread 3 ] DEBUG Engine               - class com.almasb.fxgl.minigames.MiniGameService
00:50:23.207 [FXGL Background Thread 3 ] DEBUG Engine               - class com.almasb.fxgl.net.NetService
00:50:23.208 [FXGL Background Thread 3 ] DEBUG Engine               - class com.almasb.fxgl.app.services.UpdaterService
00:50:23.208 [FXGL Background Thread 3 ] DEBUG Engine               - class com.almasb.fxgl.dev.DevService
00:50:26.263 [JavaFX Application Thread] DEBUG FXGLAssetLoaderServi - Loading from file system: file:/home/diego/Documentos/concurrente/Restaurant/dario/Penguin_kitchen/target/classes/assets/textures/clienta.png
00:50:32.285 [JavaFX Application Thread] DEBUG FXGLAssetLoaderServi - Loading from file system: file:/home/diego/Documentos/concurrente/Restaurant/dario/Penguin_kitchen/target/classes/assets/textures/cliente.png
00:50:54.920 [JavaFX Application Thread] DEBUG FXGLApplication      - Exiting FXGL
00:50:54.920 [JavaFX Application Thread] DEBUG LoopRunner           - Stopping loop
00:50:54.920 [JavaFX Application Thread] DEBUG SystemBundleService  - Saving FXGL system data
00:50:54.926 [JavaFX Application Thread] DEBUG FileSystemAccess     - Writing to: /home/diego/Documentos/concurrente/Restaurant/dario/Penguin_kitchen/system/fxgl.bundle
00:50:54.933 [JavaFX Application Thread] DEBUG Async                - Shutting down background threads
00:50:54.934 [JavaFX Application Thread] DEBUG PrimaryStageWindow   - Closing main window
00:50:54.940 [JavaFX Application Thread] DEBUG Logger               - Closing Logger
