22:55:08.547 [Main.Main.main()         ] DEBUG Logger               - Configured Logger
22:55:08.630 [Main.Main.main()         ] DEBUG GameApplication      - Logging settings
Title: Penguin_Kitchen
Version: 1.0
Width: 600
Height: 800
Fullscreen: false
Intro: false
Profiling: false
Single step:false
App Mode: DEVELOPER
Menu Key: ESCAPE
Stage Style: DECORATED
Scene Factory: class com.almasb.fxgl.app.scene.SceneFactory

22:55:09.282 [JavaFX Application Thread] DEBUG FXGLApplication      - Initializing FXGL
22:55:09.290 [JavaFX Application Thread] INFO  Engine               - FXGL-17.3 (30.03.2023 11.49) on LINUX (J:21.0.5 FX:20)
22:55:09.291 [JavaFX Application Thread] DEBUG Engine               - JRE Vendor Name: Red Hat, Inc.
22:55:09.291 [JavaFX Application Thread] DEBUG Engine               - Running on OS: Linux version 6.11.8-200.fc40.x86_64
22:55:09.292 [JavaFX Application Thread] DEBUG Engine               - Architecture: amd64
22:55:09.292 [JavaFX Application Thread] INFO  Engine               - Source code and latest versions at: https://github.com/AlmasB/FXGL
22:55:09.292 [JavaFX Application Thread] INFO  Engine               -       Ask questions and discuss at: https://github.com/AlmasB/FXGL/discussions
22:55:09.293 [JavaFX Application Thread] INFO  Engine               -              Join the FXGL chat at: https://gitter.im/AlmasB/FXGL
22:55:09.629 [JavaFX Application Thread] DEBUG PrimaryStageWindow   - Creating a JavaFX scene
22:55:09.629 [JavaFX Application Thread] DEBUG PrimaryStageWindow   - Target size > screen size
22:55:09.886 [JavaFX Application Thread] DEBUG PrimaryStageWindow   - Target settings size: 600.0 x 800.0
22:55:09.887 [JavaFX Application Thread] DEBUG PrimaryStageWindow   - Scaled scene size:    527.0 x 736.0
22:55:09.888 [JavaFX Application Thread] DEBUG PrimaryStageWindow   - Scaled ratio: (0.8783333333333333, 0.92)
22:55:09.892 [JavaFX Application Thread] DEBUG PrimaryStageWindow   - Set initial scene to FXGLStartupScene
22:55:09.907 [JavaFX Application Thread] DEBUG PrimaryStageWindow   - Opening main window
22:55:10.137 [JavaFX Application Thread] DEBUG PrimaryStageWindow   - Window border size: (8.0, 38.0)
22:55:10.138 [JavaFX Application Thread] DEBUG PrimaryStageWindow   - Scaled size: 527.0 x 736.0
22:55:10.139 [JavaFX Application Thread] DEBUG PrimaryStageWindow   - Scaled ratio: (0.8783333333333333, 0.92)
22:55:10.140 [JavaFX Application Thread] DEBUG PrimaryStageWindow   - Scene size: 527.0 x 736.0
22:55:10.140 [JavaFX Application Thread] DEBUG PrimaryStageWindow   - Stage size: 535.0 x 774.0
22:55:10.165 [FXGL Background Thread 1 ] DEBUG Engine               - Initializing environment variables
22:55:10.299 [FXGL Background Thread 1 ] DEBUG FXGLAssetLoaderServi - User app class for loading assets: class Main.Main
22:55:10.300 [FXGL Background Thread 1 ] DEBUG GameApplicationServi - Applying CSS: fxgl_dark.css
22:55:10.302 [FXGL Background Thread 1 ] DEBUG FXGLAssetLoaderServi - Loading from file system: jar:file:/home/diego/.m2/repository/com/github/almasb/fxgl/17.3/fxgl-17.3.jar!/fxglassets/ui/css/fxgl_dark.css
22:55:10.482 [FXGL Background Thread 1 ] DEBUG GameApplicationServi - Initializing application scenes
22:55:10.619 [FXGL Background Thread 1 ] DEBUG GameWorld            - Game world initialized
22:55:10.934 [FXGL Background Thread 1 ] DEBUG PhysicsWorld         - Physics world initialized: appHeight=800, physics.ppm=50.0
22:55:10.938 [FXGL Background Thread 1 ] DEBUG PhysicsWorld         - Using strategy: BRUTE_FORCE
22:55:10.967 [FXGL Background Thread 1 ] DEBUG GameScene            - Game scene initialized: 600x800
22:55:11.019 [FXGL Background Thread 1 ] WARN  FXGL.DefaultMenu     - FXGLDefaultMenu is not designed for resolutions < 800x600
22:55:11.020 [FXGL Background Thread 1 ] DEBUG FXGL.DefaultMenu     - createMenuBodyGameMenu()
22:55:11.082 [FXGL Background Thread 1 ] DEBUG FXGL.DefaultMenu     - createOptionsMenu()
22:55:11.128 [FXGL Background Thread 1 ] DEBUG FXGLAssetLoaderServi - Loading from file system: jar:file:/home/diego/.m2/repository/com/github/almasb/fxgl/17.3/fxgl-17.3.jar!/fxglassets/textures/particles/smoke.png
22:55:11.476 [FXGL Background Thread 1 ] DEBUG FXGLAssetLoaderServi - Loading from file system: jar:file:/home/diego/.m2/repository/com/github/almasb/fxgl/17.3/fxgl-17.3.jar!/fxglassets/textures/particles/trace_horizontal.png
22:55:11.572 [FXGL Background Thread 1 ] DEBUG GameApplicationServi - Application scenes initialized
22:55:11.617 [FXGL Background Thread 1 ] DEBUG SystemBundleService  - Loading FXGL system data
22:55:11.628 [FXGL Background Thread 1 ] DEBUG FileSystemAccess     - Reading from: /home/diego/Documentos/concurrente/Restaurant/dario/Penguin_kitchen/system/fxgl.bundle
22:55:11.650 [FXGL Background Thread 1 ] DEBUG SystemBundleService  - Bundle FXGL: {}
22:55:11.650 [FXGL Background Thread 1 ] DEBUG UpdaterService       - Checking for updates
22:55:11.659 [FXGL Background Thread 4 ] DEBUG FXGLApplication      - Loading fonts
22:55:11.660 [FXGL Background Thread 4 ] DEBUG FXGLAssetLoaderServi - Loading from file system: jar:file:/home/diego/.m2/repository/com/github/almasb/fxgl/17.3/fxgl-17.3.jar!/fxglassets/ui/fonts/VarelaRound-Regular.ttf
22:55:11.661 [FXGL Background Thread 1 ] DEBUG FXGLApplication      - Loading default localization
22:55:11.662 [FXGL Background Thread 1 ] DEBUG FXGLAssetLoaderServi - Loading from file system: jar:file:/home/diego/.m2/repository/com/github/almasb/fxgl/17.3/fxgl-17.3.jar!/fxglassets/languages/english.lang
22:55:11.678 [FXGL Background Thread 4 ] DEBUG FXGLAssetLoaderServi - Loading from file system: jar:file:/home/diego/.m2/repository/com/github/almasb/fxgl/17.3/fxgl-17.3.jar!/fxglassets/ui/fonts/Abel-Regular.ttf
22:55:11.682 [FXGL Background Thread 4 ] DEBUG FXGLAssetLoaderServi - Loading from file system: jar:file:/home/diego/.m2/repository/com/github/almasb/fxgl/17.3/fxgl-17.3.jar!/fxglassets/ui/fonts/TerminalLandMono-Regular.otf
22:55:11.690 [FXGL Background Thread 4 ] DEBUG FXGLAssetLoaderServi - Loading from file system: jar:file:/home/diego/.m2/repository/com/github/almasb/fxgl/17.3/fxgl-17.3.jar!/fxglassets/ui/fonts/Courier-Prime.ttf
22:55:11.707 [JavaFX Application Thread] DEBUG FXGLApplication      - Registering font factories with UI factory
22:55:11.716 [FXGL Background Thread 1 ] INFO  FXGLApplication      - FXGL initialization took: 1.551 sec
22:55:11.719 [JavaFX Application Thread] DEBUG FXGLAssetLoaderServi - Loading from file system: jar:file:/home/diego/.m2/repository/com/github/almasb/fxgl/17.3/fxgl-17.3.jar!/fxglassets/textures/fxgl_icon.png
22:55:11.831 [JavaFX Application Thread] DEBUG FXGLAssetLoaderServi - Loading from file system: jar:file:/home/diego/.m2/repository/com/github/almasb/fxgl/17.3/fxgl-17.3.jar!/fxglassets/textures/fxgl_default_cursor.png
22:55:11.886 [JavaFX Application Thread] DEBUG Input                - Registered new binding: Screenshot - CTRL+8
22:55:11.888 [JavaFX Application Thread] DEBUG Input                - Registered new binding: System info dump - CTRL+9
22:55:11.889 [JavaFX Application Thread] DEBUG Input                - Registered new binding: Restart - CTRL+R
22:55:11.892 [JavaFX Application Thread] DEBUG Input                - Registered new binding: Toggle Debug Camera - CTRL+7
22:55:11.904 [JavaFX Application Thread] DEBUG LoopRunner           - Starting loop
22:55:11.905 [JavaFX Application Thread] DEBUG LoopRunner           - Initializing JavaFX AnimationTimerLoop
22:55:11.910 [JavaFX Application Thread] DEBUG GameApplicationServi - Starting new game
22:55:11.912 [JavaFX Application Thread] DEBUG Input                - Clearing active input actions
22:55:11.965 [JavaFX Application Thread] DEBUG GameApplicationServi - Removing overlay from FXGLStartupScene and adding to FXGLLoadingScene
22:55:11.967 [JavaFX Application Thread] DEBUG PrimaryStageWindow   - FXGLStartupScene -> FXGLLoadingScene
22:55:11.967 [JavaFX Application Thread] DEBUG GameApplicationServi - Clearing previous game
22:55:11.968 [JavaFX Application Thread] DEBUG GameScene            - Clearing game scene
22:55:11.968 [JavaFX Application Thread] DEBUG GameWorld            - Clearing game world
22:55:11.968 [JavaFX Application Thread] DEBUG PhysicsWorld         - Clearing physics world
22:55:11.974 [FXGL Background Thread 1 ] DEBUG FXGLApplication      - Initializing game
22:55:11.979 [FXGL Background Thread 1 ] DEBUG FXGLAssetLoaderServi - Loading from file system: file:/home/diego/Documentos/concurrente/Restaurant/dario/Penguin_kitchen/target/classes/assets/textures/fondo.png
22:55:12.071 [FXGL Background Thread 1 ] DEBUG FXGLAssetLoaderServi - Loading from file system: file:/home/diego/Documentos/concurrente/Restaurant/dario/Penguin_kitchen/target/classes/assets/textures/chef.png
22:55:12.195 [FXGL Background Thread 1 ] DEBUG FXGLAssetLoaderServi - Loading from file system: file:/home/diego/Documentos/concurrente/Restaurant/dario/Penguin_kitchen/target/classes/assets/textures/recepcionista.png
22:55:12.371 [FXGL Background Thread 1 ] WARN  FXGLAssetLoaderServi - Asset "/assets/textures/mesa.png" was not found!
22:55:12.377 [FXGL Background Thread 1 ] WARN  FXGLAssetLoaderServi - Failed to load IMAGE
22:55:12.583 [FXGL Background Thread 1 ] WARN  FXGLAssetLoaderServi - Asset "/assets/textures/mesa.png" was not found!
22:55:12.591 [FXGL Background Thread 1 ] WARN  FXGLAssetLoaderServi - Failed to load IMAGE
22:55:12.596 [FXGL Background Thread 1 ] WARN  FXGLAssetLoaderServi - Asset "/assets/textures/mesa.png" was not found!
22:55:12.596 [FXGL Background Thread 1 ] WARN  FXGLAssetLoaderServi - Failed to load IMAGE
22:55:12.605 [FXGL Background Thread 1 ] WARN  FXGLAssetLoaderServi - Asset "/assets/textures/mesa.png" was not found!
22:55:12.607 [FXGL Background Thread 1 ] WARN  FXGLAssetLoaderServi - Failed to load IMAGE
22:55:12.610 [FXGL Background Thread 1 ] WARN  FXGLAssetLoaderServi - Asset "/assets/textures/mesa.png" was not found!
22:55:12.611 [FXGL Background Thread 1 ] WARN  FXGLAssetLoaderServi - Failed to load IMAGE
22:55:12.615 [FXGL Background Thread 1 ] WARN  FXGLAssetLoaderServi - Asset "/assets/textures/mesa.png" was not found!
22:55:12.616 [FXGL Background Thread 1 ] WARN  FXGLAssetLoaderServi - Failed to load IMAGE
22:55:12.619 [FXGL Background Thread 1 ] WARN  FXGLAssetLoaderServi - Asset "/assets/textures/mesa.png" was not found!
22:55:12.620 [FXGL Background Thread 1 ] WARN  FXGLAssetLoaderServi - Failed to load IMAGE
22:55:12.622 [FXGL Background Thread 1 ] WARN  FXGLAssetLoaderServi - Asset "/assets/textures/mesa.png" was not found!
22:55:12.623 [FXGL Background Thread 1 ] WARN  FXGLAssetLoaderServi - Failed to load IMAGE
22:55:12.626 [FXGL Background Thread 1 ] WARN  FXGLAssetLoaderServi - Asset "/assets/textures/mesa.png" was not found!
22:55:12.627 [FXGL Background Thread 1 ] WARN  FXGLAssetLoaderServi - Failed to load IMAGE
22:55:12.630 [FXGL Background Thread 1 ] WARN  FXGLAssetLoaderServi - Asset "/assets/textures/mesa.png" was not found!
22:55:12.631 [FXGL Background Thread 1 ] WARN  FXGLAssetLoaderServi - Failed to load IMAGE
22:55:12.642 [FXGL Background Thread 1 ] WARN  FXGLAssetLoaderServi - Asset "/assets/textures/mesa.png" was not found!
22:55:12.643 [FXGL Background Thread 1 ] WARN  FXGLAssetLoaderServi - Failed to load IMAGE
22:55:12.648 [FXGL Background Thread 1 ] WARN  FXGLAssetLoaderServi - Asset "/assets/textures/mesa.png" was not found!
22:55:12.649 [FXGL Background Thread 1 ] WARN  FXGLAssetLoaderServi - Failed to load IMAGE
22:55:12.672 [FXGL Background Thread 1 ] DEBUG FXGLAssetLoaderServi - Loading from file system: file:/home/diego/Documentos/concurrente/Restaurant/dario/Penguin_kitchen/target/classes/assets/textures/mesero.png
22:55:12.948 [FXGL Background Thread 1 ] INFO  FXGLApplication      - Game initialization took: 0.974 sec
22:55:12.999 [JavaFX Application Thread] DEBUG Input                - Clearing active input actions
22:55:13.065 [JavaFX Application Thread] DEBUG GameApplicationServi - Removing overlay from FXGLLoadingScene and adding to GameScene
22:55:13.069 [JavaFX Application Thread] DEBUG PrimaryStageWindow   - FXGLLoadingScene -> GameScene
22:55:13.890 [FXGL Background Thread 2 ] INFO  UpdaterService       - Your current version:  17.3
22:55:13.894 [FXGL Background Thread 2 ] INFO  UpdaterService       - Latest stable version: 21.1
22:55:14.656 [FXGL Background Thread 3 ] DEBUG Engine               - Logging environment variables
22:55:14.658 [FXGL Background Thread 3 ] DEBUG Engine               - achievements: []
22:55:14.658 [FXGL Background Thread 3 ] DEBUG Engine               - actualHeight: 698.0
22:55:14.659 [FXGL Background Thread 3 ] DEBUG Engine               - actualHeightProperty: ReadOnlyDoubleProperty [value: 731.0]
22:55:14.661 [FXGL Background Thread 3 ] DEBUG Engine               - actualWidth: 527.0
22:55:14.661 [FXGL Background Thread 3 ] DEBUG Engine               - actualWidthProperty: ReadOnlyDoubleProperty [value: 527.0]
22:55:14.662 [FXGL Background Thread 3 ] DEBUG Engine               - appIcon: fxgl_icon.png
22:55:14.662 [FXGL Background Thread 3 ] DEBUG Engine               - applicationMode: DEVELOPER
22:55:14.662 [FXGL Background Thread 3 ] DEBUG Engine               - cSSList: [fxgl_dark.css]
22:55:14.663 [FXGL Background Thread 3 ] DEBUG Engine               - collisionDetectionStrategy: BRUTE_FORCE
22:55:14.663 [FXGL Background Thread 3 ] DEBUG Engine               - configClass: Optional.empty
22:55:14.663 [FXGL Background Thread 3 ] DEBUG Engine               - credits: []
22:55:14.665 [FXGL Background Thread 3 ] DEBUG Engine               - defaultCursor: CursorInfo(imageName=fxgl_default_cursor.png, hotspotX=7.0, hotspotY=6.0)
22:55:14.666 [FXGL Background Thread 3 ] DEBUG Engine               - devBBoxColorProperty: ObjectProperty [value: 0xff0000ff]
22:55:14.667 [FXGL Background Thread 3 ] DEBUG Engine               - devEnableDebugCameraProperty: BooleanProperty [value: false]
22:55:14.668 [FXGL Background Thread 3 ] DEBUG Engine               - devSensorColorProperty: ObjectProperty [value: 0xffff00ff]
22:55:14.668 [FXGL Background Thread 3 ] DEBUG Engine               - devShowBBoxProperty: BooleanProperty [value: false]
22:55:14.668 [FXGL Background Thread 3 ] DEBUG Engine               - devShowPositionProperty: BooleanProperty [value: false]
22:55:14.669 [FXGL Background Thread 3 ] DEBUG Engine               - enabledMenuItems: []
22:55:14.669 [FXGL Background Thread 3 ] DEBUG Engine               - engineServices: [class com.almasb.fxgl.app.services.FXGLAssetLoaderService, class com.almasb.fxgl.app.FXGLApplication$GameApplicationService, class com.almasb.fxgl.app.services.FXGLDialogService, class com.almasb.fxgl.app.services.IOTaskExecutorService, class com.almasb.fxgl.io.FileSystemService, class com.almasb.fxgl.localization.LocalizationService, class com.almasb.fxgl.app.services.SystemBundleService, class com.almasb.fxgl.profile.SaveLoadService, class com.almasb.fxgl.ui.FXGLUIFactoryServiceProvider, class com.almasb.fxgl.ui.FXGLDialogFactoryServiceProvider, class com.almasb.fxgl.audio.AudioPlayer, class com.almasb.fxgl.notification.impl.NotificationServiceProvider, class com.almasb.fxgl.achievement.AchievementService, class com.almasb.fxgl.cutscene.CutsceneService, class com.almasb.fxgl.minigames.MiniGameService, class com.almasb.fxgl.net.NetService, class com.almasb.fxgl.app.services.UpdaterService, class com.almasb.fxgl.dev.DevService]
22:55:14.669 [FXGL Background Thread 3 ] DEBUG Engine               - fontGame: Abel-Regular.ttf
22:55:14.670 [FXGL Background Thread 3 ] DEBUG Engine               - fontMono: TerminalLandMono-Regular.otf
22:55:14.670 [FXGL Background Thread 3 ] DEBUG Engine               - fontSizeScaleUI: 1.0
22:55:14.670 [FXGL Background Thread 3 ] DEBUG Engine               - fontText: Courier-Prime.ttf
22:55:14.671 [FXGL Background Thread 3 ] DEBUG Engine               - fontUI: VarelaRound-Regular.ttf
22:55:14.671 [FXGL Background Thread 3 ] DEBUG Engine               - fullScreen: BooleanProperty [value: false]
22:55:14.672 [FXGL Background Thread 3 ] DEBUG Engine               - gameDifficulty: MEDIUM
22:55:14.672 [FXGL Background Thread 3 ] DEBUG Engine               - gameDifficultyProperty: ObjectProperty [value: MEDIUM]
22:55:14.672 [FXGL Background Thread 3 ] DEBUG Engine               - globalMusicVolume: 0.5
22:55:14.673 [FXGL Background Thread 3 ] DEBUG Engine               - globalMusicVolumeProperty: DoubleProperty [value: 0.5]
22:55:14.673 [FXGL Background Thread 3 ] DEBUG Engine               - globalSoundVolume: 0.5
22:55:14.674 [FXGL Background Thread 3 ] DEBUG Engine               - globalSoundVolumeProperty: DoubleProperty [value: 0.5]
22:55:14.674 [FXGL Background Thread 3 ] DEBUG Engine               - height: 800
22:55:14.674 [FXGL Background Thread 3 ] DEBUG Engine               - is3D: false
22:55:14.675 [FXGL Background Thread 3 ] DEBUG Engine               - isAndroid: false
22:55:14.675 [FXGL Background Thread 3 ] DEBUG Engine               - isBrowser: false
22:55:14.675 [FXGL Background Thread 3 ] DEBUG Engine               - isClickFeedbackEnabled: false
22:55:14.676 [FXGL Background Thread 3 ] DEBUG Engine               - isCloseConfirmation: false
22:55:14.676 [FXGL Background Thread 3 ] DEBUG Engine               - isDesktop: true
22:55:14.676 [FXGL Background Thread 3 ] DEBUG Engine               - isDeveloperMenuEnabled: false
22:55:14.677 [FXGL Background Thread 3 ] DEBUG Engine               - isEmbedded: false
22:55:14.677 [FXGL Background Thread 3 ] DEBUG Engine               - isEntityPreloadEnabled: true
22:55:14.677 [FXGL Background Thread 3 ] DEBUG Engine               - isExperimentalTiledLargeMap: false
22:55:14.677 [FXGL Background Thread 3 ] DEBUG Engine               - isFileSystemWriteAllowed: true
22:55:14.678 [FXGL Background Thread 3 ] DEBUG Engine               - isFullScreenAllowed: false
22:55:14.678 [FXGL Background Thread 3 ] DEBUG Engine               - isFullScreenFromStart: false
22:55:14.678 [FXGL Background Thread 3 ] DEBUG Engine               - isGameMenuEnabled: true
22:55:14.679 [FXGL Background Thread 3 ] DEBUG Engine               - isIOS: false
22:55:14.679 [FXGL Background Thread 3 ] DEBUG Engine               - isIntroEnabled: false
22:55:14.679 [FXGL Background Thread 3 ] DEBUG Engine               - isLinux: true
22:55:14.680 [FXGL Background Thread 3 ] DEBUG Engine               - isMac: false
22:55:14.680 [FXGL Background Thread 3 ] DEBUG Engine               - isMainMenuEnabled: false
22:55:14.680 [FXGL Background Thread 3 ] DEBUG Engine               - isManualResizeEnabled: false
22:55:14.680 [FXGL Background Thread 3 ] DEBUG Engine               - isMobile: false
22:55:14.681 [FXGL Background Thread 3 ] DEBUG Engine               - isNative: false
22:55:14.681 [FXGL Background Thread 3 ] DEBUG Engine               - isPauseMusicWhenMinimized: true
22:55:14.681 [FXGL Background Thread 3 ] DEBUG Engine               - isPreserveResizeRatio: false
22:55:14.681 [FXGL Background Thread 3 ] DEBUG Engine               - isProfilingEnabled: false
22:55:14.682 [FXGL Background Thread 3 ] DEBUG Engine               - isScaleAffectedOnResize: true
22:55:14.682 [FXGL Background Thread 3 ] DEBUG Engine               - isSingleStep: false
22:55:14.682 [FXGL Background Thread 3 ] DEBUG Engine               - isUserProfileEnabled: false
22:55:14.683 [FXGL Background Thread 3 ] DEBUG Engine               - isWindows: false
22:55:14.683 [FXGL Background Thread 3 ] DEBUG Engine               - language: ObjectProperty [value: ENGLISH]
22:55:14.683 [FXGL Background Thread 3 ] DEBUG Engine               - menuKey: ESCAPE
22:55:14.683 [FXGL Background Thread 3 ] DEBUG Engine               - mouseSensitivity: 0.2
22:55:14.684 [FXGL Background Thread 3 ] DEBUG Engine               - notificationViewClass: class com.almasb.fxgl.notification.view.XboxNotificationView
22:55:14.684 [FXGL Background Thread 3 ] DEBUG Engine               - pixelsPerMeter: 50.0
22:55:14.684 [FXGL Background Thread 3 ] DEBUG Engine               - platform: LINUX
22:55:14.685 [FXGL Background Thread 3 ] DEBUG Engine               - prefHeightProperty: ReadOnlyDoubleProperty [value: 800.0]
22:55:14.685 [FXGL Background Thread 3 ] DEBUG Engine               - prefWidthProperty: ReadOnlyDoubleProperty [value: 600.0]
22:55:14.686 [FXGL Background Thread 3 ] DEBUG Engine               - profileDir: profiles/
22:55:14.686 [FXGL Background Thread 3 ] DEBUG Engine               - profileName: StringProperty [value: DEFAULT]
22:55:14.686 [FXGL Background Thread 3 ] DEBUG Engine               - randomSeed: -1
22:55:14.688 [FXGL Background Thread 3 ] DEBUG Engine               - runtimeInfo: RuntimeInfo(platform=LINUX, version=17.3, build=30.03.2023 11.49)
22:55:14.688 [FXGL Background Thread 3 ] DEBUG Engine               - saveFileExt: sav
22:55:14.689 [FXGL Background Thread 3 ] DEBUG Engine               - scaledHeightProp$fxgl: DoubleProperty [bound, value: 731.0]
22:55:14.689 [FXGL Background Thread 3 ] DEBUG Engine               - scaledWidthProp$fxgl: DoubleProperty [bound, value: 527.0]
22:55:14.689 [FXGL Background Thread 3 ] DEBUG Engine               - sceneFactory: com.almasb.fxgl.app.scene.SceneFactory@4d1cd1dc
22:55:14.690 [FXGL Background Thread 3 ] DEBUG Engine               - secondsIn24h: 60
22:55:14.690 [FXGL Background Thread 3 ] DEBUG Engine               - soundMenuBack: menu/back.wav
22:55:14.690 [FXGL Background Thread 3 ] DEBUG Engine               - soundMenuPress: menu/press.wav
22:55:14.690 [FXGL Background Thread 3 ] DEBUG Engine               - soundMenuSelect: menu/select.wav
22:55:14.691 [FXGL Background Thread 3 ] DEBUG Engine               - soundNotification: core/notification.wav
22:55:14.691 [FXGL Background Thread 3 ] DEBUG Engine               - stageStyle: DECORATED
22:55:14.691 [FXGL Background Thread 3 ] DEBUG Engine               - supportedLanguages: [ENGLISH, FRENCH, GERMAN, HUNGARIAN, RUSSIAN]
22:55:14.692 [FXGL Background Thread 3 ] DEBUG Engine               - ticksPerSecond: -1
22:55:14.692 [FXGL Background Thread 3 ] DEBUG Engine               - title: Penguin_Kitchen
22:55:14.692 [FXGL Background Thread 3 ] DEBUG Engine               - urlGithub: https://github.com/AlmasB/FXGL
22:55:14.692 [FXGL Background Thread 3 ] DEBUG Engine               - urlLeaderboard: http://fxgl-top.herokuapp.com/
22:55:14.693 [FXGL Background Thread 3 ] DEBUG Engine               - urlPOM: https://raw.githubusercontent.com/AlmasB/FXGL/release/README.md
22:55:14.693 [FXGL Background Thread 3 ] DEBUG Engine               - userAppClass: class Main.Main
22:55:14.693 [FXGL Background Thread 3 ] DEBUG Engine               - version: 1.0
22:55:14.693 [FXGL Background Thread 3 ] DEBUG Engine               - versionCheckDays: 7
22:55:14.694 [FXGL Background Thread 3 ] DEBUG Engine               - width: 600
22:55:14.694 [FXGL Background Thread 3 ] DEBUG Engine               - Logging services
22:55:14.694 [FXGL Background Thread 3 ] DEBUG Engine               - class com.almasb.fxgl.app.services.FXGLAssetLoaderService
22:55:14.695 [FXGL Background Thread 3 ] DEBUG Engine               - class com.almasb.fxgl.app.FXGLApplication$GameApplicationService
22:55:14.695 [FXGL Background Thread 3 ] DEBUG Engine               - class com.almasb.fxgl.app.services.FXGLDialogService
22:55:14.695 [FXGL Background Thread 3 ] DEBUG Engine               - class com.almasb.fxgl.app.services.IOTaskExecutorService
22:55:14.695 [FXGL Background Thread 3 ] DEBUG Engine               - class com.almasb.fxgl.io.FileSystemService
22:55:14.695 [FXGL Background Thread 3 ] DEBUG Engine               - class com.almasb.fxgl.localization.LocalizationService
22:55:14.696 [FXGL Background Thread 3 ] DEBUG Engine               - class com.almasb.fxgl.app.services.SystemBundleService
22:55:14.696 [FXGL Background Thread 3 ] DEBUG Engine               - class com.almasb.fxgl.profile.SaveLoadService
22:55:14.696 [FXGL Background Thread 3 ] DEBUG Engine               - class com.almasb.fxgl.ui.FXGLUIFactoryServiceProvider
22:55:14.696 [FXGL Background Thread 3 ] DEBUG Engine               - class com.almasb.fxgl.ui.FXGLDialogFactoryServiceProvider
22:55:14.697 [FXGL Background Thread 3 ] DEBUG Engine               - class com.almasb.fxgl.audio.AudioPlayer
22:55:14.697 [FXGL Background Thread 3 ] DEBUG Engine               - class com.almasb.fxgl.notification.impl.NotificationServiceProvider
22:55:14.697 [FXGL Background Thread 3 ] DEBUG Engine               - class com.almasb.fxgl.achievement.AchievementService
22:55:14.697 [FXGL Background Thread 3 ] DEBUG Engine               - class com.almasb.fxgl.cutscene.CutsceneService
22:55:14.698 [FXGL Background Thread 3 ] DEBUG Engine               - class com.almasb.fxgl.minigames.MiniGameService
22:55:14.698 [FXGL Background Thread 3 ] DEBUG Engine               - class com.almasb.fxgl.net.NetService
22:55:14.698 [FXGL Background Thread 3 ] DEBUG Engine               - class com.almasb.fxgl.app.services.UpdaterService
22:55:14.698 [FXGL Background Thread 3 ] DEBUG Engine               - class com.almasb.fxgl.dev.DevService
22:55:14.829 [JavaFX Application Thread] DEBUG FXGLAssetLoaderServi - Loading from file system: file:/home/diego/Documentos/concurrente/Restaurant/dario/Penguin_kitchen/target/classes/assets/textures/clienta.png
22:55:19.955 [JavaFX Application Thread] DEBUG FXGLAssetLoaderServi - Loading from file system: file:/home/diego/Documentos/concurrente/Restaurant/dario/Penguin_kitchen/target/classes/assets/textures/comida.png
22:55:25.272 [JavaFX Application Thread] DEBUG FXGLAssetLoaderServi - Loading from file system: file:/home/diego/Documentos/concurrente/Restaurant/dario/Penguin_kitchen/target/classes/assets/textures/cliente.png
22:55:54.671 [JavaFX Application Thread] DEBUG FXGLApplication      - Exiting FXGL
22:55:54.672 [JavaFX Application Thread] DEBUG LoopRunner           - Stopping loop
22:55:54.672 [JavaFX Application Thread] DEBUG SystemBundleService  - Saving FXGL system data
22:55:54.680 [JavaFX Application Thread] DEBUG FileSystemAccess     - Writing to: /home/diego/Documentos/concurrente/Restaurant/dario/Penguin_kitchen/system/fxgl.bundle
22:55:54.691 [JavaFX Application Thread] DEBUG Async                - Shutting down background threads
22:55:54.691 [JavaFX Application Thread] DEBUG PrimaryStageWindow   - Closing main window
22:55:54.698 [JavaFX Application Thread] DEBUG Logger               - Closing Logger
