22:14:55.607 [Main.Main.main()         ] DEBUG Logger               - Configured Logger
22:14:55.659 [Main.Main.main()         ] DEBUG GameApplication      - Logging settings
Title: Penguin_Kitchen
Version: 1.0
Width: 600
Height: 800
Fullscreen: false
Intro: false
Profiling: false
Single step:false
App Mode: DEVELOPER
Menu Key: ESCAPE
Stage Style: DECORATED
Scene Factory: class com.almasb.fxgl.app.scene.SceneFactory

22:14:56.562 [JavaFX Application Thread] DEBUG FXGLApplication      - Initializing FXGL
22:14:56.593 [JavaFX Application Thread] INFO  Engine               - FXGL-17.3 (30.03.2023 11.49) on LINUX (J:21.0.5 FX:20)
22:14:56.594 [JavaFX Application Thread] DEBUG Engine               - JRE Vendor Name: Red Hat, Inc.
22:14:56.595 [JavaFX Application Thread] DEBUG Engine               - Running on OS: Linux version 6.11.8-200.fc40.x86_64
22:14:56.596 [JavaFX Application Thread] DEBUG Engine               - Architecture: amd64
22:14:56.596 [JavaFX Application Thread] INFO  Engine               - Source code and latest versions at: https://github.com/AlmasB/FXGL
22:14:56.597 [JavaFX Application Thread] INFO  Engine               -       Ask questions and discuss at: https://github.com/AlmasB/FXGL/discussions
22:14:56.597 [JavaFX Application Thread] INFO  Engine               -              Join the FXGL chat at: https://gitter.im/AlmasB/FXGL
22:14:56.982 [JavaFX Application Thread] DEBUG PrimaryStageWindow   - Creating a JavaFX scene
22:14:56.983 [JavaFX Application Thread] DEBUG PrimaryStageWindow   - Target size > screen size
22:14:57.283 [JavaFX Application Thread] DEBUG PrimaryStageWindow   - Target settings size: 600.0 x 800.0
22:14:57.284 [JavaFX Application Thread] DEBUG PrimaryStageWindow   - Scaled scene size:    527.0 x 736.0
22:14:57.286 [JavaFX Application Thread] DEBUG PrimaryStageWindow   - Scaled ratio: (0.8783333333333333, 0.92)
22:14:57.290 [JavaFX Application Thread] DEBUG PrimaryStageWindow   - Set initial scene to FXGLStartupScene
22:14:57.306 [JavaFX Application Thread] DEBUG PrimaryStageWindow   - Opening main window
22:14:57.618 [JavaFX Application Thread] DEBUG PrimaryStageWindow   - Window border size: (8.0, 38.0)
22:14:57.619 [JavaFX Application Thread] DEBUG PrimaryStageWindow   - Scaled size: 527.0 x 736.0
22:14:57.620 [JavaFX Application Thread] DEBUG PrimaryStageWindow   - Scaled ratio: (0.8783333333333333, 0.92)
22:14:57.621 [JavaFX Application Thread] DEBUG PrimaryStageWindow   - Scene size: 527.0 x 736.0
22:14:57.622 [JavaFX Application Thread] DEBUG PrimaryStageWindow   - Stage size: 535.0 x 774.0
22:14:57.682 [FXGL Background Thread 1 ] DEBUG Engine               - Initializing environment variables
22:14:57.850 [FXGL Background Thread 1 ] DEBUG FXGLAssetLoaderServi - User app class for loading assets: class Main.Main
22:14:57.850 [FXGL Background Thread 1 ] DEBUG GameApplicationServi - Applying CSS: fxgl_dark.css
22:14:57.853 [FXGL Background Thread 1 ] DEBUG FXGLAssetLoaderServi - Loading from file system: jar:file:/home/diego/.m2/repository/com/github/almasb/fxgl/17.3/fxgl-17.3.jar!/fxglassets/ui/css/fxgl_dark.css
22:14:58.104 [FXGL Background Thread 1 ] DEBUG GameApplicationServi - Initializing application scenes
22:14:58.264 [FXGL Background Thread 1 ] DEBUG GameWorld            - Game world initialized
22:14:58.488 [FXGL Background Thread 1 ] DEBUG PhysicsWorld         - Physics world initialized: appHeight=800, physics.ppm=50.0
22:14:58.489 [FXGL Background Thread 1 ] DEBUG PhysicsWorld         - Using strategy: BRUTE_FORCE
22:14:58.504 [FXGL Background Thread 1 ] DEBUG GameScene            - Game scene initialized: 600x800
22:14:58.549 [FXGL Background Thread 1 ] WARN  FXGL.DefaultMenu     - FXGLDefaultMenu is not designed for resolutions < 800x600
22:14:58.550 [FXGL Background Thread 1 ] DEBUG FXGL.DefaultMenu     - createMenuBodyGameMenu()
22:14:58.600 [FXGL Background Thread 1 ] DEBUG FXGL.DefaultMenu     - createOptionsMenu()
22:14:58.633 [FXGL Background Thread 1 ] DEBUG FXGLAssetLoaderServi - Loading from file system: jar:file:/home/diego/.m2/repository/com/github/almasb/fxgl/17.3/fxgl-17.3.jar!/fxglassets/textures/particles/smoke.png
22:14:58.971 [FXGL Background Thread 1 ] DEBUG FXGLAssetLoaderServi - Loading from file system: jar:file:/home/diego/.m2/repository/com/github/almasb/fxgl/17.3/fxgl-17.3.jar!/fxglassets/textures/particles/trace_horizontal.png
22:14:59.048 [FXGL Background Thread 1 ] DEBUG GameApplicationServi - Application scenes initialized
22:14:59.090 [FXGL Background Thread 1 ] DEBUG SystemBundleService  - Loading FXGL system data
22:14:59.107 [FXGL Background Thread 1 ] DEBUG FileSystemAccess     - Reading from: /home/diego/Documentos/concurrente/Restaurant/dario/Penguin_kitchen/system/fxgl.bundle
22:14:59.136 [FXGL Background Thread 1 ] DEBUG SystemBundleService  - Bundle FXGL: {}
22:14:59.136 [FXGL Background Thread 1 ] DEBUG UpdaterService       - Checking for updates
22:14:59.151 [FXGL Background Thread 4 ] DEBUG FXGLApplication      - Loading fonts
22:14:59.152 [FXGL Background Thread 4 ] DEBUG FXGLAssetLoaderServi - Loading from file system: jar:file:/home/diego/.m2/repository/com/github/almasb/fxgl/17.3/fxgl-17.3.jar!/fxglassets/ui/fonts/VarelaRound-Regular.ttf
22:14:59.153 [FXGL Background Thread 1 ] DEBUG FXGLApplication      - Loading default localization
22:14:59.154 [FXGL Background Thread 1 ] DEBUG FXGLAssetLoaderServi - Loading from file system: jar:file:/home/diego/.m2/repository/com/github/almasb/fxgl/17.3/fxgl-17.3.jar!/fxglassets/languages/english.lang
22:14:59.191 [FXGL Background Thread 4 ] DEBUG FXGLAssetLoaderServi - Loading from file system: jar:file:/home/diego/.m2/repository/com/github/almasb/fxgl/17.3/fxgl-17.3.jar!/fxglassets/ui/fonts/Abel-Regular.ttf
22:14:59.197 [FXGL Background Thread 4 ] DEBUG FXGLAssetLoaderServi - Loading from file system: jar:file:/home/diego/.m2/repository/com/github/almasb/fxgl/17.3/fxgl-17.3.jar!/fxglassets/ui/fonts/TerminalLandMono-Regular.otf
22:14:59.205 [FXGL Background Thread 4 ] DEBUG FXGLAssetLoaderServi - Loading from file system: jar:file:/home/diego/.m2/repository/com/github/almasb/fxgl/17.3/fxgl-17.3.jar!/fxglassets/ui/fonts/Courier-Prime.ttf
22:14:59.224 [FXGL Background Thread 1 ] INFO  FXGLApplication      - FXGL initialization took: 1.541 sec
22:14:59.228 [JavaFX Application Thread] DEBUG FXGLApplication      - Registering font factories with UI factory
22:14:59.241 [JavaFX Application Thread] DEBUG FXGLAssetLoaderServi - Loading from file system: jar:file:/home/diego/.m2/repository/com/github/almasb/fxgl/17.3/fxgl-17.3.jar!/fxglassets/textures/fxgl_icon.png
22:14:59.342 [JavaFX Application Thread] DEBUG FXGLAssetLoaderServi - Loading from file system: jar:file:/home/diego/.m2/repository/com/github/almasb/fxgl/17.3/fxgl-17.3.jar!/fxglassets/textures/fxgl_default_cursor.png
22:14:59.372 [JavaFX Application Thread] DEBUG Input                - Registered new binding: Screenshot - CTRL+8
22:14:59.374 [JavaFX Application Thread] DEBUG Input                - Registered new binding: System info dump - CTRL+9
22:14:59.375 [JavaFX Application Thread] DEBUG Input                - Registered new binding: Restart - CTRL+R
22:14:59.377 [JavaFX Application Thread] DEBUG Input                - Registered new binding: Toggle Debug Camera - CTRL+7
22:14:59.384 [JavaFX Application Thread] DEBUG LoopRunner           - Starting loop
22:14:59.384 [JavaFX Application Thread] DEBUG LoopRunner           - Initializing JavaFX AnimationTimerLoop
22:14:59.388 [JavaFX Application Thread] DEBUG GameApplicationServi - Starting new game
22:14:59.389 [JavaFX Application Thread] DEBUG Input                - Clearing active input actions
22:14:59.444 [JavaFX Application Thread] DEBUG GameApplicationServi - Removing overlay from FXGLStartupScene and adding to FXGLLoadingScene
22:14:59.446 [JavaFX Application Thread] DEBUG PrimaryStageWindow   - FXGLStartupScene -> FXGLLoadingScene
22:14:59.446 [JavaFX Application Thread] DEBUG GameApplicationServi - Clearing previous game
22:14:59.446 [JavaFX Application Thread] DEBUG GameScene            - Clearing game scene
22:14:59.447 [JavaFX Application Thread] DEBUG GameWorld            - Clearing game world
22:14:59.448 [JavaFX Application Thread] DEBUG PhysicsWorld         - Clearing physics world
22:14:59.452 [FXGL Background Thread 1 ] DEBUG FXGLApplication      - Initializing game
22:14:59.456 [FXGL Background Thread 1 ] DEBUG FXGLAssetLoaderServi - Loading from file system: file:/home/diego/Documentos/concurrente/Restaurant/dario/Penguin_kitchen/target/classes/assets/textures/fondo.png
22:14:59.535 [FXGL Background Thread 1 ] DEBUG FXGLAssetLoaderServi - Loading from file system: file:/home/diego/Documentos/concurrente/Restaurant/dario/Penguin_kitchen/target/classes/assets/textures/chef.png
22:14:59.688 [FXGL Background Thread 1 ] DEBUG FXGLAssetLoaderServi - Loading from file system: file:/home/diego/Documentos/concurrente/Restaurant/dario/Penguin_kitchen/target/classes/assets/textures/recepcionista.png
22:14:59.836 [FXGL Background Thread 1 ] WARN  FXGLAssetLoaderServi - Asset "/assets/textures/mesa.png" was not found!
22:14:59.837 [FXGL Background Thread 1 ] WARN  FXGLAssetLoaderServi - Failed to load IMAGE
22:14:59.979 [FXGL Background Thread 1 ] WARN  FXGLAssetLoaderServi - Asset "/assets/textures/mesa.png" was not found!
22:14:59.981 [FXGL Background Thread 1 ] WARN  FXGLAssetLoaderServi - Failed to load IMAGE
22:14:59.986 [FXGL Background Thread 1 ] WARN  FXGLAssetLoaderServi - Asset "/assets/textures/mesa.png" was not found!
22:14:59.987 [FXGL Background Thread 1 ] WARN  FXGLAssetLoaderServi - Failed to load IMAGE
22:14:59.994 [FXGL Background Thread 1 ] WARN  FXGLAssetLoaderServi - Asset "/assets/textures/mesa.png" was not found!
22:14:59.995 [FXGL Background Thread 1 ] WARN  FXGLAssetLoaderServi - Failed to load IMAGE
22:14:59.998 [FXGL Background Thread 1 ] WARN  FXGLAssetLoaderServi - Asset "/assets/textures/mesa.png" was not found!
22:14:59.999 [FXGL Background Thread 1 ] WARN  FXGLAssetLoaderServi - Failed to load IMAGE
22:15:00.002 [FXGL Background Thread 1 ] WARN  FXGLAssetLoaderServi - Asset "/assets/textures/mesa.png" was not found!
22:15:00.003 [FXGL Background Thread 1 ] WARN  FXGLAssetLoaderServi - Failed to load IMAGE
22:15:00.006 [FXGL Background Thread 1 ] WARN  FXGLAssetLoaderServi - Asset "/assets/textures/mesa.png" was not found!
22:15:00.006 [FXGL Background Thread 1 ] WARN  FXGLAssetLoaderServi - Failed to load IMAGE
22:15:00.010 [FXGL Background Thread 1 ] WARN  FXGLAssetLoaderServi - Asset "/assets/textures/mesa.png" was not found!
22:15:00.011 [FXGL Background Thread 1 ] WARN  FXGLAssetLoaderServi - Failed to load IMAGE
22:15:00.015 [FXGL Background Thread 1 ] WARN  FXGLAssetLoaderServi - Asset "/assets/textures/mesa.png" was not found!
22:15:00.015 [FXGL Background Thread 1 ] WARN  FXGLAssetLoaderServi - Failed to load IMAGE
22:15:00.024 [FXGL Background Thread 1 ] WARN  FXGLAssetLoaderServi - Asset "/assets/textures/mesa.png" was not found!
22:15:00.024 [FXGL Background Thread 1 ] WARN  FXGLAssetLoaderServi - Failed to load IMAGE
22:15:00.028 [FXGL Background Thread 1 ] WARN  FXGLAssetLoaderServi - Asset "/assets/textures/mesa.png" was not found!
22:15:00.028 [FXGL Background Thread 1 ] WARN  FXGLAssetLoaderServi - Failed to load IMAGE
22:15:00.033 [FXGL Background Thread 1 ] WARN  FXGLAssetLoaderServi - Asset "/assets/textures/mesa.png" was not found!
22:15:00.034 [FXGL Background Thread 1 ] WARN  FXGLAssetLoaderServi - Failed to load IMAGE
22:15:00.051 [FXGL Background Thread 1 ] DEBUG FXGLAssetLoaderServi - Loading from file system: file:/home/diego/Documentos/concurrente/Restaurant/dario/Penguin_kitchen/target/classes/assets/textures/mesero.png
22:15:00.161 [FXGL Background Thread 1 ] INFO  FXGLApplication      - Game initialization took: 0.709 sec
22:15:00.177 [JavaFX Application Thread] DEBUG Input                - Clearing active input actions
22:15:00.208 [JavaFX Application Thread] DEBUG GameApplicationServi - Removing overlay from FXGLLoadingScene and adding to GameScene
22:15:00.209 [JavaFX Application Thread] DEBUG PrimaryStageWindow   - FXGLLoadingScene -> GameScene
22:15:01.115 [FXGL Background Thread 2 ] INFO  UpdaterService       - Your current version:  17.3
22:15:01.116 [FXGL Background Thread 2 ] INFO  UpdaterService       - Latest stable version: 21.1
22:15:02.145 [FXGL Background Thread 3 ] DEBUG Engine               - Logging environment variables
22:15:02.148 [FXGL Background Thread 3 ] DEBUG Engine               - achievements: []
22:15:02.148 [FXGL Background Thread 3 ] DEBUG Engine               - actualHeight: 736.0
22:15:02.149 [FXGL Background Thread 3 ] DEBUG Engine               - actualHeightProperty: ReadOnlyDoubleProperty [value: 731.0]
22:15:02.149 [FXGL Background Thread 3 ] DEBUG Engine               - actualWidth: 527.0
22:15:02.150 [FXGL Background Thread 3 ] DEBUG Engine               - actualWidthProperty: ReadOnlyDoubleProperty [value: 527.0]
22:15:02.150 [FXGL Background Thread 3 ] DEBUG Engine               - appIcon: fxgl_icon.png
22:15:02.150 [FXGL Background Thread 3 ] DEBUG Engine               - applicationMode: DEVELOPER
22:15:02.151 [FXGL Background Thread 3 ] DEBUG Engine               - cSSList: [fxgl_dark.css]
22:15:02.151 [FXGL Background Thread 3 ] DEBUG Engine               - collisionDetectionStrategy: BRUTE_FORCE
22:15:02.151 [FXGL Background Thread 3 ] DEBUG Engine               - configClass: Optional.empty
22:15:02.152 [FXGL Background Thread 3 ] DEBUG Engine               - credits: []
22:15:02.153 [FXGL Background Thread 3 ] DEBUG Engine               - defaultCursor: CursorInfo(imageName=fxgl_default_cursor.png, hotspotX=7.0, hotspotY=6.0)
22:15:02.155 [FXGL Background Thread 3 ] DEBUG Engine               - devBBoxColorProperty: ObjectProperty [value: 0xff0000ff]
22:15:02.156 [FXGL Background Thread 3 ] DEBUG Engine               - devEnableDebugCameraProperty: BooleanProperty [value: false]
22:15:02.156 [FXGL Background Thread 3 ] DEBUG Engine               - devSensorColorProperty: ObjectProperty [value: 0xffff00ff]
22:15:02.157 [FXGL Background Thread 3 ] DEBUG Engine               - devShowBBoxProperty: BooleanProperty [value: false]
22:15:02.157 [FXGL Background Thread 3 ] DEBUG Engine               - devShowPositionProperty: BooleanProperty [value: false]
22:15:02.157 [FXGL Background Thread 3 ] DEBUG Engine               - enabledMenuItems: []
22:15:02.158 [FXGL Background Thread 3 ] DEBUG Engine               - engineServices: [class com.almasb.fxgl.app.services.FXGLAssetLoaderService, class com.almasb.fxgl.app.FXGLApplication$GameApplicationService, class com.almasb.fxgl.app.services.FXGLDialogService, class com.almasb.fxgl.app.services.IOTaskExecutorService, class com.almasb.fxgl.io.FileSystemService, class com.almasb.fxgl.localization.LocalizationService, class com.almasb.fxgl.app.services.SystemBundleService, class com.almasb.fxgl.profile.SaveLoadService, class com.almasb.fxgl.ui.FXGLUIFactoryServiceProvider, class com.almasb.fxgl.ui.FXGLDialogFactoryServiceProvider, class com.almasb.fxgl.audio.AudioPlayer, class com.almasb.fxgl.notification.impl.NotificationServiceProvider, class com.almasb.fxgl.achievement.AchievementService, class com.almasb.fxgl.cutscene.CutsceneService, class com.almasb.fxgl.minigames.MiniGameService, class com.almasb.fxgl.net.NetService, class com.almasb.fxgl.app.services.UpdaterService, class com.almasb.fxgl.dev.DevService]
22:15:02.158 [FXGL Background Thread 3 ] DEBUG Engine               - fontGame: Abel-Regular.ttf
22:15:02.159 [FXGL Background Thread 3 ] DEBUG Engine               - fontMono: TerminalLandMono-Regular.otf
22:15:02.159 [FXGL Background Thread 3 ] DEBUG Engine               - fontSizeScaleUI: 1.0
22:15:02.159 [FXGL Background Thread 3 ] DEBUG Engine               - fontText: Courier-Prime.ttf
22:15:02.160 [FXGL Background Thread 3 ] DEBUG Engine               - fontUI: VarelaRound-Regular.ttf
22:15:02.160 [FXGL Background Thread 3 ] DEBUG Engine               - fullScreen: BooleanProperty [value: false]
22:15:02.161 [FXGL Background Thread 3 ] DEBUG Engine               - gameDifficulty: MEDIUM
22:15:02.162 [FXGL Background Thread 3 ] DEBUG Engine               - gameDifficultyProperty: ObjectProperty [value: MEDIUM]
22:15:02.162 [FXGL Background Thread 3 ] DEBUG Engine               - globalMusicVolume: 0.5
22:15:02.162 [FXGL Background Thread 3 ] DEBUG Engine               - globalMusicVolumeProperty: DoubleProperty [value: 0.5]
22:15:02.163 [FXGL Background Thread 3 ] DEBUG Engine               - globalSoundVolume: 0.5
22:15:02.163 [FXGL Background Thread 3 ] DEBUG Engine               - globalSoundVolumeProperty: DoubleProperty [value: 0.5]
22:15:02.164 [FXGL Background Thread 3 ] DEBUG Engine               - height: 800
22:15:02.164 [FXGL Background Thread 3 ] DEBUG Engine               - is3D: false
22:15:02.164 [FXGL Background Thread 3 ] DEBUG Engine               - isAndroid: false
22:15:02.165 [FXGL Background Thread 3 ] DEBUG Engine               - isBrowser: false
22:15:02.165 [FXGL Background Thread 3 ] DEBUG Engine               - isClickFeedbackEnabled: false
22:15:02.165 [FXGL Background Thread 3 ] DEBUG Engine               - isCloseConfirmation: false
22:15:02.166 [FXGL Background Thread 3 ] DEBUG Engine               - isDesktop: true
22:15:02.166 [FXGL Background Thread 3 ] DEBUG Engine               - isDeveloperMenuEnabled: false
22:15:02.166 [FXGL Background Thread 3 ] DEBUG Engine               - isEmbedded: false
22:15:02.167 [FXGL Background Thread 3 ] DEBUG Engine               - isEntityPreloadEnabled: true
22:15:02.167 [FXGL Background Thread 3 ] DEBUG Engine               - isExperimentalTiledLargeMap: false
22:15:02.167 [FXGL Background Thread 3 ] DEBUG Engine               - isFileSystemWriteAllowed: true
22:15:02.167 [FXGL Background Thread 3 ] DEBUG Engine               - isFullScreenAllowed: false
22:15:02.168 [FXGL Background Thread 3 ] DEBUG Engine               - isFullScreenFromStart: false
22:15:02.168 [FXGL Background Thread 3 ] DEBUG Engine               - isGameMenuEnabled: true
22:15:02.168 [FXGL Background Thread 3 ] DEBUG Engine               - isIOS: false
22:15:02.169 [FXGL Background Thread 3 ] DEBUG Engine               - isIntroEnabled: false
22:15:02.169 [FXGL Background Thread 3 ] DEBUG Engine               - isLinux: true
22:15:02.169 [FXGL Background Thread 3 ] DEBUG Engine               - isMac: false
22:15:02.169 [FXGL Background Thread 3 ] DEBUG Engine               - isMainMenuEnabled: false
22:15:02.170 [FXGL Background Thread 3 ] DEBUG Engine               - isManualResizeEnabled: false
22:15:02.170 [FXGL Background Thread 3 ] DEBUG Engine               - isMobile: false
22:15:02.170 [FXGL Background Thread 3 ] DEBUG Engine               - isNative: false
22:15:02.171 [FXGL Background Thread 3 ] DEBUG Engine               - isPauseMusicWhenMinimized: true
22:15:02.171 [FXGL Background Thread 3 ] DEBUG Engine               - isPreserveResizeRatio: false
22:15:02.171 [FXGL Background Thread 3 ] DEBUG Engine               - isProfilingEnabled: false
22:15:02.172 [FXGL Background Thread 3 ] DEBUG Engine               - isScaleAffectedOnResize: true
22:15:02.172 [FXGL Background Thread 3 ] DEBUG Engine               - isSingleStep: false
22:15:02.172 [FXGL Background Thread 3 ] DEBUG Engine               - isUserProfileEnabled: false
22:15:02.172 [FXGL Background Thread 3 ] DEBUG Engine               - isWindows: false
22:15:02.173 [FXGL Background Thread 3 ] DEBUG Engine               - language: ObjectProperty [value: ENGLISH]
22:15:02.173 [FXGL Background Thread 3 ] DEBUG Engine               - menuKey: ESCAPE
22:15:02.173 [FXGL Background Thread 3 ] DEBUG Engine               - mouseSensitivity: 0.2
22:15:02.174 [FXGL Background Thread 3 ] DEBUG Engine               - notificationViewClass: class com.almasb.fxgl.notification.view.XboxNotificationView
22:15:02.174 [FXGL Background Thread 3 ] DEBUG Engine               - pixelsPerMeter: 50.0
22:15:02.175 [FXGL Background Thread 3 ] DEBUG Engine               - platform: LINUX
22:15:02.175 [FXGL Background Thread 3 ] DEBUG Engine               - prefHeightProperty: ReadOnlyDoubleProperty [value: 800.0]
22:15:02.176 [FXGL Background Thread 3 ] DEBUG Engine               - prefWidthProperty: ReadOnlyDoubleProperty [value: 600.0]
22:15:02.177 [FXGL Background Thread 3 ] DEBUG Engine               - profileDir: profiles/
22:15:02.177 [FXGL Background Thread 3 ] DEBUG Engine               - profileName: StringProperty [value: DEFAULT]
22:15:02.177 [FXGL Background Thread 3 ] DEBUG Engine               - randomSeed: -1
22:15:02.179 [FXGL Background Thread 3 ] DEBUG Engine               - runtimeInfo: RuntimeInfo(platform=LINUX, version=17.3, build=30.03.2023 11.49)
22:15:02.179 [FXGL Background Thread 3 ] DEBUG Engine               - saveFileExt: sav
22:15:02.180 [FXGL Background Thread 3 ] DEBUG Engine               - scaledHeightProp$fxgl: DoubleProperty [bound, value: 731.0]
22:15:02.180 [FXGL Background Thread 3 ] DEBUG Engine               - scaledWidthProp$fxgl: DoubleProperty [bound, value: 527.0]
22:15:02.181 [FXGL Background Thread 3 ] DEBUG Engine               - sceneFactory: com.almasb.fxgl.app.scene.SceneFactory@69f9c466
22:15:02.181 [FXGL Background Thread 3 ] DEBUG Engine               - secondsIn24h: 60
22:15:02.181 [FXGL Background Thread 3 ] DEBUG Engine               - soundMenuBack: menu/back.wav
22:15:02.182 [FXGL Background Thread 3 ] DEBUG Engine               - soundMenuPress: menu/press.wav
22:15:02.182 [FXGL Background Thread 3 ] DEBUG Engine               - soundMenuSelect: menu/select.wav
22:15:02.182 [FXGL Background Thread 3 ] DEBUG Engine               - soundNotification: core/notification.wav
22:15:02.183 [FXGL Background Thread 3 ] DEBUG Engine               - stageStyle: DECORATED
22:15:02.183 [FXGL Background Thread 3 ] DEBUG Engine               - supportedLanguages: [ENGLISH, FRENCH, GERMAN, HUNGARIAN, RUSSIAN]
22:15:02.183 [FXGL Background Thread 3 ] DEBUG Engine               - ticksPerSecond: -1
22:15:02.184 [FXGL Background Thread 3 ] DEBUG Engine               - title: Penguin_Kitchen
22:15:02.184 [FXGL Background Thread 3 ] DEBUG Engine               - urlGithub: https://github.com/AlmasB/FXGL
22:15:02.184 [FXGL Background Thread 3 ] DEBUG Engine               - urlLeaderboard: http://fxgl-top.herokuapp.com/
22:15:02.184 [FXGL Background Thread 3 ] DEBUG Engine               - urlPOM: https://raw.githubusercontent.com/AlmasB/FXGL/release/README.md
22:15:02.185 [FXGL Background Thread 3 ] DEBUG Engine               - userAppClass: class Main.Main
22:15:02.185 [FXGL Background Thread 3 ] DEBUG Engine               - version: 1.0
22:15:02.186 [FXGL Background Thread 3 ] DEBUG Engine               - versionCheckDays: 7
22:15:02.186 [FXGL Background Thread 3 ] DEBUG Engine               - width: 600
22:15:02.186 [FXGL Background Thread 3 ] DEBUG Engine               - Logging services
22:15:02.186 [FXGL Background Thread 3 ] DEBUG Engine               - class com.almasb.fxgl.app.services.FXGLAssetLoaderService
22:15:02.187 [FXGL Background Thread 3 ] DEBUG Engine               - class com.almasb.fxgl.app.FXGLApplication$GameApplicationService
22:15:02.187 [FXGL Background Thread 3 ] DEBUG Engine               - class com.almasb.fxgl.app.services.FXGLDialogService
22:15:02.187 [FXGL Background Thread 3 ] DEBUG Engine               - class com.almasb.fxgl.app.services.IOTaskExecutorService
22:15:02.188 [FXGL Background Thread 3 ] DEBUG Engine               - class com.almasb.fxgl.io.FileSystemService
22:15:02.188 [FXGL Background Thread 3 ] DEBUG Engine               - class com.almasb.fxgl.localization.LocalizationService
22:15:02.188 [FXGL Background Thread 3 ] DEBUG Engine               - class com.almasb.fxgl.app.services.SystemBundleService
22:15:02.188 [FXGL Background Thread 3 ] DEBUG Engine               - class com.almasb.fxgl.profile.SaveLoadService
22:15:02.189 [FXGL Background Thread 3 ] DEBUG Engine               - class com.almasb.fxgl.ui.FXGLUIFactoryServiceProvider
22:15:02.189 [FXGL Background Thread 3 ] DEBUG Engine               - class com.almasb.fxgl.ui.FXGLDialogFactoryServiceProvider
22:15:02.189 [FXGL Background Thread 3 ] DEBUG Engine               - class com.almasb.fxgl.audio.AudioPlayer
22:15:02.189 [FXGL Background Thread 3 ] DEBUG Engine               - class com.almasb.fxgl.notification.impl.NotificationServiceProvider
22:15:02.190 [FXGL Background Thread 3 ] DEBUG Engine               - class com.almasb.fxgl.achievement.AchievementService
22:15:02.190 [FXGL Background Thread 3 ] DEBUG Engine               - class com.almasb.fxgl.cutscene.CutsceneService
22:15:02.190 [FXGL Background Thread 3 ] DEBUG Engine               - class com.almasb.fxgl.minigames.MiniGameService
22:15:02.190 [FXGL Background Thread 3 ] DEBUG Engine               - class com.almasb.fxgl.net.NetService
22:15:02.191 [FXGL Background Thread 3 ] DEBUG Engine               - class com.almasb.fxgl.app.services.UpdaterService
22:15:02.191 [FXGL Background Thread 3 ] DEBUG Engine               - class com.almasb.fxgl.dev.DevService
22:15:05.199 [JavaFX Application Thread] DEBUG FXGLAssetLoaderServi - Loading from file system: file:/home/diego/Documentos/concurrente/Restaurant/dario/Penguin_kitchen/target/classes/assets/textures/clienta.png
22:15:10.466 [JavaFX Application Thread] WARN  FXGLAssetLoaderServi - Asset "/assets/textures/food.png" was not found!
22:15:10.468 [JavaFX Application Thread] WARN  FXGLAssetLoaderServi - Failed to load IMAGE
22:15:11.189 [JavaFX Application Thread] DEBUG FXGLAssetLoaderServi - Loading from file system: file:/home/diego/Documentos/concurrente/Restaurant/dario/Penguin_kitchen/target/classes/assets/textures/cliente.png
22:15:17.479 [JavaFX Application Thread] WARN  FXGLAssetLoaderServi - Asset "/assets/textures/food.png" was not found!
22:15:17.480 [JavaFX Application Thread] WARN  FXGLAssetLoaderServi - Failed to load IMAGE
22:15:24.487 [JavaFX Application Thread] WARN  FXGLAssetLoaderServi - Asset "/assets/textures/food.png" was not found!
22:15:24.488 [JavaFX Application Thread] WARN  FXGLAssetLoaderServi - Failed to load IMAGE
22:15:31.497 [JavaFX Application Thread] WARN  FXGLAssetLoaderServi - Asset "/assets/textures/food.png" was not found!
22:15:31.498 [JavaFX Application Thread] WARN  FXGLAssetLoaderServi - Failed to load IMAGE
22:15:38.507 [JavaFX Application Thread] WARN  FXGLAssetLoaderServi - Asset "/assets/textures/food.png" was not found!
22:15:38.508 [JavaFX Application Thread] WARN  FXGLAssetLoaderServi - Failed to load IMAGE
22:15:45.515 [JavaFX Application Thread] WARN  FXGLAssetLoaderServi - Asset "/assets/textures/food.png" was not found!
22:15:45.516 [JavaFX Application Thread] WARN  FXGLAssetLoaderServi - Failed to load IMAGE
22:15:52.521 [JavaFX Application Thread] WARN  FXGLAssetLoaderServi - Asset "/assets/textures/food.png" was not found!
22:15:52.522 [JavaFX Application Thread] WARN  FXGLAssetLoaderServi - Failed to load IMAGE
22:15:59.529 [JavaFX Application Thread] WARN  FXGLAssetLoaderServi - Asset "/assets/textures/food.png" was not found!
22:15:59.530 [JavaFX Application Thread] WARN  FXGLAssetLoaderServi - Failed to load IMAGE
22:16:06.072 [JavaFX Application Thread] DEBUG FXGLApplication      - Exiting FXGL
22:16:06.073 [JavaFX Application Thread] DEBUG LoopRunner           - Stopping loop
22:16:06.073 [JavaFX Application Thread] DEBUG SystemBundleService  - Saving FXGL system data
22:16:06.081 [JavaFX Application Thread] DEBUG FileSystemAccess     - Writing to: /home/diego/Documentos/concurrente/Restaurant/dario/Penguin_kitchen/system/fxgl.bundle
22:16:06.097 [JavaFX Application Thread] DEBUG Async                - Shutting down background threads
22:16:06.099 [JavaFX Application Thread] DEBUG PrimaryStageWindow   - Closing main window
22:16:06.107 [JavaFX Application Thread] DEBUG Logger               - Closing Logger
