00:47:47.847 [Main.Main.main()         ] DEBUG Logger               - Configured Logger
00:47:47.897 [Main.Main.main()         ] DEBUG GameApplication      - Logging settings
Title: Penguin_Kitchen
Version: 1.0
Width: 600
Height: 800
Fullscreen: false
Intro: false
Profiling: false
Single step:false
App Mode: DEVELOPER
Menu Key: ESCAPE
Stage Style: DECORATED
Scene Factory: class com.almasb.fxgl.app.scene.SceneFactory

00:47:48.634 [JavaFX Application Thread] DEBUG FXGLApplication      - Initializing FXGL
00:47:48.646 [JavaFX Application Thread] INFO  Engine               - FXGL-17.3 (30.03.2023 11.49) on LINUX (J:21.0.5 FX:20)
00:47:48.647 [JavaFX Application Thread] DEBUG Engine               - JRE Vendor Name: Red Hat, Inc.
00:47:48.647 [JavaFX Application Thread] DEBUG Engine               - Running on OS: Linux version 6.11.8-200.fc40.x86_64
00:47:48.648 [JavaFX Application Thread] DEBUG Engine               - Architecture: amd64
00:47:48.648 [JavaFX Application Thread] INFO  Engine               - Source code and latest versions at: https://github.com/AlmasB/FXGL
00:47:48.649 [JavaFX Application Thread] INFO  Engine               -       Ask questions and discuss at: https://github.com/AlmasB/FXGL/discussions
00:47:48.649 [JavaFX Application Thread] INFO  Engine               -              Join the FXGL chat at: https://gitter.im/AlmasB/FXGL
00:47:49.032 [JavaFX Application Thread] DEBUG PrimaryStageWindow   - Creating a JavaFX scene
00:47:49.032 [JavaFX Application Thread] DEBUG PrimaryStageWindow   - Target size > screen size
00:47:49.256 [JavaFX Application Thread] DEBUG PrimaryStageWindow   - Target settings size: 600.0 x 800.0
00:47:49.256 [JavaFX Application Thread] DEBUG PrimaryStageWindow   - Scaled scene size:    527.0 x 736.0
00:47:49.257 [JavaFX Application Thread] DEBUG PrimaryStageWindow   - Scaled ratio: (0.8783333333333333, 0.92)
00:47:49.260 [JavaFX Application Thread] DEBUG PrimaryStageWindow   - Set initial scene to FXGLStartupScene
00:47:49.272 [JavaFX Application Thread] DEBUG PrimaryStageWindow   - Opening main window
00:47:49.476 [JavaFX Application Thread] DEBUG PrimaryStageWindow   - Window border size: (8.0, 38.0)
00:47:49.477 [JavaFX Application Thread] DEBUG PrimaryStageWindow   - Scaled size: 527.0 x 736.0
00:47:49.478 [JavaFX Application Thread] DEBUG PrimaryStageWindow   - Scaled ratio: (0.8783333333333333, 0.92)
00:47:49.478 [JavaFX Application Thread] DEBUG PrimaryStageWindow   - Scene size: 527.0 x 736.0
00:47:49.479 [JavaFX Application Thread] DEBUG PrimaryStageWindow   - Stage size: 535.0 x 774.0
00:47:49.495 [FXGL Background Thread 1 ] DEBUG Engine               - Initializing environment variables
00:47:49.594 [FXGL Background Thread 1 ] DEBUG FXGLAssetLoaderServi - User app class for loading assets: class Main.Main
00:47:49.595 [FXGL Background Thread 1 ] DEBUG GameApplicationServi - Applying CSS: fxgl_dark.css
00:47:49.597 [FXGL Background Thread 1 ] DEBUG FXGLAssetLoaderServi - Loading from file system: jar:file:/home/diego/.m2/repository/com/github/almasb/fxgl/17.3/fxgl-17.3.jar!/fxglassets/ui/css/fxgl_dark.css
00:47:49.749 [FXGL Background Thread 1 ] DEBUG GameApplicationServi - Initializing application scenes
00:47:49.914 [FXGL Background Thread 1 ] DEBUG GameWorld            - Game world initialized
00:47:50.125 [FXGL Background Thread 1 ] DEBUG PhysicsWorld         - Physics world initialized: appHeight=800, physics.ppm=50.0
00:47:50.126 [FXGL Background Thread 1 ] DEBUG PhysicsWorld         - Using strategy: BRUTE_FORCE
00:47:50.138 [FXGL Background Thread 1 ] DEBUG GameScene            - Game scene initialized: 600x800
00:47:50.172 [FXGL Background Thread 1 ] WARN  FXGL.DefaultMenu     - FXGLDefaultMenu is not designed for resolutions < 800x600
00:47:50.172 [FXGL Background Thread 1 ] DEBUG FXGL.DefaultMenu     - createMenuBodyGameMenu()
00:47:50.216 [FXGL Background Thread 1 ] DEBUG FXGL.DefaultMenu     - createOptionsMenu()
00:47:50.247 [FXGL Background Thread 1 ] DEBUG FXGLAssetLoaderServi - Loading from file system: jar:file:/home/diego/.m2/repository/com/github/almasb/fxgl/17.3/fxgl-17.3.jar!/fxglassets/textures/particles/smoke.png
00:47:50.541 [FXGL Background Thread 1 ] DEBUG FXGLAssetLoaderServi - Loading from file system: jar:file:/home/diego/.m2/repository/com/github/almasb/fxgl/17.3/fxgl-17.3.jar!/fxglassets/textures/particles/trace_horizontal.png
00:47:50.628 [FXGL Background Thread 1 ] DEBUG GameApplicationServi - Application scenes initialized
00:47:50.671 [FXGL Background Thread 1 ] DEBUG SystemBundleService  - Loading FXGL system data
00:47:50.682 [FXGL Background Thread 1 ] DEBUG FileSystemAccess     - Reading from: /home/diego/Documentos/concurrente/Restaurant/dario/Penguin_kitchen/system/fxgl.bundle
00:47:50.703 [FXGL Background Thread 1 ] DEBUG SystemBundleService  - Bundle FXGL: {}
00:47:50.703 [FXGL Background Thread 1 ] DEBUG UpdaterService       - Checking for updates
00:47:50.714 [FXGL Background Thread 4 ] DEBUG FXGLApplication      - Loading fonts
00:47:50.715 [FXGL Background Thread 4 ] DEBUG FXGLAssetLoaderServi - Loading from file system: jar:file:/home/diego/.m2/repository/com/github/almasb/fxgl/17.3/fxgl-17.3.jar!/fxglassets/ui/fonts/VarelaRound-Regular.ttf
00:47:50.717 [FXGL Background Thread 1 ] DEBUG FXGLApplication      - Loading default localization
00:47:50.718 [FXGL Background Thread 1 ] DEBUG FXGLAssetLoaderServi - Loading from file system: jar:file:/home/diego/.m2/repository/com/github/almasb/fxgl/17.3/fxgl-17.3.jar!/fxglassets/languages/english.lang
00:47:50.733 [FXGL Background Thread 4 ] DEBUG FXGLAssetLoaderServi - Loading from file system: jar:file:/home/diego/.m2/repository/com/github/almasb/fxgl/17.3/fxgl-17.3.jar!/fxglassets/ui/fonts/Abel-Regular.ttf
00:47:50.740 [FXGL Background Thread 4 ] DEBUG FXGLAssetLoaderServi - Loading from file system: jar:file:/home/diego/.m2/repository/com/github/almasb/fxgl/17.3/fxgl-17.3.jar!/fxglassets/ui/fonts/TerminalLandMono-Regular.otf
00:47:50.748 [FXGL Background Thread 4 ] DEBUG FXGLAssetLoaderServi - Loading from file system: jar:file:/home/diego/.m2/repository/com/github/almasb/fxgl/17.3/fxgl-17.3.jar!/fxglassets/ui/fonts/Courier-Prime.ttf
00:47:50.758 [JavaFX Application Thread] DEBUG FXGLApplication      - Registering font factories with UI factory
00:47:50.770 [FXGL Background Thread 1 ] INFO  FXGLApplication      - FXGL initialization took: 1.275 sec
00:47:50.776 [JavaFX Application Thread] DEBUG FXGLAssetLoaderServi - Loading from file system: jar:file:/home/diego/.m2/repository/com/github/almasb/fxgl/17.3/fxgl-17.3.jar!/fxglassets/textures/fxgl_icon.png
00:47:50.872 [JavaFX Application Thread] DEBUG FXGLAssetLoaderServi - Loading from file system: jar:file:/home/diego/.m2/repository/com/github/almasb/fxgl/17.3/fxgl-17.3.jar!/fxglassets/textures/fxgl_default_cursor.png
00:47:50.904 [JavaFX Application Thread] DEBUG Input                - Registered new binding: Screenshot - CTRL+8
00:47:50.905 [JavaFX Application Thread] DEBUG Input                - Registered new binding: System info dump - CTRL+9
00:47:50.907 [JavaFX Application Thread] DEBUG Input                - Registered new binding: Restart - CTRL+R
00:47:50.909 [JavaFX Application Thread] DEBUG Input                - Registered new binding: Toggle Debug Camera - CTRL+7
00:47:50.917 [JavaFX Application Thread] DEBUG LoopRunner           - Starting loop
00:47:50.917 [JavaFX Application Thread] DEBUG LoopRunner           - Initializing JavaFX AnimationTimerLoop
00:47:50.921 [JavaFX Application Thread] DEBUG GameApplicationServi - Starting new game
00:47:50.923 [JavaFX Application Thread] DEBUG Input                - Clearing active input actions
00:47:50.962 [JavaFX Application Thread] DEBUG GameApplicationServi - Removing overlay from FXGLStartupScene and adding to FXGLLoadingScene
00:47:50.963 [JavaFX Application Thread] DEBUG PrimaryStageWindow   - FXGLStartupScene -> FXGLLoadingScene
00:47:50.964 [JavaFX Application Thread] DEBUG GameApplicationServi - Clearing previous game
00:47:50.964 [JavaFX Application Thread] DEBUG GameScene            - Clearing game scene
00:47:50.964 [JavaFX Application Thread] DEBUG GameWorld            - Clearing game world
00:47:50.964 [JavaFX Application Thread] DEBUG PhysicsWorld         - Clearing physics world
00:47:50.969 [FXGL Background Thread 1 ] DEBUG FXGLApplication      - Initializing game
00:47:50.975 [FXGL Background Thread 1 ] DEBUG FXGLAssetLoaderServi - Loading from file system: file:/home/diego/Documentos/concurrente/Restaurant/dario/Penguin_kitchen/target/classes/assets/textures/fondo.png
00:47:51.076 [FXGL Background Thread 1 ] WARN  FXGLAssetLoaderServi - Asset "/assets/textures/CHEF.PNG" was not found!
00:47:51.082 [FXGL Background Thread 1 ] WARN  FXGLAssetLoaderServi - Failed to load IMAGE
00:47:51.360 [FXGL Background Thread 1 ] WARN  FXGLAssetLoaderServi - Asset "/assets/textures/RECEPCIONISTA.PNG" was not found!
00:47:51.363 [FXGL Background Thread 1 ] WARN  FXGLAssetLoaderServi - Failed to load IMAGE
00:47:51.427 [FXGL Background Thread 1 ] WARN  FXGLAssetLoaderServi - Asset "/assets/textures/mesa.png" was not found!
00:47:51.430 [FXGL Background Thread 1 ] WARN  FXGLAssetLoaderServi - Failed to load IMAGE
00:47:51.438 [FXGL Background Thread 1 ] WARN  FXGLAssetLoaderServi - Asset "/assets/textures/mesa.png" was not found!
00:47:51.442 [FXGL Background Thread 1 ] WARN  FXGLAssetLoaderServi - Failed to load IMAGE
00:47:51.449 [FXGL Background Thread 1 ] WARN  FXGLAssetLoaderServi - Asset "/assets/textures/mesa.png" was not found!
00:47:51.454 [FXGL Background Thread 1 ] WARN  FXGLAssetLoaderServi - Failed to load IMAGE
00:47:51.464 [FXGL Background Thread 1 ] WARN  FXGLAssetLoaderServi - Asset "/assets/textures/mesa.png" was not found!
00:47:51.466 [FXGL Background Thread 1 ] WARN  FXGLAssetLoaderServi - Failed to load IMAGE
00:47:51.472 [FXGL Background Thread 1 ] WARN  FXGLAssetLoaderServi - Asset "/assets/textures/mesa.png" was not found!
00:47:51.474 [FXGL Background Thread 1 ] WARN  FXGLAssetLoaderServi - Failed to load IMAGE
00:47:51.481 [FXGL Background Thread 1 ] WARN  FXGLAssetLoaderServi - Asset "/assets/textures/mesa.png" was not found!
00:47:51.485 [FXGL Background Thread 1 ] WARN  FXGLAssetLoaderServi - Failed to load IMAGE
00:47:51.488 [FXGL Background Thread 1 ] WARN  FXGLAssetLoaderServi - Asset "/assets/textures/mesa.png" was not found!
00:47:51.491 [FXGL Background Thread 1 ] WARN  FXGLAssetLoaderServi - Failed to load IMAGE
00:47:51.510 [FXGL Background Thread 1 ] WARN  FXGLAssetLoaderServi - Asset "/assets/textures/mesa.png" was not found!
00:47:51.511 [FXGL Background Thread 1 ] WARN  FXGLAssetLoaderServi - Failed to load IMAGE
00:47:51.523 [FXGL Background Thread 1 ] WARN  FXGLAssetLoaderServi - Asset "/assets/textures/mesa.png" was not found!
00:47:51.524 [FXGL Background Thread 1 ] WARN  FXGLAssetLoaderServi - Failed to load IMAGE
00:47:51.526 [FXGL Background Thread 1 ] WARN  FXGLAssetLoaderServi - Asset "/assets/textures/mesa.png" was not found!
00:47:51.530 [FXGL Background Thread 1 ] WARN  FXGLAssetLoaderServi - Failed to load IMAGE
00:47:51.536 [FXGL Background Thread 1 ] WARN  FXGLAssetLoaderServi - Asset "/assets/textures/mesa.png" was not found!
00:47:51.537 [FXGL Background Thread 1 ] WARN  FXGLAssetLoaderServi - Failed to load IMAGE
00:47:51.542 [FXGL Background Thread 1 ] WARN  FXGLAssetLoaderServi - Asset "/assets/textures/mesa.png" was not found!
00:47:51.543 [FXGL Background Thread 1 ] WARN  FXGLAssetLoaderServi - Failed to load IMAGE
00:47:51.564 [FXGL Background Thread 1 ] WARN  FXGLAssetLoaderServi - Asset "/assets/textures/mesero.PNG" was not found!
00:47:51.564 [FXGL Background Thread 1 ] WARN  FXGLAssetLoaderServi - Failed to load IMAGE
00:47:51.572 [FXGL Background Thread 1 ] INFO  FXGLApplication      - Game initialization took: 0.603 sec
00:47:51.605 [JavaFX Application Thread] DEBUG Input                - Clearing active input actions
00:47:51.633 [JavaFX Application Thread] DEBUG GameApplicationServi - Removing overlay from FXGLLoadingScene and adding to GameScene
00:47:51.634 [JavaFX Application Thread] DEBUG PrimaryStageWindow   - FXGLLoadingScene -> GameScene
00:47:52.185 [FXGL Background Thread 2 ] INFO  UpdaterService       - Your current version:  17.3
00:47:52.185 [FXGL Background Thread 2 ] INFO  UpdaterService       - Latest stable version: 21.1
00:47:53.710 [FXGL Background Thread 3 ] DEBUG Engine               - Logging environment variables
00:47:53.713 [FXGL Background Thread 3 ] DEBUG Engine               - achievements: []
00:47:53.713 [FXGL Background Thread 3 ] DEBUG Engine               - actualHeight: 698.0
00:47:53.714 [FXGL Background Thread 3 ] DEBUG Engine               - actualHeightProperty: ReadOnlyDoubleProperty [value: 731.0]
00:47:53.715 [FXGL Background Thread 3 ] DEBUG Engine               - actualWidth: 527.0
00:47:53.715 [FXGL Background Thread 3 ] DEBUG Engine               - actualWidthProperty: ReadOnlyDoubleProperty [value: 527.0]
00:47:53.716 [FXGL Background Thread 3 ] DEBUG Engine               - appIcon: fxgl_icon.png
00:47:53.716 [FXGL Background Thread 3 ] DEBUG Engine               - applicationMode: DEVELOPER
00:47:53.716 [FXGL Background Thread 3 ] DEBUG Engine               - cSSList: [fxgl_dark.css]
00:47:53.717 [FXGL Background Thread 3 ] DEBUG Engine               - collisionDetectionStrategy: BRUTE_FORCE
00:47:53.717 [FXGL Background Thread 3 ] DEBUG Engine               - configClass: Optional.empty
00:47:53.717 [FXGL Background Thread 3 ] DEBUG Engine               - credits: []
00:47:53.719 [FXGL Background Thread 3 ] DEBUG Engine               - defaultCursor: CursorInfo(imageName=fxgl_default_cursor.png, hotspotX=7.0, hotspotY=6.0)
00:47:53.721 [FXGL Background Thread 3 ] DEBUG Engine               - devBBoxColorProperty: ObjectProperty [value: 0xff0000ff]
00:47:53.721 [FXGL Background Thread 3 ] DEBUG Engine               - devEnableDebugCameraProperty: BooleanProperty [value: false]
00:47:53.722 [FXGL Background Thread 3 ] DEBUG Engine               - devSensorColorProperty: ObjectProperty [value: 0xffff00ff]
00:47:53.722 [FXGL Background Thread 3 ] DEBUG Engine               - devShowBBoxProperty: BooleanProperty [value: false]
00:47:53.723 [FXGL Background Thread 3 ] DEBUG Engine               - devShowPositionProperty: BooleanProperty [value: false]
00:47:53.723 [FXGL Background Thread 3 ] DEBUG Engine               - enabledMenuItems: []
00:47:53.723 [FXGL Background Thread 3 ] DEBUG Engine               - engineServices: [class com.almasb.fxgl.app.services.FXGLAssetLoaderService, class com.almasb.fxgl.app.FXGLApplication$GameApplicationService, class com.almasb.fxgl.app.services.FXGLDialogService, class com.almasb.fxgl.app.services.IOTaskExecutorService, class com.almasb.fxgl.io.FileSystemService, class com.almasb.fxgl.localization.LocalizationService, class com.almasb.fxgl.app.services.SystemBundleService, class com.almasb.fxgl.profile.SaveLoadService, class com.almasb.fxgl.ui.FXGLUIFactoryServiceProvider, class com.almasb.fxgl.ui.FXGLDialogFactoryServiceProvider, class com.almasb.fxgl.audio.AudioPlayer, class com.almasb.fxgl.notification.impl.NotificationServiceProvider, class com.almasb.fxgl.achievement.AchievementService, class com.almasb.fxgl.cutscene.CutsceneService, class com.almasb.fxgl.minigames.MiniGameService, class com.almasb.fxgl.net.NetService, class com.almasb.fxgl.app.services.UpdaterService, class com.almasb.fxgl.dev.DevService]
00:47:53.724 [FXGL Background Thread 3 ] DEBUG Engine               - fontGame: Abel-Regular.ttf
00:47:53.724 [FXGL Background Thread 3 ] DEBUG Engine               - fontMono: TerminalLandMono-Regular.otf
00:47:53.725 [FXGL Background Thread 3 ] DEBUG Engine               - fontSizeScaleUI: 1.0
00:47:53.725 [FXGL Background Thread 3 ] DEBUG Engine               - fontText: Courier-Prime.ttf
00:47:53.726 [FXGL Background Thread 3 ] DEBUG Engine               - fontUI: VarelaRound-Regular.ttf
00:47:53.726 [FXGL Background Thread 3 ] DEBUG Engine               - fullScreen: BooleanProperty [value: false]
00:47:53.726 [FXGL Background Thread 3 ] DEBUG Engine               - gameDifficulty: MEDIUM
00:47:53.727 [FXGL Background Thread 3 ] DEBUG Engine               - gameDifficultyProperty: ObjectProperty [value: MEDIUM]
00:47:53.727 [FXGL Background Thread 3 ] DEBUG Engine               - globalMusicVolume: 0.5
00:47:53.728 [FXGL Background Thread 3 ] DEBUG Engine               - globalMusicVolumeProperty: DoubleProperty [value: 0.5]
00:47:53.728 [FXGL Background Thread 3 ] DEBUG Engine               - globalSoundVolume: 0.5
00:47:53.729 [FXGL Background Thread 3 ] DEBUG Engine               - globalSoundVolumeProperty: DoubleProperty [value: 0.5]
00:47:53.729 [FXGL Background Thread 3 ] DEBUG Engine               - height: 800
00:47:53.729 [FXGL Background Thread 3 ] DEBUG Engine               - is3D: false
00:47:53.730 [FXGL Background Thread 3 ] DEBUG Engine               - isAndroid: false
00:47:53.730 [FXGL Background Thread 3 ] DEBUG Engine               - isBrowser: false
00:47:53.730 [FXGL Background Thread 3 ] DEBUG Engine               - isClickFeedbackEnabled: false
00:47:53.731 [FXGL Background Thread 3 ] DEBUG Engine               - isCloseConfirmation: false
00:47:53.731 [FXGL Background Thread 3 ] DEBUG Engine               - isDesktop: true
00:47:53.731 [FXGL Background Thread 3 ] DEBUG Engine               - isDeveloperMenuEnabled: false
00:47:53.732 [FXGL Background Thread 3 ] DEBUG Engine               - isEmbedded: false
00:47:53.732 [FXGL Background Thread 3 ] DEBUG Engine               - isEntityPreloadEnabled: true
00:47:53.732 [FXGL Background Thread 3 ] DEBUG Engine               - isExperimentalTiledLargeMap: false
00:47:53.733 [FXGL Background Thread 3 ] DEBUG Engine               - isFileSystemWriteAllowed: true
00:47:53.733 [FXGL Background Thread 3 ] DEBUG Engine               - isFullScreenAllowed: false
00:47:53.733 [FXGL Background Thread 3 ] DEBUG Engine               - isFullScreenFromStart: false
00:47:53.733 [FXGL Background Thread 3 ] DEBUG Engine               - isGameMenuEnabled: true
00:47:53.734 [FXGL Background Thread 3 ] DEBUG Engine               - isIOS: false
00:47:53.734 [FXGL Background Thread 3 ] DEBUG Engine               - isIntroEnabled: false
00:47:53.734 [FXGL Background Thread 3 ] DEBUG Engine               - isLinux: true
00:47:53.735 [FXGL Background Thread 3 ] DEBUG Engine               - isMac: false
00:47:53.735 [FXGL Background Thread 3 ] DEBUG Engine               - isMainMenuEnabled: false
00:47:53.735 [FXGL Background Thread 3 ] DEBUG Engine               - isManualResizeEnabled: false
00:47:53.736 [FXGL Background Thread 3 ] DEBUG Engine               - isMobile: false
00:47:53.736 [FXGL Background Thread 3 ] DEBUG Engine               - isNative: false
00:47:53.736 [FXGL Background Thread 3 ] DEBUG Engine               - isPauseMusicWhenMinimized: true
00:47:53.737 [FXGL Background Thread 3 ] DEBUG Engine               - isPreserveResizeRatio: false
00:47:53.737 [FXGL Background Thread 3 ] DEBUG Engine               - isProfilingEnabled: false
00:47:53.737 [FXGL Background Thread 3 ] DEBUG Engine               - isScaleAffectedOnResize: true
00:47:53.737 [FXGL Background Thread 3 ] DEBUG Engine               - isSingleStep: false
00:47:53.738 [FXGL Background Thread 3 ] DEBUG Engine               - isUserProfileEnabled: false
00:47:53.739 [FXGL Background Thread 3 ] DEBUG Engine               - isWindows: false
00:47:53.739 [FXGL Background Thread 3 ] DEBUG Engine               - language: ObjectProperty [value: ENGLISH]
00:47:53.739 [FXGL Background Thread 3 ] DEBUG Engine               - menuKey: ESCAPE
00:47:53.740 [FXGL Background Thread 3 ] DEBUG Engine               - mouseSensitivity: 0.2
00:47:53.740 [FXGL Background Thread 3 ] DEBUG Engine               - notificationViewClass: class com.almasb.fxgl.notification.view.XboxNotificationView
00:47:53.741 [FXGL Background Thread 3 ] DEBUG Engine               - pixelsPerMeter: 50.0
00:47:53.741 [FXGL Background Thread 3 ] DEBUG Engine               - platform: LINUX
00:47:53.742 [FXGL Background Thread 3 ] DEBUG Engine               - prefHeightProperty: ReadOnlyDoubleProperty [value: 800.0]
00:47:53.742 [FXGL Background Thread 3 ] DEBUG Engine               - prefWidthProperty: ReadOnlyDoubleProperty [value: 600.0]
00:47:53.742 [FXGL Background Thread 3 ] DEBUG Engine               - profileDir: profiles/
00:47:53.743 [FXGL Background Thread 3 ] DEBUG Engine               - profileName: StringProperty [value: DEFAULT]
00:47:53.743 [FXGL Background Thread 3 ] DEBUG Engine               - randomSeed: -1
00:47:53.745 [FXGL Background Thread 3 ] DEBUG Engine               - runtimeInfo: RuntimeInfo(platform=LINUX, version=17.3, build=30.03.2023 11.49)
00:47:53.745 [FXGL Background Thread 3 ] DEBUG Engine               - saveFileExt: sav
00:47:53.746 [FXGL Background Thread 3 ] DEBUG Engine               - scaledHeightProp$fxgl: DoubleProperty [bound, value: 731.0]
00:47:53.746 [FXGL Background Thread 3 ] DEBUG Engine               - scaledWidthProp$fxgl: DoubleProperty [bound, value: 527.0]
00:47:53.746 [FXGL Background Thread 3 ] DEBUG Engine               - sceneFactory: com.almasb.fxgl.app.scene.SceneFactory@d62e4c8
00:47:53.747 [FXGL Background Thread 3 ] DEBUG Engine               - secondsIn24h: 60
00:47:53.747 [FXGL Background Thread 3 ] DEBUG Engine               - soundMenuBack: menu/back.wav
00:47:53.747 [FXGL Background Thread 3 ] DEBUG Engine               - soundMenuPress: menu/press.wav
00:47:53.748 [FXGL Background Thread 3 ] DEBUG Engine               - soundMenuSelect: menu/select.wav
00:47:53.748 [FXGL Background Thread 3 ] DEBUG Engine               - soundNotification: core/notification.wav
00:47:53.748 [FXGL Background Thread 3 ] DEBUG Engine               - stageStyle: DECORATED
00:47:53.749 [FXGL Background Thread 3 ] DEBUG Engine               - supportedLanguages: [ENGLISH, FRENCH, GERMAN, HUNGARIAN, RUSSIAN]
00:47:53.749 [FXGL Background Thread 3 ] DEBUG Engine               - ticksPerSecond: -1
00:47:53.750 [FXGL Background Thread 3 ] DEBUG Engine               - title: Penguin_Kitchen
00:47:53.750 [FXGL Background Thread 3 ] DEBUG Engine               - urlGithub: https://github.com/AlmasB/FXGL
00:47:53.750 [FXGL Background Thread 3 ] DEBUG Engine               - urlLeaderboard: http://fxgl-top.herokuapp.com/
00:47:53.751 [FXGL Background Thread 3 ] DEBUG Engine               - urlPOM: https://raw.githubusercontent.com/AlmasB/FXGL/release/README.md
00:47:53.751 [FXGL Background Thread 3 ] DEBUG Engine               - userAppClass: class Main.Main
00:47:53.751 [FXGL Background Thread 3 ] DEBUG Engine               - version: 1.0
00:47:53.752 [FXGL Background Thread 3 ] DEBUG Engine               - versionCheckDays: 7
00:47:53.752 [FXGL Background Thread 3 ] DEBUG Engine               - width: 600
00:47:53.752 [FXGL Background Thread 3 ] DEBUG Engine               - Logging services
00:47:53.753 [FXGL Background Thread 3 ] DEBUG Engine               - class com.almasb.fxgl.app.services.FXGLAssetLoaderService
00:47:53.753 [FXGL Background Thread 3 ] DEBUG Engine               - class com.almasb.fxgl.app.FXGLApplication$GameApplicationService
00:47:53.753 [FXGL Background Thread 3 ] DEBUG Engine               - class com.almasb.fxgl.app.services.FXGLDialogService
00:47:53.754 [FXGL Background Thread 3 ] DEBUG Engine               - class com.almasb.fxgl.app.services.IOTaskExecutorService
00:47:53.754 [FXGL Background Thread 3 ] DEBUG Engine               - class com.almasb.fxgl.io.FileSystemService
00:47:53.754 [FXGL Background Thread 3 ] DEBUG Engine               - class com.almasb.fxgl.localization.LocalizationService
00:47:53.754 [FXGL Background Thread 3 ] DEBUG Engine               - class com.almasb.fxgl.app.services.SystemBundleService
00:47:53.755 [FXGL Background Thread 3 ] DEBUG Engine               - class com.almasb.fxgl.profile.SaveLoadService
00:47:53.755 [FXGL Background Thread 3 ] DEBUG Engine               - class com.almasb.fxgl.ui.FXGLUIFactoryServiceProvider
00:47:53.755 [FXGL Background Thread 3 ] DEBUG Engine               - class com.almasb.fxgl.ui.FXGLDialogFactoryServiceProvider
00:47:53.755 [FXGL Background Thread 3 ] DEBUG Engine               - class com.almasb.fxgl.audio.AudioPlayer
00:47:53.756 [FXGL Background Thread 3 ] DEBUG Engine               - class com.almasb.fxgl.notification.impl.NotificationServiceProvider
00:47:53.756 [FXGL Background Thread 3 ] DEBUG Engine               - class com.almasb.fxgl.achievement.AchievementService
00:47:53.756 [FXGL Background Thread 3 ] DEBUG Engine               - class com.almasb.fxgl.cutscene.CutsceneService
00:47:53.757 [FXGL Background Thread 3 ] DEBUG Engine               - class com.almasb.fxgl.minigames.MiniGameService
00:47:53.757 [FXGL Background Thread 3 ] DEBUG Engine               - class com.almasb.fxgl.net.NetService
00:47:53.757 [FXGL Background Thread 3 ] DEBUG Engine               - class com.almasb.fxgl.app.services.UpdaterService
00:47:53.757 [FXGL Background Thread 3 ] DEBUG Engine               - class com.almasb.fxgl.dev.DevService
00:47:56.832 [JavaFX Application Thread] DEBUG FXGLAssetLoaderServi - Loading from file system: file:/home/diego/Documentos/concurrente/Restaurant/dario/Penguin_kitchen/target/classes/assets/textures/cliente.png
00:47:56.936 [JavaFX Application Thread] DEBUG FXGLAssetLoaderServi - Loading from file system: file:/home/diego/Documentos/concurrente/Restaurant/dario/Penguin_kitchen/target/classes/assets/textures/clienta.png
00:48:06.612 [JavaFX Application Thread] DEBUG FXGLApplication      - Exiting FXGL
00:48:06.612 [JavaFX Application Thread] DEBUG LoopRunner           - Stopping loop
00:48:06.612 [JavaFX Application Thread] DEBUG SystemBundleService  - Saving FXGL system data
00:48:06.618 [JavaFX Application Thread] DEBUG FileSystemAccess     - Writing to: /home/diego/Documentos/concurrente/Restaurant/dario/Penguin_kitchen/system/fxgl.bundle
00:48:06.627 [JavaFX Application Thread] DEBUG Async                - Shutting down background threads
00:48:06.628 [JavaFX Application Thread] DEBUG PrimaryStageWindow   - Closing main window
00:48:06.634 [JavaFX Application Thread] DEBUG Logger               - Closing Logger
